myHadoop: Setting MH_IPOIB_TRANSFORM='s/\([^.]*\).*$/\1.ibnet/' from myhadoop.conf
myHadoop: Setting MH_SCRATCH_DIR=/scratch/$USER/$SLURM_JOBID from myhadoop.conf
myHadoop: Using HADOOP_HOME=/opt/hadoop/2.6.0
myHadoop: Using MH_SCRATCH_DIR=/scratch/sxr3297/32892393
myHadoop: Using JAVA_HOME=/lib/jvm/java
myHadoop: Generating Hadoop configuration in directory in /home/sxr3297/cometcluster...
myHadoop: Backing up old config dir to /home/sxr3297/cometcluster.21...
‘/home/sxr3297/cometcluster’ -> ‘/home/sxr3297/cometcluster.21’
myHadoop: Designating comet-14-02.ibnet as master node (namenode, secondary namenode, and jobtracker)
myHadoop: The following nodes will be slaves (datanode, tasktracer):
comet-14-02.ibnet
comet-14-03.ibnet
20/04/24 12:10:07 INFO namenode.NameNode: STARTUP_MSG: 
/************************************************************
STARTUP_MSG: Starting NameNode
STARTUP_MSG:   host = comet-14-02.sdsc.edu/198.202.114.231
STARTUP_MSG:   args = [-format]
STARTUP_MSG:   version = 2.6.0
STARTUP_MSG:   classpath = /home/sxr3297/cometcluster:/opt/hadoop/2.6.0/share/hadoop/common/lib/commons-compress-1.4.1.jar:/opt/hadoop/2.6.0/share/hadoop/common/lib/commons-configuration-1.6.jar:/opt/hadoop/2.6.0/share/hadoop/common/lib/commons-cli-1.2.jar:/opt/hadoop/2.6.0/share/hadoop/common/lib/snappy-java-1.0.4.1.jar:/opt/hadoop/2.6.0/share/hadoop/common/lib/jetty-6.1.26.jar:/opt/hadoop/2.6.0/share/hadoop/common/lib/activation-1.1.jar:/opt/hadoop/2.6.0/share/hadoop/common/lib/commons-beanutils-core-1.8.0.jar:/opt/hadoop/2.6.0/share/hadoop/common/lib/hadoop-annotations-2.6.0.jar:/opt/hadoop/2.6.0/share/hadoop/common/lib/jersey-core-1.9.jar:/opt/hadoop/2.6.0/share/hadoop/common/lib/slf4j-log4j12-1.7.5.jar:/opt/hadoop/2.6.0/share/hadoop/common/lib/commons-net-3.1.jar:/opt/hadoop/2.6.0/share/hadoop/common/lib/httpclient-4.2.5.jar:/opt/hadoop/2.6.0/share/hadoop/common/lib/jersey-server-1.9.jar:/opt/hadoop/2.6.0/share/hadoop/common/lib/jackson-core-asl-1.9.13.jar:/opt/hadoop/2.6.0/share/hadoop/common/lib/gson-2.2.4.jar:/opt/hadoop/2.6.0/share/hadoop/common/lib/servlet-api-2.5.jar:/opt/hadoop/2.6.0/share/hadoop/common/lib/hamcrest-core-1.3.jar:/opt/hadoop/2.6.0/share/hadoop/common/lib/commons-beanutils-1.7.0.jar:/opt/hadoop/2.6.0/share/hadoop/common/lib/jettison-1.1.jar:/opt/hadoop/2.6.0/share/hadoop/common/lib/jersey-json-1.9.jar:/opt/hadoop/2.6.0/share/hadoop/common/lib/guava-11.0.2.jar:/opt/hadoop/2.6.0/share/hadoop/common/lib/commons-el-1.0.jar:/opt/hadoop/2.6.0/share/hadoop/common/lib/jsch-0.1.42.jar:/opt/hadoop/2.6.0/share/hadoop/common/lib/commons-codec-1.4.jar:/opt/hadoop/2.6.0/share/hadoop/common/lib/curator-recipes-2.6.0.jar:/opt/hadoop/2.6.0/share/hadoop/common/lib/jets3t-0.9.0.jar:/opt/hadoop/2.6.0/share/hadoop/common/lib/jackson-xc-1.9.13.jar:/opt/hadoop/2.6.0/share/hadoop/common/lib/commons-lang-2.6.jar:/opt/hadoop/2.6.0/share/hadoop/common/lib/zookeeper-3.4.6.jar:/opt/hadoop/2.6.0/share/hadoop/common/lib/httpcore-4.2.5.jar:/opt/hadoop/2.6.0/share/hadoop/common/lib/jsr305-1.3.9.jar:/opt/hadoop/2.6.0/share/hadoop/common/lib/netty-3.6.2.Final.jar:/opt/hadoop/2.6.0/share/hadoop/common/lib/commons-collections-3.2.1.jar:/opt/hadoop/2.6.0/share/hadoop/common/lib/protobuf-java-2.5.0.jar:/opt/hadoop/2.6.0/share/hadoop/common/lib/mockito-all-1.8.5.jar:/opt/hadoop/2.6.0/share/hadoop/common/lib/api-asn1-api-1.0.0-M20.jar:/opt/hadoop/2.6.0/share/hadoop/common/lib/jaxb-impl-2.2.3-1.jar:/opt/hadoop/2.6.0/share/hadoop/common/lib/commons-logging-1.1.3.jar:/opt/hadoop/2.6.0/share/hadoop/common/lib/jsp-api-2.1.jar:/opt/hadoop/2.6.0/share/hadoop/common/lib/junit-4.11.jar:/opt/hadoop/2.6.0/share/hadoop/common/lib/jasper-compiler-5.5.23.jar:/opt/hadoop/2.6.0/share/hadoop/common/lib/curator-framework-2.6.0.jar:/opt/hadoop/2.6.0/share/hadoop/common/lib/stax-api-1.0-2.jar:/opt/hadoop/2.6.0/share/hadoop/common/lib/commons-math3-3.1.1.jar:/opt/hadoop/2.6.0/share/hadoop/common/lib/jackson-mapper-asl-1.9.13.jar:/opt/hadoop/2.6.0/share/hadoop/common/lib/slf4j-api-1.7.5.jar:/opt/hadoop/2.6.0/share/hadoop/common/lib/paranamer-2.3.jar:/opt/hadoop/2.6.0/share/hadoop/common/lib/api-util-1.0.0-M20.jar:/opt/hadoop/2.6.0/share/hadoop/common/lib/curator-client-2.6.0.jar:/opt/hadoop/2.6.0/share/hadoop/common/lib/java-xmlbuilder-0.4.jar:/opt/hadoop/2.6.0/share/hadoop/common/lib/jaxb-api-2.2.2.jar:/opt/hadoop/2.6.0/share/hadoop/common/lib/log4j-1.2.17.jar:/opt/hadoop/2.6.0/share/hadoop/common/lib/commons-digester-1.8.jar:/opt/hadoop/2.6.0/share/hadoop/common/lib/apacheds-kerberos-codec-2.0.0-M15.jar:/opt/hadoop/2.6.0/share/hadoop/common/lib/jackson-jaxrs-1.9.13.jar:/opt/hadoop/2.6.0/share/hadoop/common/lib/commons-httpclient-3.1.jar:/opt/hadoop/2.6.0/share/hadoop/common/lib/jetty-util-6.1.26.jar:/opt/hadoop/2.6.0/share/hadoop/common/lib/xmlenc-0.52.jar:/opt/hadoop/2.6.0/share/hadoop/common/lib/avro-1.7.4.jar:/opt/hadoop/2.6.0/share/hadoop/common/lib/xz-1.0.jar:/opt/hadoop/2.6.0/share/hadoop/common/lib/asm-3.2.jar:/opt/hadoop/2.6.0/share/hadoop/common/lib/htrace-core-3.0.4.jar:/opt/hadoop/2.6.0/share/hadoop/common/lib/commons-io-2.4.jar:/opt/hadoop/2.6.0/share/hadoop/common/lib/hadoop-auth-2.6.0.jar:/opt/hadoop/2.6.0/share/hadoop/common/lib/jasper-runtime-5.5.23.jar:/opt/hadoop/2.6.0/share/hadoop/common/lib/apacheds-i18n-2.0.0-M15.jar:/opt/hadoop/2.6.0/share/hadoop/common/hadoop-common-2.6.0.jar:/opt/hadoop/2.6.0/share/hadoop/common/hadoop-common-2.6.0-tests.jar:/opt/hadoop/2.6.0/share/hadoop/common/hadoop-nfs-2.6.0.jar:/opt/hadoop/2.6.0/share/hadoop/hdfs:/opt/hadoop/2.6.0/share/hadoop/hdfs/lib/commons-cli-1.2.jar:/opt/hadoop/2.6.0/share/hadoop/hdfs/lib/jetty-6.1.26.jar:/opt/hadoop/2.6.0/share/hadoop/hdfs/lib/jersey-core-1.9.jar:/opt/hadoop/2.6.0/share/hadoop/hdfs/lib/commons-daemon-1.0.13.jar:/opt/hadoop/2.6.0/share/hadoop/hdfs/lib/jersey-server-1.9.jar:/opt/hadoop/2.6.0/share/hadoop/hdfs/lib/jackson-core-asl-1.9.13.jar:/opt/hadoop/2.6.0/share/hadoop/hdfs/lib/servlet-api-2.5.jar:/opt/hadoop/2.6.0/share/hadoop/hdfs/lib/guava-11.0.2.jar:/opt/hadoop/2.6.0/share/hadoop/hdfs/lib/commons-el-1.0.jar:/opt/hadoop/2.6.0/share/hadoop/hdfs/lib/xml-apis-1.3.04.jar:/opt/hadoop/2.6.0/share/hadoop/hdfs/lib/commons-codec-1.4.jar:/opt/hadoop/2.6.0/share/hadoop/hdfs/lib/xercesImpl-2.9.1.jar:/opt/hadoop/2.6.0/share/hadoop/hdfs/lib/commons-lang-2.6.jar:/opt/hadoop/2.6.0/share/hadoop/hdfs/lib/jsr305-1.3.9.jar:/opt/hadoop/2.6.0/share/hadoop/hdfs/lib/netty-3.6.2.Final.jar:/opt/hadoop/2.6.0/share/hadoop/hdfs/lib/protobuf-java-2.5.0.jar:/opt/hadoop/2.6.0/share/hadoop/hdfs/lib/commons-logging-1.1.3.jar:/opt/hadoop/2.6.0/share/hadoop/hdfs/lib/jsp-api-2.1.jar:/opt/hadoop/2.6.0/share/hadoop/hdfs/lib/jackson-mapper-asl-1.9.13.jar:/opt/hadoop/2.6.0/share/hadoop/hdfs/lib/log4j-1.2.17.jar:/opt/hadoop/2.6.0/share/hadoop/hdfs/lib/jetty-util-6.1.26.jar:/opt/hadoop/2.6.0/share/hadoop/hdfs/lib/xmlenc-0.52.jar:/opt/hadoop/2.6.0/share/hadoop/hdfs/lib/asm-3.2.jar:/opt/hadoop/2.6.0/share/hadoop/hdfs/lib/htrace-core-3.0.4.jar:/opt/hadoop/2.6.0/share/hadoop/hdfs/lib/commons-io-2.4.jar:/opt/hadoop/2.6.0/share/hadoop/hdfs/lib/jasper-runtime-5.5.23.jar:/opt/hadoop/2.6.0/share/hadoop/hdfs/hadoop-hdfs-nfs-2.6.0.jar:/opt/hadoop/2.6.0/share/hadoop/hdfs/hadoop-hdfs-2.6.0-tests.jar:/opt/hadoop/2.6.0/share/hadoop/hdfs/hadoop-hdfs-2.6.0.jar:/opt/hadoop/2.6.0/share/hadoop/yarn/lib/commons-compress-1.4.1.jar:/opt/hadoop/2.6.0/share/hadoop/yarn/lib/aopalliance-1.0.jar:/opt/hadoop/2.6.0/share/hadoop/yarn/lib/commons-cli-1.2.jar:/opt/hadoop/2.6.0/share/hadoop/yarn/lib/jetty-6.1.26.jar:/opt/hadoop/2.6.0/share/hadoop/yarn/lib/activation-1.1.jar:/opt/hadoop/2.6.0/share/hadoop/yarn/lib/jersey-core-1.9.jar:/opt/hadoop/2.6.0/share/hadoop/yarn/lib/jersey-server-1.9.jar:/opt/hadoop/2.6.0/share/hadoop/yarn/lib/jackson-core-asl-1.9.13.jar:/opt/hadoop/2.6.0/share/hadoop/yarn/lib/javax.inject-1.jar:/opt/hadoop/2.6.0/share/hadoop/yarn/lib/servlet-api-2.5.jar:/opt/hadoop/2.6.0/share/hadoop/yarn/lib/jettison-1.1.jar:/opt/hadoop/2.6.0/share/hadoop/yarn/lib/jersey-json-1.9.jar:/opt/hadoop/2.6.0/share/hadoop/yarn/lib/guava-11.0.2.jar:/opt/hadoop/2.6.0/share/hadoop/yarn/lib/guice-servlet-3.0.jar:/opt/hadoop/2.6.0/share/hadoop/yarn/lib/jersey-client-1.9.jar:/opt/hadoop/2.6.0/share/hadoop/yarn/lib/commons-codec-1.4.jar:/opt/hadoop/2.6.0/share/hadoop/yarn/lib/jackson-xc-1.9.13.jar:/opt/hadoop/2.6.0/share/hadoop/yarn/lib/commons-lang-2.6.jar:/opt/hadoop/2.6.0/share/hadoop/yarn/lib/zookeeper-3.4.6.jar:/opt/hadoop/2.6.0/share/hadoop/yarn/lib/jsr305-1.3.9.jar:/opt/hadoop/2.6.0/share/hadoop/yarn/lib/netty-3.6.2.Final.jar:/opt/hadoop/2.6.0/share/hadoop/yarn/lib/commons-collections-3.2.1.jar:/opt/hadoop/2.6.0/share/hadoop/yarn/lib/protobuf-java-2.5.0.jar:/opt/hadoop/2.6.0/share/hadoop/yarn/lib/jaxb-impl-2.2.3-1.jar:/opt/hadoop/2.6.0/share/hadoop/yarn/lib/commons-logging-1.1.3.jar:/opt/hadoop/2.6.0/share/hadoop/yarn/lib/stax-api-1.0-2.jar:/opt/hadoop/2.6.0/share/hadoop/yarn/lib/jackson-mapper-asl-1.9.13.jar:/opt/hadoop/2.6.0/share/hadoop/yarn/lib/leveldbjni-all-1.8.jar:/opt/hadoop/2.6.0/share/hadoop/yarn/lib/jline-0.9.94.jar:/opt/hadoop/2.6.0/share/hadoop/yarn/lib/jaxb-api-2.2.2.jar:/opt/hadoop/2.6.0/share/hadoop/yarn/lib/log4j-1.2.17.jar:/opt/hadoop/2.6.0/share/hadoop/yarn/lib/jackson-jaxrs-1.9.13.jar:/opt/hadoop/2.6.0/share/hadoop/yarn/lib/commons-httpclient-3.1.jar:/opt/hadoop/2.6.0/share/hadoop/yarn/lib/jetty-util-6.1.26.jar:/opt/hadoop/2.6.0/share/hadoop/yarn/lib/xz-1.0.jar:/opt/hadoop/2.6.0/share/hadoop/yarn/lib/asm-3.2.jar:/opt/hadoop/2.6.0/share/hadoop/yarn/lib/guice-3.0.jar:/opt/hadoop/2.6.0/share/hadoop/yarn/lib/commons-io-2.4.jar:/opt/hadoop/2.6.0/share/hadoop/yarn/lib/jersey-guice-1.9.jar:/opt/hadoop/2.6.0/share/hadoop/yarn/hadoop-yarn-registry-2.6.0.jar:/opt/hadoop/2.6.0/share/hadoop/yarn/hadoop-yarn-client-2.6.0.jar:/opt/hadoop/2.6.0/share/hadoop/yarn/hadoop-yarn-server-common-2.6.0.jar:/opt/hadoop/2.6.0/share/hadoop/yarn/hadoop-yarn-server-web-proxy-2.6.0.jar:/opt/hadoop/2.6.0/share/hadoop/yarn/hadoop-yarn-server-tests-2.6.0.jar:/opt/hadoop/2.6.0/share/hadoop/yarn/hadoop-yarn-common-2.6.0.jar:/opt/hadoop/2.6.0/share/hadoop/yarn/hadoop-yarn-api-2.6.0.jar:/opt/hadoop/2.6.0/share/hadoop/yarn/hadoop-yarn-applications-unmanaged-am-launcher-2.6.0.jar:/opt/hadoop/2.6.0/share/hadoop/yarn/hadoop-yarn-server-resourcemanager-2.6.0.jar:/opt/hadoop/2.6.0/share/hadoop/yarn/hadoop-yarn-server-nodemanager-2.6.0.jar:/opt/hadoop/2.6.0/share/hadoop/yarn/hadoop-yarn-server-applicationhistoryservice-2.6.0.jar:/opt/hadoop/2.6.0/share/hadoop/yarn/hadoop-yarn-applications-distributedshell-2.6.0.jar:/opt/hadoop/2.6.0/share/hadoop/mapreduce/lib/commons-compress-1.4.1.jar:/opt/hadoop/2.6.0/share/hadoop/mapreduce/lib/aopalliance-1.0.jar:/opt/hadoop/2.6.0/share/hadoop/mapreduce/lib/snappy-java-1.0.4.1.jar:/opt/hadoop/2.6.0/share/hadoop/mapreduce/lib/hadoop-annotations-2.6.0.jar:/opt/hadoop/2.6.0/share/hadoop/mapreduce/lib/jersey-core-1.9.jar:/opt/hadoop/2.6.0/share/hadoop/mapreduce/lib/jersey-server-1.9.jar:/opt/hadoop/2.6.0/share/hadoop/mapreduce/lib/jackson-core-asl-1.9.13.jar:/opt/hadoop/2.6.0/share/hadoop/mapreduce/lib/javax.inject-1.jar:/opt/hadoop/2.6.0/share/hadoop/mapreduce/lib/hamcrest-core-1.3.jar:/opt/hadoop/2.6.0/share/hadoop/mapreduce/lib/guice-servlet-3.0.jar:/opt/hadoop/2.6.0/share/hadoop/mapreduce/lib/netty-3.6.2.Final.jar:/opt/hadoop/2.6.0/share/hadoop/mapreduce/lib/protobuf-java-2.5.0.jar:/opt/hadoop/2.6.0/share/hadoop/mapreduce/lib/junit-4.11.jar:/opt/hadoop/2.6.0/share/hadoop/mapreduce/lib/jackson-mapper-asl-1.9.13.jar:/opt/hadoop/2.6.0/share/hadoop/mapreduce/lib/leveldbjni-all-1.8.jar:/opt/hadoop/2.6.0/share/hadoop/mapreduce/lib/paranamer-2.3.jar:/opt/hadoop/2.6.0/share/hadoop/mapreduce/lib/log4j-1.2.17.jar:/opt/hadoop/2.6.0/share/hadoop/mapreduce/lib/avro-1.7.4.jar:/opt/hadoop/2.6.0/share/hadoop/mapreduce/lib/xz-1.0.jar:/opt/hadoop/2.6.0/share/hadoop/mapreduce/lib/asm-3.2.jar:/opt/hadoop/2.6.0/share/hadoop/mapreduce/lib/guice-3.0.jar:/opt/hadoop/2.6.0/share/hadoop/mapreduce/lib/commons-io-2.4.jar:/opt/hadoop/2.6.0/share/hadoop/mapreduce/lib/jersey-guice-1.9.jar:/opt/hadoop/2.6.0/share/hadoop/mapreduce/hadoop-mapreduce-client-hs-plugins-2.6.0.jar:/opt/hadoop/2.6.0/share/hadoop/mapreduce/hadoop-mapreduce-client-hs-2.6.0.jar:/opt/hadoop/2.6.0/share/hadoop/mapreduce/hadoop-mapreduce-client-core-2.6.0.jar:/opt/hadoop/2.6.0/share/hadoop/mapreduce/hadoop-mapreduce-client-jobclient-2.6.0.jar:/opt/hadoop/2.6.0/share/hadoop/mapreduce/hadoop-mapreduce-examples-2.6.0.jar:/opt/hadoop/2.6.0/share/hadoop/mapreduce/hadoop-mapreduce-client-common-2.6.0.jar:/opt/hadoop/2.6.0/share/hadoop/mapreduce/hadoop-mapreduce-client-jobclient-2.6.0-tests.jar:/opt/hadoop/2.6.0/share/hadoop/mapreduce/hadoop-mapreduce-client-app-2.6.0.jar:/opt/hadoop/2.6.0/share/hadoop/mapreduce/hadoop-mapreduce-client-shuffle-2.6.0.jar:/opt/hadoop/2.6.0/contrib/capacity-scheduler/*.jar
STARTUP_MSG:   build = https://git-wip-us.apache.org/repos/asf/hadoop.git -r e3496499ecb8d220fba99dc5ed4c99c8f9e33bb1; compiled by 'jenkins' on 2014-11-13T21:10Z
STARTUP_MSG:   java = 1.8.0_212
************************************************************/
20/04/24 12:10:07 INFO namenode.NameNode: registered UNIX signal handlers for [TERM, HUP, INT]
20/04/24 12:10:07 INFO namenode.NameNode: createNameNode [-format]
20/04/24 12:10:08 WARN common.Util: Path /scratch/sxr3297/32892393/namenode_data should be specified as a URI in configuration files. Please update hdfs configuration.
20/04/24 12:10:08 WARN common.Util: Path /scratch/sxr3297/32892393/namenode_data should be specified as a URI in configuration files. Please update hdfs configuration.
Formatting using clusterid: CID-a8098d16-0de7-409b-a34d-d5309bea8ab9
20/04/24 12:10:08 INFO namenode.FSNamesystem: No KeyProvider found.
20/04/24 12:10:08 INFO namenode.FSNamesystem: fsLock is fair:true
20/04/24 12:10:08 INFO blockmanagement.DatanodeManager: dfs.block.invalidate.limit=1000
20/04/24 12:10:08 INFO blockmanagement.DatanodeManager: dfs.namenode.datanode.registration.ip-hostname-check=true
20/04/24 12:10:08 INFO blockmanagement.BlockManager: dfs.namenode.startup.delay.block.deletion.sec is set to 000:00:00:00.000
20/04/24 12:10:08 INFO blockmanagement.BlockManager: The block deletion will start around 2020 Apr 24 12:10:08
20/04/24 12:10:08 INFO util.GSet: Computing capacity for map BlocksMap
20/04/24 12:10:08 INFO util.GSet: VM type       = 64-bit
20/04/24 12:10:08 INFO util.GSet: 2.0% max memory 966.7 MB = 19.3 MB
20/04/24 12:10:08 INFO util.GSet: capacity      = 2^21 = 2097152 entries
20/04/24 12:10:08 INFO blockmanagement.BlockManager: dfs.block.access.token.enable=false
20/04/24 12:10:08 INFO blockmanagement.BlockManager: defaultReplication         = 3
20/04/24 12:10:08 INFO blockmanagement.BlockManager: maxReplication             = 512
20/04/24 12:10:08 INFO blockmanagement.BlockManager: minReplication             = 1
20/04/24 12:10:08 INFO blockmanagement.BlockManager: maxReplicationStreams      = 2
20/04/24 12:10:08 INFO blockmanagement.BlockManager: shouldCheckForEnoughRacks  = false
20/04/24 12:10:08 INFO blockmanagement.BlockManager: replicationRecheckInterval = 3000
20/04/24 12:10:08 INFO blockmanagement.BlockManager: encryptDataTransfer        = false
20/04/24 12:10:08 INFO blockmanagement.BlockManager: maxNumBlocksToLog          = 1000
20/04/24 12:10:08 INFO namenode.FSNamesystem: fsOwner             = sxr3297 (auth:SIMPLE)
20/04/24 12:10:08 INFO namenode.FSNamesystem: supergroup          = supergroup
20/04/24 12:10:08 INFO namenode.FSNamesystem: isPermissionEnabled = true
20/04/24 12:10:08 INFO namenode.FSNamesystem: HA Enabled: false
20/04/24 12:10:08 INFO namenode.FSNamesystem: Append Enabled: true
20/04/24 12:10:08 INFO util.GSet: Computing capacity for map INodeMap
20/04/24 12:10:08 INFO util.GSet: VM type       = 64-bit
20/04/24 12:10:08 INFO util.GSet: 1.0% max memory 966.7 MB = 9.7 MB
20/04/24 12:10:08 INFO util.GSet: capacity      = 2^20 = 1048576 entries
20/04/24 12:10:08 INFO namenode.NameNode: Caching file names occuring more than 10 times
20/04/24 12:10:08 INFO util.GSet: Computing capacity for map cachedBlocks
20/04/24 12:10:08 INFO util.GSet: VM type       = 64-bit
20/04/24 12:10:08 INFO util.GSet: 0.25% max memory 966.7 MB = 2.4 MB
20/04/24 12:10:08 INFO util.GSet: capacity      = 2^18 = 262144 entries
20/04/24 12:10:08 INFO namenode.FSNamesystem: dfs.namenode.safemode.threshold-pct = 0.9990000128746033
20/04/24 12:10:08 INFO namenode.FSNamesystem: dfs.namenode.safemode.min.datanodes = 0
20/04/24 12:10:08 INFO namenode.FSNamesystem: dfs.namenode.safemode.extension     = 30000
20/04/24 12:10:08 INFO namenode.FSNamesystem: Retry cache on namenode is enabled
20/04/24 12:10:08 INFO namenode.FSNamesystem: Retry cache will use 0.03 of total heap and retry cache entry expiry time is 600000 millis
20/04/24 12:10:08 INFO util.GSet: Computing capacity for map NameNodeRetryCache
20/04/24 12:10:08 INFO util.GSet: VM type       = 64-bit
20/04/24 12:10:08 INFO util.GSet: 0.029999999329447746% max memory 966.7 MB = 297.0 KB
20/04/24 12:10:08 INFO util.GSet: capacity      = 2^15 = 32768 entries
20/04/24 12:10:08 INFO namenode.NNConf: ACLs enabled? false
20/04/24 12:10:08 INFO namenode.NNConf: XAttrs enabled? true
20/04/24 12:10:08 INFO namenode.NNConf: Maximum size of an xattr: 16384
20/04/24 12:10:09 INFO namenode.FSImage: Allocated new BlockPoolId: BP-100206637-198.202.114.231-1587755408952
20/04/24 12:10:09 INFO common.Storage: Storage directory /scratch/sxr3297/32892393/namenode_data has been successfully formatted.
20/04/24 12:10:09 INFO namenode.NNStorageRetentionManager: Going to retain 1 images with txid >= 0
20/04/24 12:10:09 INFO util.ExitUtil: Exiting with status 0
20/04/24 12:10:09 INFO namenode.NameNode: SHUTDOWN_MSG: 
/************************************************************
SHUTDOWN_MSG: Shutting down NameNode at comet-14-02.sdsc.edu/198.202.114.231
************************************************************/
Starting namenodes on [comet-14-02.ibnet]
comet-14-02.ibnet: /home/sxr3297/.bashrc: line 1: x#: command not found
comet-14-02.ibnet: /home/sxr3297/.bashrc: line 1: x#: command not found
comet-14-02.ibnet: starting namenode, logging to /scratch/sxr3297/32892393/logs/hadoop-sxr3297-namenode-comet-14-02.sdsc.edu.out
comet-14-02.ibnet: /home/sxr3297/.bashrc: line 1: x#: command not found
comet-14-02.ibnet: /home/sxr3297/.bashrc: line 1: x#: command not found
comet-14-02.ibnet: /home/sxr3297/.bashrc: line 1: x#: command not found
comet-14-02.ibnet: starting datanode, logging to /scratch/sxr3297/32892393/logs/hadoop-sxr3297-datanode-comet-14-02.sdsc.edu.out
comet-14-02.ibnet: /home/sxr3297/.bashrc: line 1: x#: command not found
comet-14-03.ibnet: /home/sxr3297/.bashrc: line 1: x#: command not found
comet-14-03.ibnet: /home/sxr3297/.bashrc: line 1: x#: command not found
comet-14-03.ibnet: starting datanode, logging to /scratch/sxr3297/32892393/logs/hadoop-sxr3297-datanode-comet-14-03.sdsc.edu.out
comet-14-03.ibnet: /home/sxr3297/.bashrc: line 1: x#: command not found
Starting secondary namenodes [comet-14-02.ibnet]
comet-14-02.ibnet: /home/sxr3297/.bashrc: line 1: x#: command not found
comet-14-02.ibnet: /home/sxr3297/.bashrc: line 1: x#: command not found
comet-14-02.ibnet: starting secondarynamenode, logging to /scratch/sxr3297/32892393/logs/hadoop-sxr3297-secondarynamenode-comet-14-02.sdsc.edu.out
comet-14-02.ibnet: /home/sxr3297/.bashrc: line 1: x#: command not found
starting yarn daemons
starting resourcemanager, logging to /scratch/sxr3297/32892393/logs/yarn-sxr3297-resourcemanager-comet-14-02.out
comet-14-03.ibnet: /home/sxr3297/.bashrc: line 1: x#: command not found
comet-14-03.ibnet: /home/sxr3297/.bashrc: line 1: x#: command not found
comet-14-03.ibnet: starting nodemanager, logging to /scratch/sxr3297/32892393/logs/yarn-sxr3297-nodemanager-comet-14-03.sdsc.edu.out
comet-14-03.ibnet: /home/sxr3297/.bashrc: line 1: x#: command not found
comet-14-02.ibnet: /home/sxr3297/.bashrc: line 1: x#: command not found
comet-14-02.ibnet: /home/sxr3297/.bashrc: line 1: x#: command not found
comet-14-02.ibnet: starting nodemanager, logging to /scratch/sxr3297/32892393/logs/yarn-sxr3297-nodemanager-comet-14-02.sdsc.edu.out
comet-14-02.ibnet: /home/sxr3297/.bashrc: line 1: x#: command not found
which: no hbase in (/opt/hadoop/2.6.0/sbin:/opt/hadoop/contrib/myHadoop/bin:/opt/hadoop/2.6.0/bin:/opt/mvapich2/intel/ib/bin:/opt/intel/2018.1.163/compilers_and_libraries_2018.1.163/linux/bin/intel64:/usr/lib64/qt-3.3/bin:/usr/local/bin:/bin:/usr/bin:/usr/bin:/usr/local/sbin:/usr/sbin:/opt/sdsc/bin:/opt/sdsc/sbin:/opt/ibutils/bin:/opt/pdsh/bin:/opt/rocks/bin:/opt/rocks/sbin:/home/sxr3297/bin)
SLF4J: Class path contains multiple SLF4J bindings.
SLF4J: Found binding in [jar:file:/oasis/projects/nsf/uot143/fegaras/apache-hive-2.1.0-bin/lib/log4j-slf4j-impl-2.4.1.jar!/org/slf4j/impl/StaticLoggerBinder.class]
SLF4J: Found binding in [jar:file:/opt/hadoop/2.6.0/share/hadoop/common/lib/slf4j-log4j12-1.7.5.jar!/org/slf4j/impl/StaticLoggerBinder.class]
SLF4J: See http://www.slf4j.org/codes.html#multiple_bindings for an explanation.
SLF4J: Actual binding is of type [org.apache.logging.slf4j.Log4jLoggerFactory]

Logging initialized using configuration in jar:file:/oasis/projects/nsf/uot143/fegaras/apache-hive-2.1.0-bin/lib/hive-common-2.1.0.jar!/hive-log4j2.properties Async: true
OK
Time taken: 3.518 seconds
OK
Time taken: 0.646 seconds
Loading data to table default.colors
OK
Time taken: 2.85 seconds
WARNING: Hive-on-MR is deprecated in Hive 2 and may not be available in the future versions. Consider using a different execution engine (i.e. spark, tez) or using Hive 1.X releases.
Query ID = sxr3297_20200424121059_a7d16909-ade6-4298-bc32-752e435dcae4
Total jobs = 1
Launching Job 1 out of 1
Number of reduce tasks not specified. Estimated from input data size: 2
In order to change the average load for a reducer (in bytes):
  set hive.exec.reducers.bytes.per.reducer=<number>
In order to limit the maximum number of reducers:
  set hive.exec.reducers.max=<number>
In order to set a constant number of reducers:
  set mapreduce.job.reduces=<number>
Starting Job = job_1587755430705_0001, Tracking URL = http://comet-14-02.ibnet:8088/proxy/application_1587755430705_0001/
Kill Command = /opt/hadoop/2.6.0/bin/hadoop job  -kill job_1587755430705_0001
Hadoop job information for Stage-1: number of mappers: 2; number of reducers: 2
2020-04-24 12:11:13,877 Stage-1 map = 0%,  reduce = 0%
2020-04-24 12:11:21,232 Stage-1 map = 50%,  reduce = 0%, Cumulative CPU 4.46 sec
2020-04-24 12:11:26,487 Stage-1 map = 67%,  reduce = 0%, Cumulative CPU 15.71 sec
2020-04-24 12:11:28,564 Stage-1 map = 100%,  reduce = 0%, Cumulative CPU 18.48 sec
2020-04-24 12:11:29,631 Stage-1 map = 100%,  reduce = 100%, Cumulative CPU 21.6 sec
MapReduce Total cumulative CPU time: 21 seconds 600 msec
Ended Job = job_1587755430705_0001
MapReduce Jobs Launched: 
Stage-Stage-1: Map: 2  Reduce: 2   Cumulative CPU: 21.6 sec   HDFS Read: 321350727 HDFS Write: 6504 SUCCESS
Total MapReduce CPU Time Spent: 21 seconds 600 msec
OK
1	0	117179
1	2	117054
1	4	117277
1	6	117363
1	8	117410
1	10	116807
1	12	117764
1	14	117639
1	16	117177
1	18	117127
1	20	117158
1	22	117231
1	24	116942
1	26	117051
1	28	116746
1	30	117139
1	32	117401
1	34	117180
1	36	116868
1	38	117138
1	40	117286
1	42	116944
1	44	117391
1	46	117237
1	48	117201
1	50	116929
1	52	117019
1	54	117090
1	56	117283
1	58	117414
1	60	116963
1	62	116992
1	64	117423
1	66	117127
1	68	116746
1	70	117488
1	72	117425
1	74	117352
1	76	117562
1	78	117651
1	80	117301
1	82	117303
1	84	116972
1	86	116746
1	88	117006
1	90	117045
1	92	117119
1	94	116868
1	96	117368
1	98	117358
1	100	117652
1	102	117316
1	104	117326
1	106	117271
1	108	117732
1	110	117409
1	112	116978
1	114	117221
1	116	117463
1	118	117437
1	120	117425
1	122	117166
1	124	117136
1	126	117121
1	128	117316
1	130	117310
1	132	117311
1	134	117089
1	136	116868
1	138	116725
1	140	116830
1	142	117233
1	144	117338
1	146	116948
1	148	116564
1	150	117179
1	152	117163
1	154	117052
1	156	116983
1	158	116998
1	160	117060
1	162	117424
1	164	117300
1	166	117179
1	168	117258
1	170	117531
1	172	117395
1	174	117185
1	176	117066
1	178	116764
1	180	116967
1	182	117039
1	184	117041
1	186	116728
1	188	117319
1	190	117311
1	192	116842
1	194	117458
1	196	117515
1	198	116941
1	200	117160
1	202	117260
1	204	117188
1	206	117311
1	208	116877
1	210	117033
1	212	116949
1	214	117376
1	216	117177
1	218	117418
1	220	117356
1	222	117162
1	224	117087
1	226	117299
1	228	117467
1	230	117429
1	232	117541
1	234	117325
1	236	117265
1	238	117270
1	240	117280
1	242	116772
1	244	116702
1	246	117673
1	248	116975
1	250	117114
1	252	117181
1	254	117057
1	1	117240
1	3	117238
1	5	117354
1	7	117273
1	9	117095
1	11	117265
1	13	116921
1	15	117063
1	17	116889
1	19	117239
1	21	117004
1	23	117468
1	25	117327
1	27	116808
1	29	116757
1	31	117432
1	33	116909
1	35	117197
1	37	116973
1	39	117023
1	41	117229
1	43	117251
1	45	117035
1	47	117424
1	49	116777
1	51	117233
1	53	117260
1	55	117074
1	57	117100
1	59	117435
1	61	117142
1	63	117436
1	65	117294
1	67	117268
1	69	117276
1	71	117451
1	73	117365
1	75	117205
1	77	117274
1	79	117387
1	81	116588
1	83	117566
1	85	116878
1	87	117166
1	89	117068
1	91	117128
1	93	117477
1	95	117131
1	97	117560
1	99	117295
1	101	117229
1	103	117354
1	105	117118
1	107	117576
1	109	117451
1	111	117511
1	113	116828
1	115	117596
1	117	116766
1	119	117480
1	121	117063
1	123	116936
1	125	117052
1	127	116977
1	129	117598
1	131	117340
1	133	117666
1	135	116998
1	137	116855
1	139	117491
1	141	116630
1	143	117554
1	145	117112
1	147	116862
1	149	116803
1	151	117351
1	153	116916
1	155	117359
1	157	117073
1	159	117071
1	161	116990
1	163	116976
1	165	117333
1	167	117436
1	169	117185
1	171	117471
1	173	116789
1	175	117581
1	177	116854
1	179	117055
1	181	117429
1	183	116969
1	185	117016
1	187	117001
1	189	117094
1	191	116966
1	193	117032
1	195	117292
1	197	116923
1	199	117465
1	201	117423
1	203	117186
1	205	117030
1	207	117540
1	209	116924
1	211	117387
1	213	117015
1	215	117029
1	217	117367
1	219	117107
1	221	117039
1	223	117447
1	225	117027
1	227	117638
1	229	117662
1	231	117043
1	233	116951
1	235	117389
1	237	117189
1	239	117590
1	241	117258
1	243	117632
1	245	116907
1	247	117157
1	249	117155
1	251	117000
1	253	117243
1	255	117097
Time taken: 24.533 seconds, Fetched: 256 row(s)
WARNING: Hive-on-MR is deprecated in Hive 2 and may not be available in the future versions. Consider using a different execution engine (i.e. spark, tez) or using Hive 1.X releases.
Query ID = sxr3297_20200424121059_a7d16909-ade6-4298-bc32-752e435dcae4
Total jobs = 1
Launching Job 1 out of 1
Number of reduce tasks not specified. Estimated from input data size: 2
In order to change the average load for a reducer (in bytes):
  set hive.exec.reducers.bytes.per.reducer=<number>
In order to limit the maximum number of reducers:
  set hive.exec.reducers.max=<number>
In order to set a constant number of reducers:
  set mapreduce.job.reduces=<number>
Starting Job = job_1587755430705_0002, Tracking URL = http://comet-14-02.ibnet:8088/proxy/application_1587755430705_0002/
Kill Command = /opt/hadoop/2.6.0/bin/hadoop job  -kill job_1587755430705_0002
Hadoop job information for Stage-1: number of mappers: 2; number of reducers: 2
2020-04-24 12:11:35,854 Stage-1 map = 0%,  reduce = 0%
2020-04-24 12:11:42,104 Stage-1 map = 50%,  reduce = 0%, Cumulative CPU 4.54 sec
2020-04-24 12:11:48,313 Stage-1 map = 67%,  reduce = 0%, Cumulative CPU 15.71 sec
2020-04-24 12:11:52,209 Stage-1 map = 100%,  reduce = 100%, Cumulative CPU 21.57 sec
MapReduce Total cumulative CPU time: 21 seconds 570 msec
Ended Job = job_1587755430705_0002
MapReduce Jobs Launched: 
Stage-Stage-1: Map: 2  Reduce: 2   Cumulative CPU: 21.57 sec   HDFS Read: 321350731 HDFS Write: 6504 SUCCESS
Total MapReduce CPU Time Spent: 21 seconds 570 msec
OK
2	0	117148
2	2	117084
2	4	116922
2	6	117331
2	8	117429
2	10	117473
2	12	117545
2	14	117292
2	16	117174
2	18	117292
2	20	117319
2	22	117406
2	24	117222
2	26	117299
2	28	117349
2	30	117572
2	32	117097
2	34	117221
2	36	116977
2	38	117154
2	40	116890
2	42	117249
2	44	117501
2	46	117110
2	48	117549
2	50	117882
2	52	116893
2	54	117263
2	56	116998
2	58	117257
2	60	117473
2	62	117151
2	64	117125
2	66	116958
2	68	117066
2	70	117185
2	72	116952
2	74	117304
2	76	117112
2	78	117228
2	80	117447
2	82	117069
2	84	117288
2	86	117144
2	88	117069
2	90	117070
2	92	116871
2	94	116784
2	96	117450
2	98	116908
2	100	117158
2	102	117226
2	104	117013
2	106	117131
2	108	117762
2	110	117217
2	112	116738
2	114	117324
2	116	116937
2	118	117200
2	120	117047
2	122	117136
2	124	117415
2	126	117319
2	128	117128
2	130	117357
2	132	117178
2	134	117136
2	136	117393
2	138	117108
2	140	117113
2	142	116762
2	144	117962
2	146	117286
2	148	116659
2	150	117343
2	152	117296
2	154	117240
2	156	117235
2	158	117373
2	160	116907
2	162	117628
2	164	117533
2	166	117229
2	168	117320
2	170	117174
2	172	116957
2	174	117255
2	176	116766
2	178	117003
2	180	117346
2	182	117312
2	184	117336
2	186	117282
2	188	117439
2	190	117302
2	192	117406
2	194	116961
2	196	116905
2	198	117301
2	200	117283
2	202	117172
2	204	117579
2	206	116970
2	208	116964
2	210	117103
2	212	116736
2	214	117146
2	216	117469
2	218	117064
2	220	117187
2	222	117115
2	224	117264
2	226	116964
2	228	117098
2	230	117081
2	232	117049
2	234	117048
2	236	117306
2	238	117100
2	240	117052
2	242	117086
2	244	116862
2	246	116691
2	248	117157
2	250	116857
2	252	117125
2	254	117335
2	1	116742
2	3	117468
2	5	117084
2	7	117633
2	9	117538
2	11	117151
2	13	117185
2	15	116833
2	17	116987
2	19	117191
2	21	117012
2	23	117282
2	25	117480
2	27	117101
2	29	117225
2	31	117302
2	33	117556
2	35	117191
2	37	117501
2	39	117141
2	41	117023
2	43	117115
2	45	117148
2	47	117390
2	49	117117
2	51	116666
2	53	117322
2	55	116571
2	57	117086
2	59	117010
2	61	117830
2	63	116976
2	65	117557
2	67	117370
2	69	117196
2	71	116887
2	73	117590
2	75	117173
2	77	116914
2	79	117113
2	81	116755
2	83	117113
2	85	117546
2	87	117646
2	89	117018
2	91	117083
2	93	116841
2	95	117502
2	97	117511
2	99	117353
2	101	117520
2	103	117526
2	105	116995
2	107	117237
2	109	117387
2	111	117288
2	113	117384
2	115	117025
2	117	117567
2	119	117056
2	121	117200
2	123	117337
2	125	117219
2	127	117284
2	129	116891
2	131	117244
2	133	117131
2	135	117556
2	137	117291
2	139	116930
2	141	117237
2	143	116994
2	145	117034
2	147	116943
2	149	117116
2	151	117079
2	153	116909
2	155	116762
2	157	116932
2	159	116992
2	161	117157
2	163	117328
2	165	117178
2	167	117350
2	169	116852
2	171	116769
2	173	117288
2	175	117576
2	177	117166
2	179	117611
2	181	117093
2	183	116747
2	185	117551
2	187	117415
2	189	116922
2	191	117286
2	193	117201
2	195	116798
2	197	117413
2	199	117223
2	201	117797
2	203	117087
2	205	117686
2	207	117481
2	209	117228
2	211	117121
2	213	117289
2	215	117360
2	217	117156
2	219	116901
2	221	117272
2	223	116807
2	225	116893
2	227	117108
2	229	117148
2	231	116852
2	233	117151
2	235	117546
2	237	117176
2	239	117212
2	241	117504
2	243	117113
2	245	117307
2	247	117112
2	249	116470
2	251	117047
2	253	116835
2	255	117357
Time taken: 22.38 seconds, Fetched: 256 row(s)
WARNING: Hive-on-MR is deprecated in Hive 2 and may not be available in the future versions. Consider using a different execution engine (i.e. spark, tez) or using Hive 1.X releases.
Query ID = sxr3297_20200424121059_a7d16909-ade6-4298-bc32-752e435dcae4
Total jobs = 1
Launching Job 1 out of 1
Number of reduce tasks not specified. Estimated from input data size: 2
In order to change the average load for a reducer (in bytes):
  set hive.exec.reducers.bytes.per.reducer=<number>
In order to limit the maximum number of reducers:
  set hive.exec.reducers.max=<number>
In order to set a constant number of reducers:
  set mapreduce.job.reduces=<number>
Starting Job = job_1587755430705_0003, Tracking URL = http://comet-14-02.ibnet:8088/proxy/application_1587755430705_0003/
Kill Command = /opt/hadoop/2.6.0/bin/hadoop job  -kill job_1587755430705_0003
Hadoop job information for Stage-1: number of mappers: 2; number of reducers: 2
2020-04-24 12:11:57,210 Stage-1 map = 0%,  reduce = 0%
2020-04-24 12:12:04,458 Stage-1 map = 50%,  reduce = 0%, Cumulative CPU 4.71 sec
2020-04-24 12:12:09,602 Stage-1 map = 67%,  reduce = 0%, Cumulative CPU 16.26 sec
2020-04-24 12:12:12,687 Stage-1 map = 100%,  reduce = 0%, Cumulative CPU 19.36 sec
2020-04-24 12:12:13,718 Stage-1 map = 100%,  reduce = 100%, Cumulative CPU 22.5 sec
MapReduce Total cumulative CPU time: 22 seconds 500 msec
Ended Job = job_1587755430705_0003
MapReduce Jobs Launched: 
Stage-Stage-1: Map: 2  Reduce: 2   Cumulative CPU: 22.5 sec   HDFS Read: 321350729 HDFS Write: 6504 SUCCESS
Total MapReduce CPU Time Spent: 22 seconds 500 msec
OK
3	0	117131
3	2	117295
3	4	116947
3	6	116871
3	8	117389
3	10	117487
3	12	117521
3	14	117380
3	16	117260
3	18	117120
3	20	117283
3	22	116982
3	24	116927
3	26	117437
3	28	117627
3	30	117482
3	32	116749
3	34	117154
3	36	116881
3	38	117035
3	40	117197
3	42	117030
3	44	117850
3	46	117456
3	48	117242
3	50	117440
3	52	117055
3	54	116263
3	56	117238
3	58	116835
3	60	117197
3	62	116858
3	64	117357
3	66	117608
3	68	117067
3	70	117257
3	72	116964
3	74	117348
3	76	117053
3	78	117022
3	80	117760
3	82	117012
3	84	117269
3	86	117378
3	88	116834
3	90	117166
3	92	117274
3	94	116871
3	96	116913
3	98	117356
3	100	116940
3	102	117038
3	104	117203
3	106	116721
3	108	116790
3	110	117235
3	112	117002
3	114	117078
3	116	117198
3	118	117372
3	120	117268
3	122	117140
3	124	116565
3	126	117199
3	128	117179
3	130	117208
3	132	117668
3	134	117291
3	136	117116
3	138	117043
3	140	117239
3	142	117295
3	144	117019
3	146	117239
3	148	117428
3	150	117272
3	152	117249
3	154	117397
3	156	117111
3	158	117126
3	160	117231
3	162	117511
3	164	117114
3	166	117219
3	168	117354
3	170	117247
3	172	117065
3	174	117232
3	176	116755
3	178	117372
3	180	117227
3	182	116919
3	184	117607
3	186	117406
3	188	117312
3	190	116847
3	192	116897
3	194	117648
3	196	117209
3	198	117279
3	200	117142
3	202	117841
3	204	117275
3	206	116728
3	208	117292
3	210	117126
3	212	116660
3	214	117425
3	216	117220
3	218	117305
3	220	117544
3	222	117020
3	224	117846
3	226	116991
3	228	117093
3	230	116948
3	232	117459
3	234	117309
3	236	117004
3	238	117142
3	240	117352
3	242	117154
3	244	117096
3	246	117206
3	248	116641
3	250	117491
3	252	117551
3	254	116932
3	1	117639
3	3	117636
3	5	117484
3	7	117007
3	9	117160
3	11	117060
3	13	117143
3	15	117357
3	17	117676
3	19	117004
3	21	117373
3	23	117250
3	25	117622
3	27	116946
3	29	116983
3	31	117254
3	33	116871
3	35	116992
3	37	117133
3	39	116797
3	41	117301
3	43	117180
3	45	117484
3	47	117028
3	49	117273
3	51	117149
3	53	117250
3	55	117420
3	57	116654
3	59	117005
3	61	117296
3	63	116842
3	65	116845
3	67	117133
3	69	117330
3	71	117035
3	73	117180
3	75	117347
3	77	117430
3	79	117175
3	81	116956
3	83	117465
3	85	117161
3	87	117174
3	89	117721
3	91	117508
3	93	117133
3	95	116971
3	97	116827
3	99	116906
3	101	116751
3	103	116898
3	105	117244
3	107	117354
3	109	117239
3	111	117036
3	113	116874
3	115	117331
3	117	117152
3	119	117499
3	121	116782
3	123	116864
3	125	117105
3	127	117087
3	129	117181
3	131	117383
3	133	117393
3	135	117531
3	137	117013
3	139	117474
3	141	116919
3	143	117417
3	145	117255
3	147	117416
3	149	117018
3	151	117299
3	153	117485
3	155	117430
3	157	117321
3	159	117448
3	161	117241
3	163	117249
3	165	116859
3	167	116665
3	169	117139
3	171	117377
3	173	116939
3	175	117677
3	177	117266
3	179	117002
3	181	116903
3	183	117139
3	185	117341
3	187	117011
3	189	116964
3	191	117543
3	193	117397
3	195	117318
3	197	117366
3	199	117570
3	201	116870
3	203	117043
3	205	117278
3	207	117001
3	209	117312
3	211	116965
3	213	117027
3	215	117159
3	217	117577
3	219	117186
3	221	117467
3	223	117598
3	225	117236
3	227	117291
3	229	117542
3	231	116746
3	233	116947
3	235	117039
3	237	117208
3	239	116748
3	241	117077
3	243	117330
3	245	117084
3	247	117251
3	249	117638
3	251	117055
3	253	116772
3	255	116821
Time taken: 21.437 seconds, Fetched: 256 row(s)
stopping yarn daemons
stopping resourcemanager
comet-14-03.ibnet: /home/sxr3297/.bashrc: line 1: x#: command not found
comet-14-03.ibnet: /home/sxr3297/.bashrc: line 1: x#: command not found
comet-14-03.ibnet: stopping nodemanager
comet-14-03.ibnet: nodemanager did not stop gracefully after 5 seconds: killing with kill -9
comet-14-02.ibnet: /home/sxr3297/.bashrc: line 1: x#: command not found
comet-14-02.ibnet: /home/sxr3297/.bashrc: line 1: x#: command not found
comet-14-02.ibnet: stopping nodemanager
comet-14-02.ibnet: nodemanager did not stop gracefully after 5 seconds: killing with kill -9
no proxyserver to stop
Stopping namenodes on [comet-14-02.ibnet]
comet-14-02.ibnet: /home/sxr3297/.bashrc: line 1: x#: command not found
comet-14-02.ibnet: /home/sxr3297/.bashrc: line 1: x#: command not found
comet-14-02.ibnet: stopping namenode
comet-14-03.ibnet: /home/sxr3297/.bashrc: line 1: x#: command not found
comet-14-03.ibnet: /home/sxr3297/.bashrc: line 1: x#: command not found
comet-14-03.ibnet: stopping datanode
comet-14-02.ibnet: /home/sxr3297/.bashrc: line 1: x#: command not found
comet-14-02.ibnet: /home/sxr3297/.bashrc: line 1: x#: command not found
comet-14-02.ibnet: stopping datanode
Stopping secondary namenodes [comet-14-02.ibnet]
comet-14-02.ibnet: /home/sxr3297/.bashrc: line 1: x#: command not found
comet-14-02.ibnet: /home/sxr3297/.bashrc: line 1: x#: command not found
comet-14-02.ibnet: stopping secondarynamenode
Copying Hadoop logs back to /home/sxr3297/cometcluster/logs...
‘/scratch/sxr3297/32892393/logs’ -> ‘/home/sxr3297/cometcluster/logs’
‘/scratch/sxr3297/32892393/logs/yarn-sxr3297-resourcemanager-comet-14-02.out’ -> ‘/home/sxr3297/cometcluster/logs/yarn-sxr3297-resourcemanager-comet-14-02.out’
‘/scratch/sxr3297/32892393/logs/userlogs’ -> ‘/home/sxr3297/cometcluster/logs/userlogs’
‘/scratch/sxr3297/32892393/logs/userlogs/application_1587755430705_0002’ -> ‘/home/sxr3297/cometcluster/logs/userlogs/application_1587755430705_0002’
‘/scratch/sxr3297/32892393/logs/userlogs/application_1587755430705_0002/container_1587755430705_0002_01_000003’ -> ‘/home/sxr3297/cometcluster/logs/userlogs/application_1587755430705_0002/container_1587755430705_0002_01_000003’
‘/scratch/sxr3297/32892393/logs/userlogs/application_1587755430705_0002/container_1587755430705_0002_01_000003/stdout’ -> ‘/home/sxr3297/cometcluster/logs/userlogs/application_1587755430705_0002/container_1587755430705_0002_01_000003/stdout’
‘/scratch/sxr3297/32892393/logs/userlogs/application_1587755430705_0002/container_1587755430705_0002_01_000003/syslog’ -> ‘/home/sxr3297/cometcluster/logs/userlogs/application_1587755430705_0002/container_1587755430705_0002_01_000003/syslog’
‘/scratch/sxr3297/32892393/logs/userlogs/application_1587755430705_0002/container_1587755430705_0002_01_000003/stderr’ -> ‘/home/sxr3297/cometcluster/logs/userlogs/application_1587755430705_0002/container_1587755430705_0002_01_000003/stderr’
‘/scratch/sxr3297/32892393/logs/userlogs/application_1587755430705_0002/container_1587755430705_0002_01_000005’ -> ‘/home/sxr3297/cometcluster/logs/userlogs/application_1587755430705_0002/container_1587755430705_0002_01_000005’
‘/scratch/sxr3297/32892393/logs/userlogs/application_1587755430705_0002/container_1587755430705_0002_01_000005/stdout’ -> ‘/home/sxr3297/cometcluster/logs/userlogs/application_1587755430705_0002/container_1587755430705_0002_01_000005/stdout’
‘/scratch/sxr3297/32892393/logs/userlogs/application_1587755430705_0002/container_1587755430705_0002_01_000005/syslog’ -> ‘/home/sxr3297/cometcluster/logs/userlogs/application_1587755430705_0002/container_1587755430705_0002_01_000005/syslog’
‘/scratch/sxr3297/32892393/logs/userlogs/application_1587755430705_0002/container_1587755430705_0002_01_000005/stderr’ -> ‘/home/sxr3297/cometcluster/logs/userlogs/application_1587755430705_0002/container_1587755430705_0002_01_000005/stderr’
‘/scratch/sxr3297/32892393/logs/userlogs/application_1587755430705_0002/container_1587755430705_0002_01_000006’ -> ‘/home/sxr3297/cometcluster/logs/userlogs/application_1587755430705_0002/container_1587755430705_0002_01_000006’
‘/scratch/sxr3297/32892393/logs/userlogs/application_1587755430705_0002/container_1587755430705_0002_01_000006/stderr’ -> ‘/home/sxr3297/cometcluster/logs/userlogs/application_1587755430705_0002/container_1587755430705_0002_01_000006/stderr’
‘/scratch/sxr3297/32892393/logs/userlogs/application_1587755430705_0002/container_1587755430705_0002_01_000006/stdout’ -> ‘/home/sxr3297/cometcluster/logs/userlogs/application_1587755430705_0002/container_1587755430705_0002_01_000006/stdout’
‘/scratch/sxr3297/32892393/logs/userlogs/application_1587755430705_0002/container_1587755430705_0002_01_000006/syslog’ -> ‘/home/sxr3297/cometcluster/logs/userlogs/application_1587755430705_0002/container_1587755430705_0002_01_000006/syslog’
‘/scratch/sxr3297/32892393/logs/userlogs/application_1587755430705_0001’ -> ‘/home/sxr3297/cometcluster/logs/userlogs/application_1587755430705_0001’
‘/scratch/sxr3297/32892393/logs/userlogs/application_1587755430705_0001/container_1587755430705_0001_01_000004’ -> ‘/home/sxr3297/cometcluster/logs/userlogs/application_1587755430705_0001/container_1587755430705_0001_01_000004’
‘/scratch/sxr3297/32892393/logs/userlogs/application_1587755430705_0001/container_1587755430705_0001_01_000004/stderr’ -> ‘/home/sxr3297/cometcluster/logs/userlogs/application_1587755430705_0001/container_1587755430705_0001_01_000004/stderr’
‘/scratch/sxr3297/32892393/logs/userlogs/application_1587755430705_0001/container_1587755430705_0001_01_000004/stdout’ -> ‘/home/sxr3297/cometcluster/logs/userlogs/application_1587755430705_0001/container_1587755430705_0001_01_000004/stdout’
‘/scratch/sxr3297/32892393/logs/userlogs/application_1587755430705_0001/container_1587755430705_0001_01_000004/syslog’ -> ‘/home/sxr3297/cometcluster/logs/userlogs/application_1587755430705_0001/container_1587755430705_0001_01_000004/syslog’
‘/scratch/sxr3297/32892393/logs/userlogs/application_1587755430705_0001/container_1587755430705_0001_01_000001’ -> ‘/home/sxr3297/cometcluster/logs/userlogs/application_1587755430705_0001/container_1587755430705_0001_01_000001’
‘/scratch/sxr3297/32892393/logs/userlogs/application_1587755430705_0001/container_1587755430705_0001_01_000001/stderr’ -> ‘/home/sxr3297/cometcluster/logs/userlogs/application_1587755430705_0001/container_1587755430705_0001_01_000001/stderr’
‘/scratch/sxr3297/32892393/logs/userlogs/application_1587755430705_0001/container_1587755430705_0001_01_000001/syslog’ -> ‘/home/sxr3297/cometcluster/logs/userlogs/application_1587755430705_0001/container_1587755430705_0001_01_000001/syslog’
‘/scratch/sxr3297/32892393/logs/userlogs/application_1587755430705_0001/container_1587755430705_0001_01_000001/stdout’ -> ‘/home/sxr3297/cometcluster/logs/userlogs/application_1587755430705_0001/container_1587755430705_0001_01_000001/stdout’
‘/scratch/sxr3297/32892393/logs/userlogs/application_1587755430705_0001/container_1587755430705_0001_01_000006’ -> ‘/home/sxr3297/cometcluster/logs/userlogs/application_1587755430705_0001/container_1587755430705_0001_01_000006’
‘/scratch/sxr3297/32892393/logs/userlogs/application_1587755430705_0001/container_1587755430705_0001_01_000006/stderr’ -> ‘/home/sxr3297/cometcluster/logs/userlogs/application_1587755430705_0001/container_1587755430705_0001_01_000006/stderr’
‘/scratch/sxr3297/32892393/logs/userlogs/application_1587755430705_0001/container_1587755430705_0001_01_000006/syslog’ -> ‘/home/sxr3297/cometcluster/logs/userlogs/application_1587755430705_0001/container_1587755430705_0001_01_000006/syslog’
‘/scratch/sxr3297/32892393/logs/userlogs/application_1587755430705_0001/container_1587755430705_0001_01_000006/stdout’ -> ‘/home/sxr3297/cometcluster/logs/userlogs/application_1587755430705_0001/container_1587755430705_0001_01_000006/stdout’
‘/scratch/sxr3297/32892393/logs/userlogs/application_1587755430705_0001/container_1587755430705_0001_01_000002’ -> ‘/home/sxr3297/cometcluster/logs/userlogs/application_1587755430705_0001/container_1587755430705_0001_01_000002’
‘/scratch/sxr3297/32892393/logs/userlogs/application_1587755430705_0001/container_1587755430705_0001_01_000002/stderr’ -> ‘/home/sxr3297/cometcluster/logs/userlogs/application_1587755430705_0001/container_1587755430705_0001_01_000002/stderr’
‘/scratch/sxr3297/32892393/logs/userlogs/application_1587755430705_0001/container_1587755430705_0001_01_000002/stdout’ -> ‘/home/sxr3297/cometcluster/logs/userlogs/application_1587755430705_0001/container_1587755430705_0001_01_000002/stdout’
‘/scratch/sxr3297/32892393/logs/userlogs/application_1587755430705_0001/container_1587755430705_0001_01_000002/syslog’ -> ‘/home/sxr3297/cometcluster/logs/userlogs/application_1587755430705_0001/container_1587755430705_0001_01_000002/syslog’
‘/scratch/sxr3297/32892393/logs/userlogs/application_1587755430705_0003’ -> ‘/home/sxr3297/cometcluster/logs/userlogs/application_1587755430705_0003’
‘/scratch/sxr3297/32892393/logs/userlogs/application_1587755430705_0003/container_1587755430705_0003_01_000006’ -> ‘/home/sxr3297/cometcluster/logs/userlogs/application_1587755430705_0003/container_1587755430705_0003_01_000006’
‘/scratch/sxr3297/32892393/logs/userlogs/application_1587755430705_0003/container_1587755430705_0003_01_000006/stderr’ -> ‘/home/sxr3297/cometcluster/logs/userlogs/application_1587755430705_0003/container_1587755430705_0003_01_000006/stderr’
‘/scratch/sxr3297/32892393/logs/userlogs/application_1587755430705_0003/container_1587755430705_0003_01_000006/syslog’ -> ‘/home/sxr3297/cometcluster/logs/userlogs/application_1587755430705_0003/container_1587755430705_0003_01_000006/syslog’
‘/scratch/sxr3297/32892393/logs/userlogs/application_1587755430705_0003/container_1587755430705_0003_01_000006/stdout’ -> ‘/home/sxr3297/cometcluster/logs/userlogs/application_1587755430705_0003/container_1587755430705_0003_01_000006/stdout’
‘/scratch/sxr3297/32892393/logs/userlogs/application_1587755430705_0003/container_1587755430705_0003_01_000004’ -> ‘/home/sxr3297/cometcluster/logs/userlogs/application_1587755430705_0003/container_1587755430705_0003_01_000004’
‘/scratch/sxr3297/32892393/logs/userlogs/application_1587755430705_0003/container_1587755430705_0003_01_000004/stderr’ -> ‘/home/sxr3297/cometcluster/logs/userlogs/application_1587755430705_0003/container_1587755430705_0003_01_000004/stderr’
‘/scratch/sxr3297/32892393/logs/userlogs/application_1587755430705_0003/container_1587755430705_0003_01_000004/syslog’ -> ‘/home/sxr3297/cometcluster/logs/userlogs/application_1587755430705_0003/container_1587755430705_0003_01_000004/syslog’
‘/scratch/sxr3297/32892393/logs/userlogs/application_1587755430705_0003/container_1587755430705_0003_01_000004/stdout’ -> ‘/home/sxr3297/cometcluster/logs/userlogs/application_1587755430705_0003/container_1587755430705_0003_01_000004/stdout’
‘/scratch/sxr3297/32892393/logs/yarn-sxr3297-nodemanager-comet-14-02.sdsc.edu.out’ -> ‘/home/sxr3297/cometcluster/logs/yarn-sxr3297-nodemanager-comet-14-02.sdsc.edu.out’
‘/scratch/sxr3297/32892393/logs/hadoop-sxr3297-namenode-comet-14-02.sdsc.edu.log’ -> ‘/home/sxr3297/cometcluster/logs/hadoop-sxr3297-namenode-comet-14-02.sdsc.edu.log’
‘/scratch/sxr3297/32892393/logs/hadoop-sxr3297-secondarynamenode-comet-14-02.sdsc.edu.out’ -> ‘/home/sxr3297/cometcluster/logs/hadoop-sxr3297-secondarynamenode-comet-14-02.sdsc.edu.out’
‘/scratch/sxr3297/32892393/logs/SecurityAuth-sxr3297.audit’ -> ‘/home/sxr3297/cometcluster/logs/SecurityAuth-sxr3297.audit’
‘/scratch/sxr3297/32892393/logs/hadoop-sxr3297-datanode-comet-14-02.sdsc.edu.log’ -> ‘/home/sxr3297/cometcluster/logs/hadoop-sxr3297-datanode-comet-14-02.sdsc.edu.log’
‘/scratch/sxr3297/32892393/logs/hadoop-sxr3297-datanode-comet-14-02.sdsc.edu.out’ -> ‘/home/sxr3297/cometcluster/logs/hadoop-sxr3297-datanode-comet-14-02.sdsc.edu.out’
‘/scratch/sxr3297/32892393/logs/yarn-sxr3297-nodemanager-comet-14-02.sdsc.edu.log’ -> ‘/home/sxr3297/cometcluster/logs/yarn-sxr3297-nodemanager-comet-14-02.sdsc.edu.log’
‘/scratch/sxr3297/32892393/logs/hadoop-sxr3297-namenode-comet-14-02.sdsc.edu.out’ -> ‘/home/sxr3297/cometcluster/logs/hadoop-sxr3297-namenode-comet-14-02.sdsc.edu.out’
‘/scratch/sxr3297/32892393/logs/hadoop-sxr3297-secondarynamenode-comet-14-02.sdsc.edu.log’ -> ‘/home/sxr3297/cometcluster/logs/hadoop-sxr3297-secondarynamenode-comet-14-02.sdsc.edu.log’
‘/scratch/sxr3297/32892393/logs/yarn-sxr3297-resourcemanager-comet-14-02.log’ -> ‘/home/sxr3297/cometcluster/logs/yarn-sxr3297-resourcemanager-comet-14-02.log’
/home/sxr3297/.bashrc: line 1: x#: command not found
removed directory: ‘/scratch/sxr3297/32892393/mapred_scratch/filecache’
removed directory: ‘/scratch/sxr3297/32892393/mapred_scratch/nmPrivate’
removed directory: ‘/scratch/sxr3297/32892393/mapred_scratch/usercache/sxr3297/appcache’
removed ‘/scratch/sxr3297/32892393/mapred_scratch/usercache/sxr3297/filecache/10/.tmp_reduce.xml.crc’
removed ‘/scratch/sxr3297/32892393/mapred_scratch/usercache/sxr3297/filecache/10/reduce.xml’
removed directory: ‘/scratch/sxr3297/32892393/mapred_scratch/usercache/sxr3297/filecache/10’
removed ‘/scratch/sxr3297/32892393/mapred_scratch/usercache/sxr3297/filecache/14/.tmp_reduce.xml.crc’
removed ‘/scratch/sxr3297/32892393/mapred_scratch/usercache/sxr3297/filecache/14/reduce.xml’
removed directory: ‘/scratch/sxr3297/32892393/mapred_scratch/usercache/sxr3297/filecache/14’
removed ‘/scratch/sxr3297/32892393/mapred_scratch/usercache/sxr3297/filecache/13/map.xml’
removed ‘/scratch/sxr3297/32892393/mapred_scratch/usercache/sxr3297/filecache/13/.tmp_map.xml.crc’
removed directory: ‘/scratch/sxr3297/32892393/mapred_scratch/usercache/sxr3297/filecache/13’
removed ‘/scratch/sxr3297/32892393/mapred_scratch/usercache/sxr3297/filecache/11/.tmp_map.xml.crc’
removed ‘/scratch/sxr3297/32892393/mapred_scratch/usercache/sxr3297/filecache/11/map.xml’
removed directory: ‘/scratch/sxr3297/32892393/mapred_scratch/usercache/sxr3297/filecache/11’
removed ‘/scratch/sxr3297/32892393/mapred_scratch/usercache/sxr3297/filecache/12/.tmp_reduce.xml.crc’
removed ‘/scratch/sxr3297/32892393/mapred_scratch/usercache/sxr3297/filecache/12/reduce.xml’
removed directory: ‘/scratch/sxr3297/32892393/mapred_scratch/usercache/sxr3297/filecache/12’
removed ‘/scratch/sxr3297/32892393/mapred_scratch/usercache/sxr3297/filecache/15/map.xml’
removed ‘/scratch/sxr3297/32892393/mapred_scratch/usercache/sxr3297/filecache/15/.tmp_map.xml.crc’
removed directory: ‘/scratch/sxr3297/32892393/mapred_scratch/usercache/sxr3297/filecache/15’
removed directory: ‘/scratch/sxr3297/32892393/mapred_scratch/usercache/sxr3297/filecache’
removed directory: ‘/scratch/sxr3297/32892393/mapred_scratch/usercache/sxr3297’
removed directory: ‘/scratch/sxr3297/32892393/mapred_scratch/usercache’
removed directory: ‘/scratch/sxr3297/32892393/mapred_scratch’
removed ‘/scratch/sxr3297/32892393/tmp/dfs/namesecondary/current/fsimage_0000000000000000000’
removed ‘/scratch/sxr3297/32892393/tmp/dfs/namesecondary/current/edits_0000000000000000001-0000000000000000106’
removed ‘/scratch/sxr3297/32892393/tmp/dfs/namesecondary/current/fsimage_0000000000000000106.md5’
removed ‘/scratch/sxr3297/32892393/tmp/dfs/namesecondary/current/VERSION’
removed ‘/scratch/sxr3297/32892393/tmp/dfs/namesecondary/current/fsimage_0000000000000000000.md5’
removed ‘/scratch/sxr3297/32892393/tmp/dfs/namesecondary/current/fsimage_0000000000000000106’
removed directory: ‘/scratch/sxr3297/32892393/tmp/dfs/namesecondary/current’
removed directory: ‘/scratch/sxr3297/32892393/tmp/dfs/namesecondary’
removed directory: ‘/scratch/sxr3297/32892393/tmp/dfs’
removed directory: ‘/scratch/sxr3297/32892393/tmp’
removed ‘/scratch/sxr3297/32892393/namenode_data/current/fsimage_0000000000000000106.md5’
removed ‘/scratch/sxr3297/32892393/namenode_data/current/seen_txid’
removed ‘/scratch/sxr3297/32892393/namenode_data/current/edits_inprogress_0000000000000000107’
removed ‘/scratch/sxr3297/32892393/namenode_data/current/fsimage_0000000000000000106’
removed ‘/scratch/sxr3297/32892393/namenode_data/current/fsimage_0000000000000000000.md5’
removed ‘/scratch/sxr3297/32892393/namenode_data/current/fsimage_0000000000000000000’
removed ‘/scratch/sxr3297/32892393/namenode_data/current/edits_0000000000000000001-0000000000000000106’
removed ‘/scratch/sxr3297/32892393/namenode_data/current/VERSION’
removed directory: ‘/scratch/sxr3297/32892393/namenode_data/current’
removed directory: ‘/scratch/sxr3297/32892393/namenode_data’
removed ‘/scratch/sxr3297/32892393/hdfs_data/current/BP-100206637-198.202.114.231-1587755408952/current/VERSION’
removed ‘/scratch/sxr3297/32892393/hdfs_data/current/BP-100206637-198.202.114.231-1587755408952/current/dfsUsed’
removed directory: ‘/scratch/sxr3297/32892393/hdfs_data/current/BP-100206637-198.202.114.231-1587755408952/current/rbw’
removed ‘/scratch/sxr3297/32892393/hdfs_data/current/BP-100206637-198.202.114.231-1587755408952/current/finalized/subdir0/subdir0/blk_1073741829’
removed ‘/scratch/sxr3297/32892393/hdfs_data/current/BP-100206637-198.202.114.231-1587755408952/current/finalized/subdir0/subdir0/blk_1073741854_1030.meta’
removed ‘/scratch/sxr3297/32892393/hdfs_data/current/BP-100206637-198.202.114.231-1587755408952/current/finalized/subdir0/subdir0/blk_1073741854’
removed ‘/scratch/sxr3297/32892393/hdfs_data/current/BP-100206637-198.202.114.231-1587755408952/current/finalized/subdir0/subdir0/blk_1073741830’
removed ‘/scratch/sxr3297/32892393/hdfs_data/current/BP-100206637-198.202.114.231-1587755408952/current/finalized/subdir0/subdir0/blk_1073741828_1004.meta’
removed ‘/scratch/sxr3297/32892393/hdfs_data/current/BP-100206637-198.202.114.231-1587755408952/current/finalized/subdir0/subdir0/blk_1073741868_1044.meta’
removed ‘/scratch/sxr3297/32892393/hdfs_data/current/BP-100206637-198.202.114.231-1587755408952/current/finalized/subdir0/subdir0/blk_1073741841_1017.meta’
removed ‘/scratch/sxr3297/32892393/hdfs_data/current/BP-100206637-198.202.114.231-1587755408952/current/finalized/subdir0/subdir0/blk_1073741825_1001.meta’
removed ‘/scratch/sxr3297/32892393/hdfs_data/current/BP-100206637-198.202.114.231-1587755408952/current/finalized/subdir0/subdir0/blk_1073741829_1005.meta’
removed ‘/scratch/sxr3297/32892393/hdfs_data/current/BP-100206637-198.202.114.231-1587755408952/current/finalized/subdir0/subdir0/blk_1073741830_1006.meta’
removed ‘/scratch/sxr3297/32892393/hdfs_data/current/BP-100206637-198.202.114.231-1587755408952/current/finalized/subdir0/subdir0/blk_1073741869_1045.meta’
removed ‘/scratch/sxr3297/32892393/hdfs_data/current/BP-100206637-198.202.114.231-1587755408952/current/finalized/subdir0/subdir0/blk_1073741855_1031.meta’
removed ‘/scratch/sxr3297/32892393/hdfs_data/current/BP-100206637-198.202.114.231-1587755408952/current/finalized/subdir0/subdir0/blk_1073741843’
removed ‘/scratch/sxr3297/32892393/hdfs_data/current/BP-100206637-198.202.114.231-1587755408952/current/finalized/subdir0/subdir0/blk_1073741868’
removed ‘/scratch/sxr3297/32892393/hdfs_data/current/BP-100206637-198.202.114.231-1587755408952/current/finalized/subdir0/subdir0/blk_1073741827’
removed ‘/scratch/sxr3297/32892393/hdfs_data/current/BP-100206637-198.202.114.231-1587755408952/current/finalized/subdir0/subdir0/blk_1073741826_1002.meta’
removed ‘/scratch/sxr3297/32892393/hdfs_data/current/BP-100206637-198.202.114.231-1587755408952/current/finalized/subdir0/subdir0/blk_1073741825’
removed ‘/scratch/sxr3297/32892393/hdfs_data/current/BP-100206637-198.202.114.231-1587755408952/current/finalized/subdir0/subdir0/blk_1073741841’
removed ‘/scratch/sxr3297/32892393/hdfs_data/current/BP-100206637-198.202.114.231-1587755408952/current/finalized/subdir0/subdir0/blk_1073741842_1018.meta’
removed ‘/scratch/sxr3297/32892393/hdfs_data/current/BP-100206637-198.202.114.231-1587755408952/current/finalized/subdir0/subdir0/blk_1073741855’
removed ‘/scratch/sxr3297/32892393/hdfs_data/current/BP-100206637-198.202.114.231-1587755408952/current/finalized/subdir0/subdir0/blk_1073741828’
removed ‘/scratch/sxr3297/32892393/hdfs_data/current/BP-100206637-198.202.114.231-1587755408952/current/finalized/subdir0/subdir0/blk_1073741867’
removed ‘/scratch/sxr3297/32892393/hdfs_data/current/BP-100206637-198.202.114.231-1587755408952/current/finalized/subdir0/subdir0/blk_1073741869’
removed ‘/scratch/sxr3297/32892393/hdfs_data/current/BP-100206637-198.202.114.231-1587755408952/current/finalized/subdir0/subdir0/blk_1073741826’
removed ‘/scratch/sxr3297/32892393/hdfs_data/current/BP-100206637-198.202.114.231-1587755408952/current/finalized/subdir0/subdir0/blk_1073741856_1032.meta’
removed ‘/scratch/sxr3297/32892393/hdfs_data/current/BP-100206637-198.202.114.231-1587755408952/current/finalized/subdir0/subdir0/blk_1073741843_1019.meta’
removed ‘/scratch/sxr3297/32892393/hdfs_data/current/BP-100206637-198.202.114.231-1587755408952/current/finalized/subdir0/subdir0/blk_1073741842’
removed ‘/scratch/sxr3297/32892393/hdfs_data/current/BP-100206637-198.202.114.231-1587755408952/current/finalized/subdir0/subdir0/blk_1073741827_1003.meta’
removed ‘/scratch/sxr3297/32892393/hdfs_data/current/BP-100206637-198.202.114.231-1587755408952/current/finalized/subdir0/subdir0/blk_1073741856’
removed ‘/scratch/sxr3297/32892393/hdfs_data/current/BP-100206637-198.202.114.231-1587755408952/current/finalized/subdir0/subdir0/blk_1073741867_1043.meta’
removed directory: ‘/scratch/sxr3297/32892393/hdfs_data/current/BP-100206637-198.202.114.231-1587755408952/current/finalized/subdir0/subdir0’
removed directory: ‘/scratch/sxr3297/32892393/hdfs_data/current/BP-100206637-198.202.114.231-1587755408952/current/finalized/subdir0’
removed directory: ‘/scratch/sxr3297/32892393/hdfs_data/current/BP-100206637-198.202.114.231-1587755408952/current/finalized’
removed directory: ‘/scratch/sxr3297/32892393/hdfs_data/current/BP-100206637-198.202.114.231-1587755408952/current’
removed directory: ‘/scratch/sxr3297/32892393/hdfs_data/current/BP-100206637-198.202.114.231-1587755408952/tmp’
removed ‘/scratch/sxr3297/32892393/hdfs_data/current/BP-100206637-198.202.114.231-1587755408952/dncp_block_verification.log.prev’
removed ‘/scratch/sxr3297/32892393/hdfs_data/current/BP-100206637-198.202.114.231-1587755408952/dncp_block_verification.log.curr’
removed directory: ‘/scratch/sxr3297/32892393/hdfs_data/current/BP-100206637-198.202.114.231-1587755408952’
removed ‘/scratch/sxr3297/32892393/hdfs_data/current/VERSION’
removed directory: ‘/scratch/sxr3297/32892393/hdfs_data/current’
removed directory: ‘/scratch/sxr3297/32892393/hdfs_data’
removed directory: ‘/scratch/sxr3297/32892393/pids’
removed ‘/scratch/sxr3297/32892393/logs/yarn-sxr3297-resourcemanager-comet-14-02.out’
removed ‘/scratch/sxr3297/32892393/logs/userlogs/application_1587755430705_0002/container_1587755430705_0002_01_000003/stdout’
removed ‘/scratch/sxr3297/32892393/logs/userlogs/application_1587755430705_0002/container_1587755430705_0002_01_000003/syslog’
removed ‘/scratch/sxr3297/32892393/logs/userlogs/application_1587755430705_0002/container_1587755430705_0002_01_000003/stderr’
removed directory: ‘/scratch/sxr3297/32892393/logs/userlogs/application_1587755430705_0002/container_1587755430705_0002_01_000003’
removed ‘/scratch/sxr3297/32892393/logs/userlogs/application_1587755430705_0002/container_1587755430705_0002_01_000005/stdout’
removed ‘/scratch/sxr3297/32892393/logs/userlogs/application_1587755430705_0002/container_1587755430705_0002_01_000005/syslog’
removed ‘/scratch/sxr3297/32892393/logs/userlogs/application_1587755430705_0002/container_1587755430705_0002_01_000005/stderr’
removed directory: ‘/scratch/sxr3297/32892393/logs/userlogs/application_1587755430705_0002/container_1587755430705_0002_01_000005’
removed ‘/scratch/sxr3297/32892393/logs/userlogs/application_1587755430705_0002/container_1587755430705_0002_01_000006/stderr’
removed ‘/scratch/sxr3297/32892393/logs/userlogs/application_1587755430705_0002/container_1587755430705_0002_01_000006/stdout’
removed ‘/scratch/sxr3297/32892393/logs/userlogs/application_1587755430705_0002/container_1587755430705_0002_01_000006/syslog’
removed directory: ‘/scratch/sxr3297/32892393/logs/userlogs/application_1587755430705_0002/container_1587755430705_0002_01_000006’
removed directory: ‘/scratch/sxr3297/32892393/logs/userlogs/application_1587755430705_0002’
removed ‘/scratch/sxr3297/32892393/logs/userlogs/application_1587755430705_0001/container_1587755430705_0001_01_000004/stderr’
removed ‘/scratch/sxr3297/32892393/logs/userlogs/application_1587755430705_0001/container_1587755430705_0001_01_000004/stdout’
removed ‘/scratch/sxr3297/32892393/logs/userlogs/application_1587755430705_0001/container_1587755430705_0001_01_000004/syslog’
removed directory: ‘/scratch/sxr3297/32892393/logs/userlogs/application_1587755430705_0001/container_1587755430705_0001_01_000004’
removed ‘/scratch/sxr3297/32892393/logs/userlogs/application_1587755430705_0001/container_1587755430705_0001_01_000001/stderr’
removed ‘/scratch/sxr3297/32892393/logs/userlogs/application_1587755430705_0001/container_1587755430705_0001_01_000001/syslog’
removed ‘/scratch/sxr3297/32892393/logs/userlogs/application_1587755430705_0001/container_1587755430705_0001_01_000001/stdout’
removed directory: ‘/scratch/sxr3297/32892393/logs/userlogs/application_1587755430705_0001/container_1587755430705_0001_01_000001’
removed ‘/scratch/sxr3297/32892393/logs/userlogs/application_1587755430705_0001/container_1587755430705_0001_01_000006/stderr’
removed ‘/scratch/sxr3297/32892393/logs/userlogs/application_1587755430705_0001/container_1587755430705_0001_01_000006/syslog’
removed ‘/scratch/sxr3297/32892393/logs/userlogs/application_1587755430705_0001/container_1587755430705_0001_01_000006/stdout’
removed directory: ‘/scratch/sxr3297/32892393/logs/userlogs/application_1587755430705_0001/container_1587755430705_0001_01_000006’
removed ‘/scratch/sxr3297/32892393/logs/userlogs/application_1587755430705_0001/container_1587755430705_0001_01_000002/stderr’
removed ‘/scratch/sxr3297/32892393/logs/userlogs/application_1587755430705_0001/container_1587755430705_0001_01_000002/stdout’
removed ‘/scratch/sxr3297/32892393/logs/userlogs/application_1587755430705_0001/container_1587755430705_0001_01_000002/syslog’
removed directory: ‘/scratch/sxr3297/32892393/logs/userlogs/application_1587755430705_0001/container_1587755430705_0001_01_000002’
removed directory: ‘/scratch/sxr3297/32892393/logs/userlogs/application_1587755430705_0001’
removed ‘/scratch/sxr3297/32892393/logs/userlogs/application_1587755430705_0003/container_1587755430705_0003_01_000006/stderr’
removed ‘/scratch/sxr3297/32892393/logs/userlogs/application_1587755430705_0003/container_1587755430705_0003_01_000006/syslog’
removed ‘/scratch/sxr3297/32892393/logs/userlogs/application_1587755430705_0003/container_1587755430705_0003_01_000006/stdout’
removed directory: ‘/scratch/sxr3297/32892393/logs/userlogs/application_1587755430705_0003/container_1587755430705_0003_01_000006’
removed ‘/scratch/sxr3297/32892393/logs/userlogs/application_1587755430705_0003/container_1587755430705_0003_01_000004/stderr’
removed ‘/scratch/sxr3297/32892393/logs/userlogs/application_1587755430705_0003/container_1587755430705_0003_01_000004/syslog’
removed ‘/scratch/sxr3297/32892393/logs/userlogs/application_1587755430705_0003/container_1587755430705_0003_01_000004/stdout’
removed directory: ‘/scratch/sxr3297/32892393/logs/userlogs/application_1587755430705_0003/container_1587755430705_0003_01_000004’
removed directory: ‘/scratch/sxr3297/32892393/logs/userlogs/application_1587755430705_0003’
removed directory: ‘/scratch/sxr3297/32892393/logs/userlogs’
removed ‘/scratch/sxr3297/32892393/logs/yarn-sxr3297-nodemanager-comet-14-02.sdsc.edu.out’
removed ‘/scratch/sxr3297/32892393/logs/hadoop-sxr3297-namenode-comet-14-02.sdsc.edu.log’
removed ‘/scratch/sxr3297/32892393/logs/hadoop-sxr3297-secondarynamenode-comet-14-02.sdsc.edu.out’
removed ‘/scratch/sxr3297/32892393/logs/SecurityAuth-sxr3297.audit’
removed ‘/scratch/sxr3297/32892393/logs/hadoop-sxr3297-datanode-comet-14-02.sdsc.edu.log’
removed ‘/scratch/sxr3297/32892393/logs/hadoop-sxr3297-datanode-comet-14-02.sdsc.edu.out’
removed ‘/scratch/sxr3297/32892393/logs/yarn-sxr3297-nodemanager-comet-14-02.sdsc.edu.log’
removed ‘/scratch/sxr3297/32892393/logs/hadoop-sxr3297-namenode-comet-14-02.sdsc.edu.out’
removed ‘/scratch/sxr3297/32892393/logs/hadoop-sxr3297-secondarynamenode-comet-14-02.sdsc.edu.log’
removed ‘/scratch/sxr3297/32892393/logs/yarn-sxr3297-resourcemanager-comet-14-02.log’
removed directory: ‘/scratch/sxr3297/32892393/logs’
/home/sxr3297/.bashrc: line 1: x#: command not found
removed directory: ‘/scratch/sxr3297/32892393/mapred_scratch/filecache’
removed ‘/scratch/sxr3297/32892393/mapred_scratch/usercache/sxr3297/filecache/11/map.xml’
removed ‘/scratch/sxr3297/32892393/mapred_scratch/usercache/sxr3297/filecache/11/.tmp_map.xml.crc’
removed directory: ‘/scratch/sxr3297/32892393/mapred_scratch/usercache/sxr3297/filecache/11’
removed ‘/scratch/sxr3297/32892393/mapred_scratch/usercache/sxr3297/filecache/15/.tmp_map.xml.crc’
removed ‘/scratch/sxr3297/32892393/mapred_scratch/usercache/sxr3297/filecache/15/map.xml’
removed directory: ‘/scratch/sxr3297/32892393/mapred_scratch/usercache/sxr3297/filecache/15’
removed ‘/scratch/sxr3297/32892393/mapred_scratch/usercache/sxr3297/filecache/12/reduce.xml’
removed ‘/scratch/sxr3297/32892393/mapred_scratch/usercache/sxr3297/filecache/12/.tmp_reduce.xml.crc’
removed directory: ‘/scratch/sxr3297/32892393/mapred_scratch/usercache/sxr3297/filecache/12’
removed ‘/scratch/sxr3297/32892393/mapred_scratch/usercache/sxr3297/filecache/10/.tmp_reduce.xml.crc’
removed ‘/scratch/sxr3297/32892393/mapred_scratch/usercache/sxr3297/filecache/10/reduce.xml’
removed directory: ‘/scratch/sxr3297/32892393/mapred_scratch/usercache/sxr3297/filecache/10’
removed ‘/scratch/sxr3297/32892393/mapred_scratch/usercache/sxr3297/filecache/13/.tmp_map.xml.crc’
removed ‘/scratch/sxr3297/32892393/mapred_scratch/usercache/sxr3297/filecache/13/map.xml’
removed directory: ‘/scratch/sxr3297/32892393/mapred_scratch/usercache/sxr3297/filecache/13’
removed ‘/scratch/sxr3297/32892393/mapred_scratch/usercache/sxr3297/filecache/14/reduce.xml’
removed ‘/scratch/sxr3297/32892393/mapred_scratch/usercache/sxr3297/filecache/14/.tmp_reduce.xml.crc’
removed directory: ‘/scratch/sxr3297/32892393/mapred_scratch/usercache/sxr3297/filecache/14’
removed directory: ‘/scratch/sxr3297/32892393/mapred_scratch/usercache/sxr3297/filecache’
removed directory: ‘/scratch/sxr3297/32892393/mapred_scratch/usercache/sxr3297/appcache’
removed directory: ‘/scratch/sxr3297/32892393/mapred_scratch/usercache/sxr3297’
removed directory: ‘/scratch/sxr3297/32892393/mapred_scratch/usercache’
removed directory: ‘/scratch/sxr3297/32892393/mapred_scratch/nmPrivate’
removed directory: ‘/scratch/sxr3297/32892393/mapred_scratch’
removed ‘/scratch/sxr3297/32892393/hdfs_data/current/BP-100206637-198.202.114.231-1587755408952/current/dfsUsed’
removed ‘/scratch/sxr3297/32892393/hdfs_data/current/BP-100206637-198.202.114.231-1587755408952/current/finalized/subdir0/subdir0/blk_1073741825’
removed ‘/scratch/sxr3297/32892393/hdfs_data/current/BP-100206637-198.202.114.231-1587755408952/current/finalized/subdir0/subdir0/blk_1073741842_1018.meta’
removed ‘/scratch/sxr3297/32892393/hdfs_data/current/BP-100206637-198.202.114.231-1587755408952/current/finalized/subdir0/subdir0/blk_1073741841’
removed ‘/scratch/sxr3297/32892393/hdfs_data/current/BP-100206637-198.202.114.231-1587755408952/current/finalized/subdir0/subdir0/blk_1073741826_1002.meta’
removed ‘/scratch/sxr3297/32892393/hdfs_data/current/BP-100206637-198.202.114.231-1587755408952/current/finalized/subdir0/subdir0/blk_1073741855’
removed ‘/scratch/sxr3297/32892393/hdfs_data/current/BP-100206637-198.202.114.231-1587755408952/current/finalized/subdir0/subdir0/blk_1073741828’
removed ‘/scratch/sxr3297/32892393/hdfs_data/current/BP-100206637-198.202.114.231-1587755408952/current/finalized/subdir0/subdir0/blk_1073741867’
removed ‘/scratch/sxr3297/32892393/hdfs_data/current/BP-100206637-198.202.114.231-1587755408952/current/finalized/subdir0/subdir0/blk_1073741869’
removed ‘/scratch/sxr3297/32892393/hdfs_data/current/BP-100206637-198.202.114.231-1587755408952/current/finalized/subdir0/subdir0/blk_1073741827_1003.meta’
removed ‘/scratch/sxr3297/32892393/hdfs_data/current/BP-100206637-198.202.114.231-1587755408952/current/finalized/subdir0/subdir0/blk_1073741826’
removed ‘/scratch/sxr3297/32892393/hdfs_data/current/BP-100206637-198.202.114.231-1587755408952/current/finalized/subdir0/subdir0/blk_1073741842’
removed ‘/scratch/sxr3297/32892393/hdfs_data/current/BP-100206637-198.202.114.231-1587755408952/current/finalized/subdir0/subdir0/blk_1073741867_1043.meta’
removed ‘/scratch/sxr3297/32892393/hdfs_data/current/BP-100206637-198.202.114.231-1587755408952/current/finalized/subdir0/subdir0/blk_1073741843_1019.meta’
removed ‘/scratch/sxr3297/32892393/hdfs_data/current/BP-100206637-198.202.114.231-1587755408952/current/finalized/subdir0/subdir0/blk_1073741856’
removed ‘/scratch/sxr3297/32892393/hdfs_data/current/BP-100206637-198.202.114.231-1587755408952/current/finalized/subdir0/subdir0/blk_1073741856_1032.meta’
removed ‘/scratch/sxr3297/32892393/hdfs_data/current/BP-100206637-198.202.114.231-1587755408952/current/finalized/subdir0/subdir0/blk_1073741828_1004.meta’
removed ‘/scratch/sxr3297/32892393/hdfs_data/current/BP-100206637-198.202.114.231-1587755408952/current/finalized/subdir0/subdir0/blk_1073741829’
removed ‘/scratch/sxr3297/32892393/hdfs_data/current/BP-100206637-198.202.114.231-1587755408952/current/finalized/subdir0/subdir0/blk_1073741854’
removed ‘/scratch/sxr3297/32892393/hdfs_data/current/BP-100206637-198.202.114.231-1587755408952/current/finalized/subdir0/subdir0/blk_1073741830’
removed ‘/scratch/sxr3297/32892393/hdfs_data/current/BP-100206637-198.202.114.231-1587755408952/current/finalized/subdir0/subdir0/blk_1073741825_1001.meta’
removed ‘/scratch/sxr3297/32892393/hdfs_data/current/BP-100206637-198.202.114.231-1587755408952/current/finalized/subdir0/subdir0/blk_1073741841_1017.meta’
removed ‘/scratch/sxr3297/32892393/hdfs_data/current/BP-100206637-198.202.114.231-1587755408952/current/finalized/subdir0/subdir0/blk_1073741868_1044.meta’
removed ‘/scratch/sxr3297/32892393/hdfs_data/current/BP-100206637-198.202.114.231-1587755408952/current/finalized/subdir0/subdir0/blk_1073741854_1030.meta’
removed ‘/scratch/sxr3297/32892393/hdfs_data/current/BP-100206637-198.202.114.231-1587755408952/current/finalized/subdir0/subdir0/blk_1073741855_1031.meta’
removed ‘/scratch/sxr3297/32892393/hdfs_data/current/BP-100206637-198.202.114.231-1587755408952/current/finalized/subdir0/subdir0/blk_1073741830_1006.meta’
removed ‘/scratch/sxr3297/32892393/hdfs_data/current/BP-100206637-198.202.114.231-1587755408952/current/finalized/subdir0/subdir0/blk_1073741829_1005.meta’
removed ‘/scratch/sxr3297/32892393/hdfs_data/current/BP-100206637-198.202.114.231-1587755408952/current/finalized/subdir0/subdir0/blk_1073741843’
removed ‘/scratch/sxr3297/32892393/hdfs_data/current/BP-100206637-198.202.114.231-1587755408952/current/finalized/subdir0/subdir0/blk_1073741868’
removed ‘/scratch/sxr3297/32892393/hdfs_data/current/BP-100206637-198.202.114.231-1587755408952/current/finalized/subdir0/subdir0/blk_1073741869_1045.meta’
removed ‘/scratch/sxr3297/32892393/hdfs_data/current/BP-100206637-198.202.114.231-1587755408952/current/finalized/subdir0/subdir0/blk_1073741827’
removed directory: ‘/scratch/sxr3297/32892393/hdfs_data/current/BP-100206637-198.202.114.231-1587755408952/current/finalized/subdir0/subdir0’
removed directory: ‘/scratch/sxr3297/32892393/hdfs_data/current/BP-100206637-198.202.114.231-1587755408952/current/finalized/subdir0’
removed directory: ‘/scratch/sxr3297/32892393/hdfs_data/current/BP-100206637-198.202.114.231-1587755408952/current/finalized’
removed ‘/scratch/sxr3297/32892393/hdfs_data/current/BP-100206637-198.202.114.231-1587755408952/current/VERSION’
removed directory: ‘/scratch/sxr3297/32892393/hdfs_data/current/BP-100206637-198.202.114.231-1587755408952/current/rbw’
removed directory: ‘/scratch/sxr3297/32892393/hdfs_data/current/BP-100206637-198.202.114.231-1587755408952/current’
removed ‘/scratch/sxr3297/32892393/hdfs_data/current/BP-100206637-198.202.114.231-1587755408952/dncp_block_verification.log.prev’
removed ‘/scratch/sxr3297/32892393/hdfs_data/current/BP-100206637-198.202.114.231-1587755408952/dncp_block_verification.log.curr’
removed directory: ‘/scratch/sxr3297/32892393/hdfs_data/current/BP-100206637-198.202.114.231-1587755408952/tmp’
removed directory: ‘/scratch/sxr3297/32892393/hdfs_data/current/BP-100206637-198.202.114.231-1587755408952’
removed ‘/scratch/sxr3297/32892393/hdfs_data/current/VERSION’
removed directory: ‘/scratch/sxr3297/32892393/hdfs_data/current’
removed directory: ‘/scratch/sxr3297/32892393/hdfs_data’
removed directory: ‘/scratch/sxr3297/32892393/pids’
removed ‘/scratch/sxr3297/32892393/logs/SecurityAuth-sxr3297.audit’
removed ‘/scratch/sxr3297/32892393/logs/yarn-sxr3297-nodemanager-comet-14-03.sdsc.edu.out’
removed ‘/scratch/sxr3297/32892393/logs/hadoop-sxr3297-datanode-comet-14-03.sdsc.edu.out’
removed ‘/scratch/sxr3297/32892393/logs/hadoop-sxr3297-datanode-comet-14-03.sdsc.edu.log’
removed ‘/scratch/sxr3297/32892393/logs/yarn-sxr3297-nodemanager-comet-14-03.sdsc.edu.log’
removed ‘/scratch/sxr3297/32892393/logs/userlogs/application_1587755430705_0003/container_1587755430705_0003_01_000001/stderr’
removed ‘/scratch/sxr3297/32892393/logs/userlogs/application_1587755430705_0003/container_1587755430705_0003_01_000001/stdout’
removed ‘/scratch/sxr3297/32892393/logs/userlogs/application_1587755430705_0003/container_1587755430705_0003_01_000001/syslog’
removed directory: ‘/scratch/sxr3297/32892393/logs/userlogs/application_1587755430705_0003/container_1587755430705_0003_01_000001’
removed ‘/scratch/sxr3297/32892393/logs/userlogs/application_1587755430705_0003/container_1587755430705_0003_01_000002/stderr’
removed ‘/scratch/sxr3297/32892393/logs/userlogs/application_1587755430705_0003/container_1587755430705_0003_01_000002/stdout’
removed ‘/scratch/sxr3297/32892393/logs/userlogs/application_1587755430705_0003/container_1587755430705_0003_01_000002/syslog’
removed directory: ‘/scratch/sxr3297/32892393/logs/userlogs/application_1587755430705_0003/container_1587755430705_0003_01_000002’
removed ‘/scratch/sxr3297/32892393/logs/userlogs/application_1587755430705_0003/container_1587755430705_0003_01_000005/stderr’
removed ‘/scratch/sxr3297/32892393/logs/userlogs/application_1587755430705_0003/container_1587755430705_0003_01_000005/stdout’
removed ‘/scratch/sxr3297/32892393/logs/userlogs/application_1587755430705_0003/container_1587755430705_0003_01_000005/syslog’
removed directory: ‘/scratch/sxr3297/32892393/logs/userlogs/application_1587755430705_0003/container_1587755430705_0003_01_000005’
removed ‘/scratch/sxr3297/32892393/logs/userlogs/application_1587755430705_0003/container_1587755430705_0003_01_000003/stdout’
removed ‘/scratch/sxr3297/32892393/logs/userlogs/application_1587755430705_0003/container_1587755430705_0003_01_000003/syslog’
removed ‘/scratch/sxr3297/32892393/logs/userlogs/application_1587755430705_0003/container_1587755430705_0003_01_000003/stderr’
removed directory: ‘/scratch/sxr3297/32892393/logs/userlogs/application_1587755430705_0003/container_1587755430705_0003_01_000003’
removed directory: ‘/scratch/sxr3297/32892393/logs/userlogs/application_1587755430705_0003’
removed ‘/scratch/sxr3297/32892393/logs/userlogs/application_1587755430705_0001/container_1587755430705_0001_01_000005/stdout’
removed ‘/scratch/sxr3297/32892393/logs/userlogs/application_1587755430705_0001/container_1587755430705_0001_01_000005/syslog’
removed ‘/scratch/sxr3297/32892393/logs/userlogs/application_1587755430705_0001/container_1587755430705_0001_01_000005/stderr’
removed directory: ‘/scratch/sxr3297/32892393/logs/userlogs/application_1587755430705_0001/container_1587755430705_0001_01_000005’
removed ‘/scratch/sxr3297/32892393/logs/userlogs/application_1587755430705_0001/container_1587755430705_0001_01_000003/stdout’
removed ‘/scratch/sxr3297/32892393/logs/userlogs/application_1587755430705_0001/container_1587755430705_0001_01_000003/syslog’
removed ‘/scratch/sxr3297/32892393/logs/userlogs/application_1587755430705_0001/container_1587755430705_0001_01_000003/stderr’
removed directory: ‘/scratch/sxr3297/32892393/logs/userlogs/application_1587755430705_0001/container_1587755430705_0001_01_000003’
removed directory: ‘/scratch/sxr3297/32892393/logs/userlogs/application_1587755430705_0001’
removed ‘/scratch/sxr3297/32892393/logs/userlogs/application_1587755430705_0002/container_1587755430705_0002_01_000001/syslog’
removed ‘/scratch/sxr3297/32892393/logs/userlogs/application_1587755430705_0002/container_1587755430705_0002_01_000001/stdout’
removed ‘/scratch/sxr3297/32892393/logs/userlogs/application_1587755430705_0002/container_1587755430705_0002_01_000001/stderr’
removed directory: ‘/scratch/sxr3297/32892393/logs/userlogs/application_1587755430705_0002/container_1587755430705_0002_01_000001’
removed ‘/scratch/sxr3297/32892393/logs/userlogs/application_1587755430705_0002/container_1587755430705_0002_01_000002/stderr’
removed ‘/scratch/sxr3297/32892393/logs/userlogs/application_1587755430705_0002/container_1587755430705_0002_01_000002/syslog’
removed ‘/scratch/sxr3297/32892393/logs/userlogs/application_1587755430705_0002/container_1587755430705_0002_01_000002/stdout’
removed directory: ‘/scratch/sxr3297/32892393/logs/userlogs/application_1587755430705_0002/container_1587755430705_0002_01_000002’
removed ‘/scratch/sxr3297/32892393/logs/userlogs/application_1587755430705_0002/container_1587755430705_0002_01_000004/syslog’
removed ‘/scratch/sxr3297/32892393/logs/userlogs/application_1587755430705_0002/container_1587755430705_0002_01_000004/stdout’
removed ‘/scratch/sxr3297/32892393/logs/userlogs/application_1587755430705_0002/container_1587755430705_0002_01_000004/stderr’
removed directory: ‘/scratch/sxr3297/32892393/logs/userlogs/application_1587755430705_0002/container_1587755430705_0002_01_000004’
removed directory: ‘/scratch/sxr3297/32892393/logs/userlogs/application_1587755430705_0002’
removed directory: ‘/scratch/sxr3297/32892393/logs/userlogs’
removed directory: ‘/scratch/sxr3297/32892393/logs’
removed directory: ‘/tmp/Jetty_0_0_0_0_50075_datanode____hwtdwq_2372724405561658068/jsp’
removed directory: ‘/tmp/Jetty_0_0_0_0_50075_datanode____hwtdwq_2372724405561658068/.active’
removed directory: ‘/tmp/Jetty_0_0_0_0_50075_datanode____hwtdwq_2372724405561658068’
removed directory: ‘/tmp/Jetty_0_0_0_0_50070_hdfs____w2cu08/jsp’
removed directory: ‘/tmp/Jetty_0_0_0_0_50070_hdfs____w2cu08/.active’
removed directory: ‘/tmp/Jetty_0_0_0_0_50070_hdfs____w2cu08’
removed directory: ‘/tmp/Jetty_comet.14.02_ibnet_50090_secondary____.cwjvbq/jsp’
removed directory: ‘/tmp/Jetty_comet.14.02_ibnet_50090_secondary____.cwjvbq/.active’
removed directory: ‘/tmp/Jetty_comet.14.02_ibnet_50090_secondary____.cwjvbq’
