2020-03-02 14:44:03,527 INFO  [main] Configuration.deprecation (Configuration.java:warnOnceIfDeprecated(1049)) - session.id is deprecated. Instead, use dfs.metrics.session-id
2020-03-02 14:44:03,543 INFO  [main] jvm.JvmMetrics (JvmMetrics.java:init(76)) - Initializing JVM Metrics with processName=JobTracker, sessionId=
2020-03-02 14:44:03,768 WARN  [main] mapreduce.JobSubmitter (JobSubmitter.java:copyAndConfigureFiles(153)) - Hadoop command-line option parsing not performed. Implement the Tool interface and execute your application with ToolRunner to remedy this.
2020-03-02 14:44:03,810 INFO  [main] input.FileInputFormat (FileInputFormat.java:listStatus(281)) - Total input paths to process : 1
2020-03-02 14:44:03,842 INFO  [main] mapreduce.JobSubmitter (JobSubmitter.java:submitJobInternal(494)) - number of splits:1
2020-03-02 14:44:04,031 INFO  [main] mapreduce.JobSubmitter (JobSubmitter.java:printTokens(583)) - Submitting tokens for job: job_local1464456661_0001
2020-03-02 14:44:04,291 INFO  [main] mapreduce.Job (Job.java:submit(1300)) - The url to track the job: http://localhost:8080/
2020-03-02 14:44:04,293 INFO  [main] mapreduce.Job (Job.java:monitorAndPrintJob(1345)) - Running job: job_local1464456661_0001
2020-03-02 14:44:04,296 INFO  [Thread-3] mapred.LocalJobRunner (LocalJobRunner.java:createOutputCommitter(471)) - OutputCommitter set in config null
2020-03-02 14:44:04,302 INFO  [Thread-3] mapred.LocalJobRunner (LocalJobRunner.java:createOutputCommitter(489)) - OutputCommitter is org.apache.hadoop.mapreduce.lib.output.FileOutputCommitter
2020-03-02 14:44:04,548 INFO  [Thread-3] mapred.LocalJobRunner (LocalJobRunner.java:runTasks(448)) - Waiting for map tasks
2020-03-02 14:44:04,548 INFO  [LocalJobRunner Map Task Executor #0] mapred.LocalJobRunner (LocalJobRunner.java:run(224)) - Starting task: attempt_local1464456661_0001_m_000000_0
2020-03-02 14:44:04,686 INFO  [LocalJobRunner Map Task Executor #0] mapred.Task (Task.java:initialize(587)) -  Using ResourceCalculatorProcessTree : [ ]
2020-03-02 14:44:04,689 INFO  [LocalJobRunner Map Task Executor #0] mapred.MapTask (MapTask.java:runNewMapper(753)) - Processing split: file:/home/sxr3297/project2/pixels-small.txt:0+1062
2020-03-02 14:44:04,752 INFO  [LocalJobRunner Map Task Executor #0] mapred.MapTask (MapTask.java:setEquator(1202)) - (EQUATOR) 0 kvi 26214396(104857584)
2020-03-02 14:44:04,753 INFO  [LocalJobRunner Map Task Executor #0] mapred.MapTask (MapTask.java:init(995)) - mapreduce.task.io.sort.mb: 100
2020-03-02 14:44:04,755 INFO  [LocalJobRunner Map Task Executor #0] mapred.MapTask (MapTask.java:init(996)) - soft limit at 83886080
2020-03-02 14:44:04,755 INFO  [LocalJobRunner Map Task Executor #0] mapred.MapTask (MapTask.java:init(997)) - bufstart = 0; bufvoid = 104857600
2020-03-02 14:44:04,755 INFO  [LocalJobRunner Map Task Executor #0] mapred.MapTask (MapTask.java:init(998)) - kvstart = 26214396; length = 6553600
2020-03-02 14:44:04,765 INFO  [LocalJobRunner Map Task Executor #0] mapred.MapTask (MapTask.java:createSortingCollector(402)) - Map output collector class = org.apache.hadoop.mapred.MapTask$MapOutputBuffer
2020-03-02 14:44:04,893 INFO  [LocalJobRunner Map Task Executor #0] mapred.LocalJobRunner (LocalJobRunner.java:statusUpdate(591)) - 
2020-03-02 14:44:04,893 INFO  [LocalJobRunner Map Task Executor #0] mapred.MapTask (MapTask.java:flush(1457)) - Starting flush of map output
2020-03-02 14:44:04,894 INFO  [LocalJobRunner Map Task Executor #0] mapred.MapTask (MapTask.java:flush(1475)) - Spilling map output
2020-03-02 14:44:04,894 INFO  [LocalJobRunner Map Task Executor #0] mapred.MapTask (MapTask.java:flush(1476)) - bufstart = 0; bufend = 2400; bufvoid = 104857600
2020-03-02 14:44:04,895 INFO  [LocalJobRunner Map Task Executor #0] mapred.MapTask (MapTask.java:flush(1478)) - kvstart = 26214396(104857584); kvend = 26213200(104852800); length = 1197/6553600
2020-03-02 14:44:04,938 INFO  [LocalJobRunner Map Task Executor #0] mapred.MapTask (MapTask.java:sortAndSpill(1660)) - Finished spill 0
2020-03-02 14:44:04,942 INFO  [LocalJobRunner Map Task Executor #0] mapred.Task (Task.java:done(1001)) - Task:attempt_local1464456661_0001_m_000000_0 is done. And is in the process of committing
2020-03-02 14:44:04,952 INFO  [LocalJobRunner Map Task Executor #0] mapred.LocalJobRunner (LocalJobRunner.java:statusUpdate(591)) - map
2020-03-02 14:44:04,952 INFO  [LocalJobRunner Map Task Executor #0] mapred.Task (Task.java:sendDone(1121)) - Task 'attempt_local1464456661_0001_m_000000_0' done.
2020-03-02 14:44:04,952 INFO  [LocalJobRunner Map Task Executor #0] mapred.LocalJobRunner (LocalJobRunner.java:run(249)) - Finishing task: attempt_local1464456661_0001_m_000000_0
2020-03-02 14:44:04,953 INFO  [Thread-3] mapred.LocalJobRunner (LocalJobRunner.java:runTasks(456)) - map task executor complete.
2020-03-02 14:44:04,957 INFO  [Thread-3] mapred.LocalJobRunner (LocalJobRunner.java:runTasks(448)) - Waiting for reduce tasks
2020-03-02 14:44:04,958 INFO  [pool-3-thread-1] mapred.LocalJobRunner (LocalJobRunner.java:run(302)) - Starting task: attempt_local1464456661_0001_r_000000_0
2020-03-02 14:44:04,973 INFO  [pool-3-thread-1] mapred.Task (Task.java:initialize(587)) -  Using ResourceCalculatorProcessTree : [ ]
2020-03-02 14:44:04,976 INFO  [pool-3-thread-1] mapred.ReduceTask (ReduceTask.java:run(362)) - Using ShuffleConsumerPlugin: org.apache.hadoop.mapreduce.task.reduce.Shuffle@5abefa3e
2020-03-02 14:44:05,000 INFO  [pool-3-thread-1] reduce.MergeManagerImpl (MergeManagerImpl.java:<init>(196)) - MergerManager: memoryLimit=709551680, maxSingleShuffleLimit=177387920, mergeThreshold=468304128, ioSortFactor=10, memToMemMergeOutputsThreshold=10
2020-03-02 14:44:05,018 INFO  [EventFetcher for fetching Map Completion Events] reduce.EventFetcher (EventFetcher.java:run(61)) - attempt_local1464456661_0001_r_000000_0 Thread started: EventFetcher for fetching Map Completion Events
2020-03-02 14:44:05,087 INFO  [localfetcher#1] reduce.LocalFetcher (LocalFetcher.java:copyMapOutput(141)) - localfetcher#1 about to shuffle output of map attempt_local1464456661_0001_m_000000_0 decomp: 2582 len: 2586 to MEMORY
2020-03-02 14:44:05,118 INFO  [localfetcher#1] reduce.InMemoryMapOutput (InMemoryMapOutput.java:shuffle(100)) - Read 2582 bytes from map-output for attempt_local1464456661_0001_m_000000_0
2020-03-02 14:44:05,149 INFO  [localfetcher#1] reduce.MergeManagerImpl (MergeManagerImpl.java:closeInMemoryFile(314)) - closeInMemoryFile -> map-output of size: 2582, inMemoryMapOutputs.size() -> 1, commitMemory -> 0, usedMemory ->2582
2020-03-02 14:44:05,151 INFO  [EventFetcher for fetching Map Completion Events] reduce.EventFetcher (EventFetcher.java:run(76)) - EventFetcher is interrupted.. Returning
2020-03-02 14:44:05,152 INFO  [pool-3-thread-1] mapred.LocalJobRunner (LocalJobRunner.java:statusUpdate(591)) - 1 / 1 copied.
2020-03-02 14:44:05,152 INFO  [pool-3-thread-1] reduce.MergeManagerImpl (MergeManagerImpl.java:finalMerge(674)) - finalMerge called with 1 in-memory map-outputs and 0 on-disk map-outputs
2020-03-02 14:44:05,161 INFO  [pool-3-thread-1] mapred.Merger (Merger.java:merge(597)) - Merging 1 sorted segments
2020-03-02 14:44:05,162 INFO  [pool-3-thread-1] mapred.Merger (Merger.java:merge(696)) - Down to the last merge-pass, with 1 segments left of total size: 2576 bytes
2020-03-02 14:44:05,164 INFO  [pool-3-thread-1] reduce.MergeManagerImpl (MergeManagerImpl.java:finalMerge(751)) - Merged 1 segments, 2582 bytes to disk to satisfy reduce memory limit
2020-03-02 14:44:05,164 INFO  [pool-3-thread-1] reduce.MergeManagerImpl (MergeManagerImpl.java:finalMerge(781)) - Merging 1 files, 2586 bytes from disk
2020-03-02 14:44:05,167 INFO  [pool-3-thread-1] reduce.MergeManagerImpl (MergeManagerImpl.java:finalMerge(796)) - Merging 0 segments, 0 bytes from memory into reduce
2020-03-02 14:44:05,167 INFO  [pool-3-thread-1] mapred.Merger (Merger.java:merge(597)) - Merging 1 sorted segments
2020-03-02 14:44:05,179 INFO  [pool-3-thread-1] mapred.Merger (Merger.java:merge(696)) - Down to the last merge-pass, with 1 segments left of total size: 2576 bytes
2020-03-02 14:44:05,180 INFO  [pool-3-thread-1] mapred.LocalJobRunner (LocalJobRunner.java:statusUpdate(591)) - 1 / 1 copied.
2020-03-02 14:44:05,196 INFO  [pool-3-thread-1] Configuration.deprecation (Configuration.java:warnOnceIfDeprecated(1049)) - mapred.skip.on is deprecated. Instead, use mapreduce.job.skiprecords
2020-03-02 14:44:05,217 INFO  [pool-3-thread-1] mapred.Task (Task.java:done(1001)) - Task:attempt_local1464456661_0001_r_000000_0 is done. And is in the process of committing
2020-03-02 14:44:05,218 INFO  [pool-3-thread-1] mapred.LocalJobRunner (LocalJobRunner.java:statusUpdate(591)) - 1 / 1 copied.
2020-03-02 14:44:05,218 INFO  [pool-3-thread-1] mapred.Task (Task.java:commit(1162)) - Task attempt_local1464456661_0001_r_000000_0 is allowed to commit now
2020-03-02 14:44:05,221 INFO  [pool-3-thread-1] output.FileOutputCommitter (FileOutputCommitter.java:commitTask(439)) - Saved output of task 'attempt_local1464456661_0001_r_000000_0' to file:/home/sxr3297/project2/output/_temporary/0/task_local1464456661_0001_r_000000
2020-03-02 14:44:05,222 INFO  [pool-3-thread-1] mapred.LocalJobRunner (LocalJobRunner.java:statusUpdate(591)) - reduce > reduce
2020-03-02 14:44:05,222 INFO  [pool-3-thread-1] mapred.Task (Task.java:sendDone(1121)) - Task 'attempt_local1464456661_0001_r_000000_0' done.
2020-03-02 14:44:05,222 INFO  [pool-3-thread-1] mapred.LocalJobRunner (LocalJobRunner.java:run(325)) - Finishing task: attempt_local1464456661_0001_r_000000_0
2020-03-02 14:44:05,222 INFO  [Thread-3] mapred.LocalJobRunner (LocalJobRunner.java:runTasks(456)) - reduce task executor complete.
2020-03-02 14:44:05,295 INFO  [main] mapreduce.Job (Job.java:monitorAndPrintJob(1366)) - Job job_local1464456661_0001 running in uber mode : false
2020-03-02 14:44:05,296 INFO  [main] mapreduce.Job (Job.java:monitorAndPrintJob(1373)) -  map 100% reduce 100%
2020-03-02 14:44:05,297 INFO  [main] mapreduce.Job (Job.java:monitorAndPrintJob(1384)) - Job job_local1464456661_0001 completed successfully
2020-03-02 14:44:05,327 INFO  [main] mapreduce.Job (Job.java:monitorAndPrintJob(1391)) - Counters: 33
	File System Counters
		FILE: Number of bytes read=22822
		FILE: Number of bytes written=535402
		FILE: Number of read operations=0
		FILE: Number of large read operations=0
		FILE: Number of write operations=0
	Map-Reduce Framework
		Map input records=100
		Map output records=300
		Map output bytes=2400
		Map output materialized bytes=2586
		Input split bytes=109
		Combine input records=300
		Combine output records=258
		Reduce input groups=258
		Reduce shuffle bytes=2586
		Reduce input records=258
		Reduce output records=258
		Spilled Records=516
		Shuffled Maps =1
		Failed Shuffles=0
		Merged Map outputs=1
		GC time elapsed (ms)=22
		CPU time spent (ms)=0
		Physical memory (bytes) snapshot=0
		Virtual memory (bytes) snapshot=0
		Total committed heap usage (bytes)=372252672
	Shuffle Errors
		BAD_ID=0
		CONNECTION=0
		IO_ERROR=0
		WRONG_LENGTH=0
		WRONG_MAP=0
		WRONG_REDUCE=0
	File Input Format Counters 
		Bytes Read=1062
	File Output Format Counters 
		Bytes Written=1974
2020-03-02 14:44:05,357 INFO  [main] jvm.JvmMetrics (JvmMetrics.java:init(71)) - Cannot initialize JVM Metrics with processName=JobTracker, sessionId= - already initialized
2020-03-02 14:44:05,364 WARN  [main] mapreduce.JobSubmitter (JobSubmitter.java:copyAndConfigureFiles(153)) - Hadoop command-line option parsing not performed. Implement the Tool interface and execute your application with ToolRunner to remedy this.
2020-03-02 14:44:05,379 INFO  [main] input.FileInputFormat (FileInputFormat.java:listStatus(281)) - Total input paths to process : 1
2020-03-02 14:44:05,380 INFO  [main] mapreduce.JobSubmitter (JobSubmitter.java:submitJobInternal(494)) - number of splits:1
2020-03-02 14:44:05,388 INFO  [main] mapreduce.JobSubmitter (JobSubmitter.java:printTokens(583)) - Submitting tokens for job: job_local248859772_0002
2020-03-02 14:44:05,544 INFO  [main] mapreduce.Job (Job.java:submit(1300)) - The url to track the job: http://localhost:8080/
2020-03-02 14:44:05,544 INFO  [main] mapreduce.Job (Job.java:monitorAndPrintJob(1345)) - Running job: job_local248859772_0002
2020-03-02 14:44:05,545 INFO  [Thread-12] mapred.LocalJobRunner (LocalJobRunner.java:createOutputCommitter(471)) - OutputCommitter set in config null
2020-03-02 14:44:05,546 INFO  [Thread-12] mapred.LocalJobRunner (LocalJobRunner.java:createOutputCommitter(489)) - OutputCommitter is org.apache.hadoop.mapreduce.lib.output.FileOutputCommitter
2020-03-02 14:44:05,579 INFO  [Thread-12] mapred.LocalJobRunner (LocalJobRunner.java:runTasks(448)) - Waiting for map tasks
2020-03-02 14:44:05,580 INFO  [LocalJobRunner Map Task Executor #0] mapred.LocalJobRunner (LocalJobRunner.java:run(224)) - Starting task: attempt_local248859772_0002_m_000000_0
2020-03-02 14:44:05,594 INFO  [LocalJobRunner Map Task Executor #0] mapred.Task (Task.java:initialize(587)) -  Using ResourceCalculatorProcessTree : [ ]
2020-03-02 14:44:05,595 INFO  [LocalJobRunner Map Task Executor #0] mapred.MapTask (MapTask.java:runNewMapper(753)) - Processing split: file:/home/sxr3297/project2/pixels-small.txt:0+1062
2020-03-02 14:44:05,651 INFO  [LocalJobRunner Map Task Executor #0] mapred.MapTask (MapTask.java:setEquator(1202)) - (EQUATOR) 0 kvi 26214396(104857584)
2020-03-02 14:44:05,651 INFO  [LocalJobRunner Map Task Executor #0] mapred.MapTask (MapTask.java:init(995)) - mapreduce.task.io.sort.mb: 100
2020-03-02 14:44:05,651 INFO  [LocalJobRunner Map Task Executor #0] mapred.MapTask (MapTask.java:init(996)) - soft limit at 83886080
2020-03-02 14:44:05,651 INFO  [LocalJobRunner Map Task Executor #0] mapred.MapTask (MapTask.java:init(997)) - bufstart = 0; bufvoid = 104857600
2020-03-02 14:44:05,651 INFO  [LocalJobRunner Map Task Executor #0] mapred.MapTask (MapTask.java:init(998)) - kvstart = 26214396; length = 6553600
2020-03-02 14:44:05,661 INFO  [LocalJobRunner Map Task Executor #0] mapred.MapTask (MapTask.java:createSortingCollector(402)) - Map output collector class = org.apache.hadoop.mapred.MapTask$MapOutputBuffer
HistogramHash size : 300  
 Elements : {1 2=1, 1 2=1, 3 0=1, 3 2=1, 1 4=1, 3 2=1, 1 5=1, 2 5=1, 3 4=1, 2 10=1, 2 12=1, 2 14=1, 3 14=1, 1 16=1, 1 17=1, 1 17=1, 3 15=1, 2 16=1, 3 15=1, 2 17=1, 2 17=1, 3 16=1, 3 17=1, 2 18=1, 3 18=1, 1 23=1, 3 21=1, 3 23=1, 2 24=1, 2 25=1, 1 27=1, 3 26=1, 3 26=1, 1 29=1, 1 30=1, 2 31=1, 1 33=1, 3 32=1, 3 32=1, 2 34=1, 3 35=1, 1 37=1, 1 37=1, 3 36=1, 1 39=1, 3 37=1, 2 38=1, 2 39=1, 2 41=1, 1 42=1, 3 40=1, 3 41=1, 3 43=1, 1 47=1, 1 48=1, 1 48=1, 3 47=1, 1 49=1, 1 49=1, 2 48=1, 1 49=1, 2 48=1, 2 51=1, 2 52=1, 2 52=1, 2 53=1, 3 53=1, 3 54=1, 1 57=1, 1 58=1, 2 57=1, 2 58=1, 2 59=1, 3 58=1, 1 61=1, 3 59=1, 2 61=1, 1 62=1, 1 63=1, 2 62=1, 2 62=1, 2 62=1, 1 64=1, 2 64=1, 2 67=1, 1 69=1, 3 67=1, 1 70=1, 3 68=1, 3 69=1, 1 71=1, 1 72=1, 2 71=1, 1 72=1, 3 70=1, 2 72=1, 3 72=1, 2 73=1, 2 73=1, 3 73=1, 1 76=1, 3 74=1, 2 76=1, 2 78=1, 1 79=1, 1 79=1, 1 80=1, 2 79=1, 1 81=1, 2 81=1, 1 83=1, 2 84=1, 3 83=1, 1 86=1, 3 84=1, 1 88=1, 2 88=1, 1 90=1, 1 90=1, 3 88=1, 1 90=1, 2 92=1, 2 92=1, 3 92=1, 2 96=1, 2 98=1, 2 98=1, 1 99=1, 1 100=1, 3 99=1, 1 101=1, 1 102=1, 2 101=1, 3 102=1, 2 103=1, 2 105=1, 3 104=1, 1 107=1, 2 106=1, 3 105=1, 3 108=1, 3 109=1, 1 114=1, 2 113=1, 3 112=1, 2 114=1, 1 116=1, 3 114=1, 3 115=1, 3 116=1, 2 118=1, 3 118=1, 1 120=1, 3 118=1, 1 121=1, 2 120=1, 1 122=1, 1 122=1, 1 123=1, 2 123=1, 3 122=1, 2 125=1, 3 124=1, 2 125=1, 1 127=1, 3 126=1, 2 127=1, 1 129=1, 2 128=1, 1 130=1, 2 130=1, 1 131=1, 1 132=1, 2 131=1, 3 132=1, 3 133=1, 1 135=1, 1 136=1, 1 137=1, 2 138=1, 3 137=1, 1 141=1, 3 140=1, 1 142=1, 2 141=1, 1 146=1, 3 144=1, 2 146=1, 3 145=1, 3 146=1, 3 148=1, 3 148=1, 3 148=1, 3 149=1, 2 151=1, 1 153=1, 1 153=1, 1 154=1, 2 154=1, 1 155=1, 1 156=1, 1 157=1, 3 157=1, 2 158=1, 2 161=1, 1 163=1, 3 162=1, 3 162=1, 3 163=1, 1 167=1, 3 165=1, 2 168=1, 2 169=1, 2 170=1, 3 169=1, 3 170=1, 2 171=1, 3 172=1, 1 176=1, 3 175=1, 3 176=1, 3 178=1, 3 178=1, 2 180=1, 3 181=1, 3 181=1, 2 187=1, 1 189=1, 3 188=1, 1 191=1, 2 192=1, 1 194=1, 2 193=1, 1 195=1, 3 194=1, 3 195=1, 2 197=1, 3 197=1, 1 202=1, 2 202=1, 3 202=1, 2 205=1, 1 207=1, 1 208=1, 2 208=1, 1 211=1, 1 211=1, 2 211=1, 1 213=1, 1 214=1, 3 214=1, 3 217=1, 2 218=1, 2 218=1, 1 221=1, 1 222=1, 1 222=1, 2 223=1, 3 222=1, 3 222=1, 3 222=1, 2 224=1, 3 224=1, 3 225=1, 2 226=1, 2 227=1, 1 228=1, 2 228=1, 2 228=1, 2 229=1, 1 234=1, 1 236=1, 2 236=1, 3 235=1, 2 237=1, 2 237=1, 3 236=1, 1 238=1, 2 237=1, 1 239=1, 3 239=1, 2 241=1, 1 243=1, 2 243=1, 2 243=1, 3 243=1, 1 245=1, 2 245=1, 2 245=1, 3 245=1, 1 247=1, 2 247=1, 1 250=1, 3 249=1, 1 252=1, 3 251=1, 3 252=1, 2 254=1, 3 255=1, 3 255=1}
2020-03-02 14:44:05,696 INFO  [LocalJobRunner Map Task Executor #0] mapred.LocalJobRunner (LocalJobRunner.java:statusUpdate(591)) - 
2020-03-02 14:44:05,696 INFO  [LocalJobRunner Map Task Executor #0] mapred.MapTask (MapTask.java:flush(1457)) - Starting flush of map output
2020-03-02 14:44:05,696 INFO  [LocalJobRunner Map Task Executor #0] mapred.MapTask (MapTask.java:flush(1475)) - Spilling map output
2020-03-02 14:44:05,697 INFO  [LocalJobRunner Map Task Executor #0] mapred.MapTask (MapTask.java:flush(1476)) - bufstart = 0; bufend = 2400; bufvoid = 104857600
2020-03-02 14:44:05,697 INFO  [LocalJobRunner Map Task Executor #0] mapred.MapTask (MapTask.java:flush(1478)) - kvstart = 26214396(104857584); kvend = 26213200(104852800); length = 1197/6553600
2020-03-02 14:44:05,715 INFO  [LocalJobRunner Map Task Executor #0] mapred.MapTask (MapTask.java:sortAndSpill(1660)) - Finished spill 0
2020-03-02 14:44:05,716 INFO  [LocalJobRunner Map Task Executor #0] mapred.Task (Task.java:done(1001)) - Task:attempt_local248859772_0002_m_000000_0 is done. And is in the process of committing
2020-03-02 14:44:05,731 INFO  [LocalJobRunner Map Task Executor #0] mapred.LocalJobRunner (LocalJobRunner.java:statusUpdate(591)) - map
2020-03-02 14:44:05,731 INFO  [LocalJobRunner Map Task Executor #0] mapred.Task (Task.java:sendDone(1121)) - Task 'attempt_local248859772_0002_m_000000_0' done.
2020-03-02 14:44:05,731 INFO  [LocalJobRunner Map Task Executor #0] mapred.LocalJobRunner (LocalJobRunner.java:run(249)) - Finishing task: attempt_local248859772_0002_m_000000_0
2020-03-02 14:44:05,731 INFO  [Thread-12] mapred.LocalJobRunner (LocalJobRunner.java:runTasks(456)) - map task executor complete.
2020-03-02 14:44:05,736 INFO  [Thread-12] mapred.LocalJobRunner (LocalJobRunner.java:runTasks(448)) - Waiting for reduce tasks
2020-03-02 14:44:05,736 INFO  [pool-8-thread-1] mapred.LocalJobRunner (LocalJobRunner.java:run(302)) - Starting task: attempt_local248859772_0002_r_000000_0
2020-03-02 14:44:05,737 INFO  [pool-8-thread-1] mapred.Task (Task.java:initialize(587)) -  Using ResourceCalculatorProcessTree : [ ]
2020-03-02 14:44:05,738 INFO  [pool-8-thread-1] mapred.ReduceTask (ReduceTask.java:run(362)) - Using ShuffleConsumerPlugin: org.apache.hadoop.mapreduce.task.reduce.Shuffle@1f6e8fbf
2020-03-02 14:44:05,745 INFO  [pool-8-thread-1] reduce.MergeManagerImpl (MergeManagerImpl.java:<init>(196)) - MergerManager: memoryLimit=709551680, maxSingleShuffleLimit=177387920, mergeThreshold=468304128, ioSortFactor=10, memToMemMergeOutputsThreshold=10
2020-03-02 14:44:05,747 INFO  [EventFetcher for fetching Map Completion Events] reduce.EventFetcher (EventFetcher.java:run(61)) - attempt_local248859772_0002_r_000000_0 Thread started: EventFetcher for fetching Map Completion Events
2020-03-02 14:44:05,757 INFO  [localfetcher#2] reduce.LocalFetcher (LocalFetcher.java:copyMapOutput(141)) - localfetcher#2 about to shuffle output of map attempt_local248859772_0002_m_000000_0 decomp: 3002 len: 3006 to MEMORY
2020-03-02 14:44:05,758 INFO  [localfetcher#2] reduce.InMemoryMapOutput (InMemoryMapOutput.java:shuffle(100)) - Read 3002 bytes from map-output for attempt_local248859772_0002_m_000000_0
2020-03-02 14:44:05,758 INFO  [localfetcher#2] reduce.MergeManagerImpl (MergeManagerImpl.java:closeInMemoryFile(314)) - closeInMemoryFile -> map-output of size: 3002, inMemoryMapOutputs.size() -> 1, commitMemory -> 0, usedMemory ->3002
2020-03-02 14:44:05,758 INFO  [EventFetcher for fetching Map Completion Events] reduce.EventFetcher (EventFetcher.java:run(76)) - EventFetcher is interrupted.. Returning
2020-03-02 14:44:05,759 INFO  [pool-8-thread-1] mapred.LocalJobRunner (LocalJobRunner.java:statusUpdate(591)) - 1 / 1 copied.
2020-03-02 14:44:05,759 INFO  [pool-8-thread-1] reduce.MergeManagerImpl (MergeManagerImpl.java:finalMerge(674)) - finalMerge called with 1 in-memory map-outputs and 0 on-disk map-outputs
2020-03-02 14:44:05,760 INFO  [pool-8-thread-1] mapred.Merger (Merger.java:merge(597)) - Merging 1 sorted segments
2020-03-02 14:44:05,760 INFO  [pool-8-thread-1] mapred.Merger (Merger.java:merge(696)) - Down to the last merge-pass, with 1 segments left of total size: 2996 bytes
2020-03-02 14:44:05,761 INFO  [pool-8-thread-1] reduce.MergeManagerImpl (MergeManagerImpl.java:finalMerge(751)) - Merged 1 segments, 3002 bytes to disk to satisfy reduce memory limit
2020-03-02 14:44:05,761 INFO  [pool-8-thread-1] reduce.MergeManagerImpl (MergeManagerImpl.java:finalMerge(781)) - Merging 1 files, 3006 bytes from disk
2020-03-02 14:44:05,761 INFO  [pool-8-thread-1] reduce.MergeManagerImpl (MergeManagerImpl.java:finalMerge(796)) - Merging 0 segments, 0 bytes from memory into reduce
2020-03-02 14:44:05,761 INFO  [pool-8-thread-1] mapred.Merger (Merger.java:merge(597)) - Merging 1 sorted segments
2020-03-02 14:44:05,773 WARN  [Readahead Thread #2] io.ReadaheadPool (ReadaheadPool.java:run(214)) - Failed readahead on ifile
EBADF: Bad file descriptor
	at org.apache.hadoop.io.nativeio.NativeIO$POSIX.posix_fadvise(Native Method)
	at org.apache.hadoop.io.nativeio.NativeIO$POSIX.posixFadviseIfPossible(NativeIO.java:267)
	at org.apache.hadoop.io.nativeio.NativeIO$POSIX$CacheManipulator.posixFadviseIfPossible(NativeIO.java:146)
	at org.apache.hadoop.io.ReadaheadPool$ReadaheadRequestImpl.run(ReadaheadPool.java:206)
	at java.util.concurrent.ThreadPoolExecutor.runWorker(ThreadPoolExecutor.java:1149)
	at java.util.concurrent.ThreadPoolExecutor$Worker.run(ThreadPoolExecutor.java:624)
	at java.lang.Thread.run(Thread.java:748)
2020-03-02 14:44:05,774 INFO  [pool-8-thread-1] mapred.Merger (Merger.java:merge(696)) - Down to the last merge-pass, with 1 segments left of total size: 2996 bytes
2020-03-02 14:44:05,785 INFO  [pool-8-thread-1] mapred.LocalJobRunner (LocalJobRunner.java:statusUpdate(591)) - 1 / 1 copied.
2020-03-02 14:44:05,809 INFO  [pool-8-thread-1] mapred.Task (Task.java:done(1001)) - Task:attempt_local248859772_0002_r_000000_0 is done. And is in the process of committing
2020-03-02 14:44:05,810 INFO  [pool-8-thread-1] mapred.LocalJobRunner (LocalJobRunner.java:statusUpdate(591)) - 1 / 1 copied.
2020-03-02 14:44:05,810 INFO  [pool-8-thread-1] mapred.Task (Task.java:commit(1162)) - Task attempt_local248859772_0002_r_000000_0 is allowed to commit now
2020-03-02 14:44:05,811 INFO  [pool-8-thread-1] output.FileOutputCommitter (FileOutputCommitter.java:commitTask(439)) - Saved output of task 'attempt_local248859772_0002_r_000000_0' to file:/home/sxr3297/project2/output2/_temporary/0/task_local248859772_0002_r_000000
2020-03-02 14:44:05,812 INFO  [pool-8-thread-1] mapred.LocalJobRunner (LocalJobRunner.java:statusUpdate(591)) - reduce > reduce
2020-03-02 14:44:05,812 INFO  [pool-8-thread-1] mapred.Task (Task.java:sendDone(1121)) - Task 'attempt_local248859772_0002_r_000000_0' done.
2020-03-02 14:44:05,812 INFO  [pool-8-thread-1] mapred.LocalJobRunner (LocalJobRunner.java:run(325)) - Finishing task: attempt_local248859772_0002_r_000000_0
2020-03-02 14:44:05,813 INFO  [Thread-12] mapred.LocalJobRunner (LocalJobRunner.java:runTasks(456)) - reduce task executor complete.
2020-03-02 14:44:06,545 INFO  [main] mapreduce.Job (Job.java:monitorAndPrintJob(1366)) - Job job_local248859772_0002 running in uber mode : false
2020-03-02 14:44:06,546 INFO  [main] mapreduce.Job (Job.java:monitorAndPrintJob(1373)) -  map 100% reduce 100%
2020-03-02 14:44:06,546 INFO  [main] mapreduce.Job (Job.java:monitorAndPrintJob(1384)) - Job job_local248859772_0002 completed successfully
2020-03-02 14:44:06,548 INFO  [main] mapreduce.Job (Job.java:monitorAndPrintJob(1391)) - Counters: 33
	File System Counters
		FILE: Number of bytes read=51688
		FILE: Number of bytes written=1073144
		FILE: Number of read operations=0
		FILE: Number of large read operations=0
		FILE: Number of write operations=0
	Map-Reduce Framework
		Map input records=100
		Map output records=300
		Map output bytes=2400
		Map output materialized bytes=3006
		Input split bytes=109
		Combine input records=0
		Combine output records=0
		Reduce input groups=258
		Reduce shuffle bytes=3006
		Reduce input records=300
		Reduce output records=258
		Spilled Records=600
		Shuffled Maps =1
		Failed Shuffles=0
		Merged Map outputs=1
		GC time elapsed (ms)=33
		CPU time spent (ms)=0
		Physical memory (bytes) snapshot=0
		Virtual memory (bytes) snapshot=0
		Total committed heap usage (bytes)=466624512
	Shuffle Errors
		BAD_ID=0
		CONNECTION=0
		IO_ERROR=0
		WRONG_LENGTH=0
		WRONG_MAP=0
		WRONG_REDUCE=0
	File Input Format Counters 
		Bytes Read=1062
	File Output Format Counters 
		Bytes Written=1974
