myHadoop: Setting MH_IPOIB_TRANSFORM='s/\([^.]*\).*$/\1.ibnet/' from myhadoop.conf
myHadoop: Setting MH_SCRATCH_DIR=/scratch/$USER/$SLURM_JOBID from myhadoop.conf
myHadoop: Using HADOOP_HOME=/opt/hadoop/2.6.0
myHadoop: Using MH_SCRATCH_DIR=/scratch/sxr3297/31809101
myHadoop: Using JAVA_HOME=/lib/jvm/java
myHadoop: Generating Hadoop configuration in directory in /home/sxr3297/cometcluster...
myHadoop: Backing up old config dir to /home/sxr3297/cometcluster.2...
‘/home/sxr3297/cometcluster’ -> ‘/home/sxr3297/cometcluster.2’
myHadoop: Designating comet-25-03.ibnet as master node (namenode, secondary namenode, and jobtracker)
myHadoop: The following nodes will be slaves (datanode, tasktracer):
comet-25-03.ibnet
comet-25-06.ibnet
20/02/28 19:13:45 INFO namenode.NameNode: STARTUP_MSG: 
/************************************************************
STARTUP_MSG: Starting NameNode
STARTUP_MSG:   host = comet-25-03.sdsc.edu/198.202.117.155
STARTUP_MSG:   args = [-format]
STARTUP_MSG:   version = 2.6.0
STARTUP_MSG:   classpath = /home/sxr3297/cometcluster:/opt/hadoop/2.6.0/share/hadoop/common/lib/httpcore-4.2.5.jar:/opt/hadoop/2.6.0/share/hadoop/common/lib/jersey-server-1.9.jar:/opt/hadoop/2.6.0/share/hadoop/common/lib/commons-codec-1.4.jar:/opt/hadoop/2.6.0/share/hadoop/common/lib/jets3t-0.9.0.jar:/opt/hadoop/2.6.0/share/hadoop/common/lib/jersey-json-1.9.jar:/opt/hadoop/2.6.0/share/hadoop/common/lib/curator-client-2.6.0.jar:/opt/hadoop/2.6.0/share/hadoop/common/lib/httpclient-4.2.5.jar:/opt/hadoop/2.6.0/share/hadoop/common/lib/commons-digester-1.8.jar:/opt/hadoop/2.6.0/share/hadoop/common/lib/protobuf-java-2.5.0.jar:/opt/hadoop/2.6.0/share/hadoop/common/lib/commons-collections-3.2.1.jar:/opt/hadoop/2.6.0/share/hadoop/common/lib/apacheds-kerberos-codec-2.0.0-M15.jar:/opt/hadoop/2.6.0/share/hadoop/common/lib/commons-el-1.0.jar:/opt/hadoop/2.6.0/share/hadoop/common/lib/jaxb-api-2.2.2.jar:/opt/hadoop/2.6.0/share/hadoop/common/lib/commons-net-3.1.jar:/opt/hadoop/2.6.0/share/hadoop/common/lib/jettison-1.1.jar:/opt/hadoop/2.6.0/share/hadoop/common/lib/java-xmlbuilder-0.4.jar:/opt/hadoop/2.6.0/share/hadoop/common/lib/jersey-core-1.9.jar:/opt/hadoop/2.6.0/share/hadoop/common/lib/mockito-all-1.8.5.jar:/opt/hadoop/2.6.0/share/hadoop/common/lib/xmlenc-0.52.jar:/opt/hadoop/2.6.0/share/hadoop/common/lib/slf4j-log4j12-1.7.5.jar:/opt/hadoop/2.6.0/share/hadoop/common/lib/guava-11.0.2.jar:/opt/hadoop/2.6.0/share/hadoop/common/lib/commons-httpclient-3.1.jar:/opt/hadoop/2.6.0/share/hadoop/common/lib/servlet-api-2.5.jar:/opt/hadoop/2.6.0/share/hadoop/common/lib/commons-cli-1.2.jar:/opt/hadoop/2.6.0/share/hadoop/common/lib/curator-framework-2.6.0.jar:/opt/hadoop/2.6.0/share/hadoop/common/lib/commons-beanutils-1.7.0.jar:/opt/hadoop/2.6.0/share/hadoop/common/lib/hadoop-annotations-2.6.0.jar:/opt/hadoop/2.6.0/share/hadoop/common/lib/api-util-1.0.0-M20.jar:/opt/hadoop/2.6.0/share/hadoop/common/lib/commons-compress-1.4.1.jar:/opt/hadoop/2.6.0/share/hadoop/common/lib/log4j-1.2.17.jar:/opt/hadoop/2.6.0/share/hadoop/common/lib/htrace-core-3.0.4.jar:/opt/hadoop/2.6.0/share/hadoop/common/lib/activation-1.1.jar:/opt/hadoop/2.6.0/share/hadoop/common/lib/jackson-jaxrs-1.9.13.jar:/opt/hadoop/2.6.0/share/hadoop/common/lib/hamcrest-core-1.3.jar:/opt/hadoop/2.6.0/share/hadoop/common/lib/jasper-runtime-5.5.23.jar:/opt/hadoop/2.6.0/share/hadoop/common/lib/apacheds-i18n-2.0.0-M15.jar:/opt/hadoop/2.6.0/share/hadoop/common/lib/commons-beanutils-core-1.8.0.jar:/opt/hadoop/2.6.0/share/hadoop/common/lib/junit-4.11.jar:/opt/hadoop/2.6.0/share/hadoop/common/lib/jaxb-impl-2.2.3-1.jar:/opt/hadoop/2.6.0/share/hadoop/common/lib/commons-configuration-1.6.jar:/opt/hadoop/2.6.0/share/hadoop/common/lib/stax-api-1.0-2.jar:/opt/hadoop/2.6.0/share/hadoop/common/lib/jsr305-1.3.9.jar:/opt/hadoop/2.6.0/share/hadoop/common/lib/paranamer-2.3.jar:/opt/hadoop/2.6.0/share/hadoop/common/lib/hadoop-auth-2.6.0.jar:/opt/hadoop/2.6.0/share/hadoop/common/lib/jetty-util-6.1.26.jar:/opt/hadoop/2.6.0/share/hadoop/common/lib/asm-3.2.jar:/opt/hadoop/2.6.0/share/hadoop/common/lib/jetty-6.1.26.jar:/opt/hadoop/2.6.0/share/hadoop/common/lib/commons-logging-1.1.3.jar:/opt/hadoop/2.6.0/share/hadoop/common/lib/avro-1.7.4.jar:/opt/hadoop/2.6.0/share/hadoop/common/lib/commons-lang-2.6.jar:/opt/hadoop/2.6.0/share/hadoop/common/lib/jackson-xc-1.9.13.jar:/opt/hadoop/2.6.0/share/hadoop/common/lib/commons-io-2.4.jar:/opt/hadoop/2.6.0/share/hadoop/common/lib/api-asn1-api-1.0.0-M20.jar:/opt/hadoop/2.6.0/share/hadoop/common/lib/xz-1.0.jar:/opt/hadoop/2.6.0/share/hadoop/common/lib/slf4j-api-1.7.5.jar:/opt/hadoop/2.6.0/share/hadoop/common/lib/jsch-0.1.42.jar:/opt/hadoop/2.6.0/share/hadoop/common/lib/jasper-compiler-5.5.23.jar:/opt/hadoop/2.6.0/share/hadoop/common/lib/commons-math3-3.1.1.jar:/opt/hadoop/2.6.0/share/hadoop/common/lib/gson-2.2.4.jar:/opt/hadoop/2.6.0/share/hadoop/common/lib/jsp-api-2.1.jar:/opt/hadoop/2.6.0/share/hadoop/common/lib/snappy-java-1.0.4.1.jar:/opt/hadoop/2.6.0/share/hadoop/common/lib/jackson-core-asl-1.9.13.jar:/opt/hadoop/2.6.0/share/hadoop/common/lib/netty-3.6.2.Final.jar:/opt/hadoop/2.6.0/share/hadoop/common/lib/jackson-mapper-asl-1.9.13.jar:/opt/hadoop/2.6.0/share/hadoop/common/lib/zookeeper-3.4.6.jar:/opt/hadoop/2.6.0/share/hadoop/common/lib/curator-recipes-2.6.0.jar:/opt/hadoop/2.6.0/share/hadoop/common/hadoop-nfs-2.6.0.jar:/opt/hadoop/2.6.0/share/hadoop/common/hadoop-common-2.6.0.jar:/opt/hadoop/2.6.0/share/hadoop/common/hadoop-common-2.6.0-tests.jar:/opt/hadoop/2.6.0/share/hadoop/hdfs:/opt/hadoop/2.6.0/share/hadoop/hdfs/lib/jersey-server-1.9.jar:/opt/hadoop/2.6.0/share/hadoop/hdfs/lib/commons-codec-1.4.jar:/opt/hadoop/2.6.0/share/hadoop/hdfs/lib/protobuf-java-2.5.0.jar:/opt/hadoop/2.6.0/share/hadoop/hdfs/lib/commons-daemon-1.0.13.jar:/opt/hadoop/2.6.0/share/hadoop/hdfs/lib/commons-el-1.0.jar:/opt/hadoop/2.6.0/share/hadoop/hdfs/lib/jersey-core-1.9.jar:/opt/hadoop/2.6.0/share/hadoop/hdfs/lib/xmlenc-0.52.jar:/opt/hadoop/2.6.0/share/hadoop/hdfs/lib/guava-11.0.2.jar:/opt/hadoop/2.6.0/share/hadoop/hdfs/lib/servlet-api-2.5.jar:/opt/hadoop/2.6.0/share/hadoop/hdfs/lib/xml-apis-1.3.04.jar:/opt/hadoop/2.6.0/share/hadoop/hdfs/lib/commons-cli-1.2.jar:/opt/hadoop/2.6.0/share/hadoop/hdfs/lib/log4j-1.2.17.jar:/opt/hadoop/2.6.0/share/hadoop/hdfs/lib/htrace-core-3.0.4.jar:/opt/hadoop/2.6.0/share/hadoop/hdfs/lib/jasper-runtime-5.5.23.jar:/opt/hadoop/2.6.0/share/hadoop/hdfs/lib/jsr305-1.3.9.jar:/opt/hadoop/2.6.0/share/hadoop/hdfs/lib/jetty-util-6.1.26.jar:/opt/hadoop/2.6.0/share/hadoop/hdfs/lib/asm-3.2.jar:/opt/hadoop/2.6.0/share/hadoop/hdfs/lib/xercesImpl-2.9.1.jar:/opt/hadoop/2.6.0/share/hadoop/hdfs/lib/jetty-6.1.26.jar:/opt/hadoop/2.6.0/share/hadoop/hdfs/lib/commons-logging-1.1.3.jar:/opt/hadoop/2.6.0/share/hadoop/hdfs/lib/commons-lang-2.6.jar:/opt/hadoop/2.6.0/share/hadoop/hdfs/lib/commons-io-2.4.jar:/opt/hadoop/2.6.0/share/hadoop/hdfs/lib/jsp-api-2.1.jar:/opt/hadoop/2.6.0/share/hadoop/hdfs/lib/jackson-core-asl-1.9.13.jar:/opt/hadoop/2.6.0/share/hadoop/hdfs/lib/netty-3.6.2.Final.jar:/opt/hadoop/2.6.0/share/hadoop/hdfs/lib/jackson-mapper-asl-1.9.13.jar:/opt/hadoop/2.6.0/share/hadoop/hdfs/hadoop-hdfs-2.6.0.jar:/opt/hadoop/2.6.0/share/hadoop/hdfs/hadoop-hdfs-nfs-2.6.0.jar:/opt/hadoop/2.6.0/share/hadoop/hdfs/hadoop-hdfs-2.6.0-tests.jar:/opt/hadoop/2.6.0/share/hadoop/yarn/lib/jersey-server-1.9.jar:/opt/hadoop/2.6.0/share/hadoop/yarn/lib/commons-codec-1.4.jar:/opt/hadoop/2.6.0/share/hadoop/yarn/lib/jersey-json-1.9.jar:/opt/hadoop/2.6.0/share/hadoop/yarn/lib/javax.inject-1.jar:/opt/hadoop/2.6.0/share/hadoop/yarn/lib/protobuf-java-2.5.0.jar:/opt/hadoop/2.6.0/share/hadoop/yarn/lib/commons-collections-3.2.1.jar:/opt/hadoop/2.6.0/share/hadoop/yarn/lib/leveldbjni-all-1.8.jar:/opt/hadoop/2.6.0/share/hadoop/yarn/lib/jaxb-api-2.2.2.jar:/opt/hadoop/2.6.0/share/hadoop/yarn/lib/jettison-1.1.jar:/opt/hadoop/2.6.0/share/hadoop/yarn/lib/jersey-core-1.9.jar:/opt/hadoop/2.6.0/share/hadoop/yarn/lib/guava-11.0.2.jar:/opt/hadoop/2.6.0/share/hadoop/yarn/lib/commons-httpclient-3.1.jar:/opt/hadoop/2.6.0/share/hadoop/yarn/lib/servlet-api-2.5.jar:/opt/hadoop/2.6.0/share/hadoop/yarn/lib/commons-cli-1.2.jar:/opt/hadoop/2.6.0/share/hadoop/yarn/lib/commons-compress-1.4.1.jar:/opt/hadoop/2.6.0/share/hadoop/yarn/lib/log4j-1.2.17.jar:/opt/hadoop/2.6.0/share/hadoop/yarn/lib/guice-3.0.jar:/opt/hadoop/2.6.0/share/hadoop/yarn/lib/jersey-guice-1.9.jar:/opt/hadoop/2.6.0/share/hadoop/yarn/lib/activation-1.1.jar:/opt/hadoop/2.6.0/share/hadoop/yarn/lib/jackson-jaxrs-1.9.13.jar:/opt/hadoop/2.6.0/share/hadoop/yarn/lib/guice-servlet-3.0.jar:/opt/hadoop/2.6.0/share/hadoop/yarn/lib/jersey-client-1.9.jar:/opt/hadoop/2.6.0/share/hadoop/yarn/lib/jaxb-impl-2.2.3-1.jar:/opt/hadoop/2.6.0/share/hadoop/yarn/lib/aopalliance-1.0.jar:/opt/hadoop/2.6.0/share/hadoop/yarn/lib/stax-api-1.0-2.jar:/opt/hadoop/2.6.0/share/hadoop/yarn/lib/jsr305-1.3.9.jar:/opt/hadoop/2.6.0/share/hadoop/yarn/lib/jetty-util-6.1.26.jar:/opt/hadoop/2.6.0/share/hadoop/yarn/lib/asm-3.2.jar:/opt/hadoop/2.6.0/share/hadoop/yarn/lib/jetty-6.1.26.jar:/opt/hadoop/2.6.0/share/hadoop/yarn/lib/commons-logging-1.1.3.jar:/opt/hadoop/2.6.0/share/hadoop/yarn/lib/commons-lang-2.6.jar:/opt/hadoop/2.6.0/share/hadoop/yarn/lib/jackson-xc-1.9.13.jar:/opt/hadoop/2.6.0/share/hadoop/yarn/lib/commons-io-2.4.jar:/opt/hadoop/2.6.0/share/hadoop/yarn/lib/xz-1.0.jar:/opt/hadoop/2.6.0/share/hadoop/yarn/lib/jackson-core-asl-1.9.13.jar:/opt/hadoop/2.6.0/share/hadoop/yarn/lib/netty-3.6.2.Final.jar:/opt/hadoop/2.6.0/share/hadoop/yarn/lib/jline-0.9.94.jar:/opt/hadoop/2.6.0/share/hadoop/yarn/lib/jackson-mapper-asl-1.9.13.jar:/opt/hadoop/2.6.0/share/hadoop/yarn/lib/zookeeper-3.4.6.jar:/opt/hadoop/2.6.0/share/hadoop/yarn/hadoop-yarn-applications-unmanaged-am-launcher-2.6.0.jar:/opt/hadoop/2.6.0/share/hadoop/yarn/hadoop-yarn-server-resourcemanager-2.6.0.jar:/opt/hadoop/2.6.0/share/hadoop/yarn/hadoop-yarn-registry-2.6.0.jar:/opt/hadoop/2.6.0/share/hadoop/yarn/hadoop-yarn-common-2.6.0.jar:/opt/hadoop/2.6.0/share/hadoop/yarn/hadoop-yarn-server-common-2.6.0.jar:/opt/hadoop/2.6.0/share/hadoop/yarn/hadoop-yarn-server-web-proxy-2.6.0.jar:/opt/hadoop/2.6.0/share/hadoop/yarn/hadoop-yarn-server-tests-2.6.0.jar:/opt/hadoop/2.6.0/share/hadoop/yarn/hadoop-yarn-client-2.6.0.jar:/opt/hadoop/2.6.0/share/hadoop/yarn/hadoop-yarn-server-applicationhistoryservice-2.6.0.jar:/opt/hadoop/2.6.0/share/hadoop/yarn/hadoop-yarn-server-nodemanager-2.6.0.jar:/opt/hadoop/2.6.0/share/hadoop/yarn/hadoop-yarn-applications-distributedshell-2.6.0.jar:/opt/hadoop/2.6.0/share/hadoop/yarn/hadoop-yarn-api-2.6.0.jar:/opt/hadoop/2.6.0/share/hadoop/mapreduce/lib/jersey-server-1.9.jar:/opt/hadoop/2.6.0/share/hadoop/mapreduce/lib/javax.inject-1.jar:/opt/hadoop/2.6.0/share/hadoop/mapreduce/lib/protobuf-java-2.5.0.jar:/opt/hadoop/2.6.0/share/hadoop/mapreduce/lib/leveldbjni-all-1.8.jar:/opt/hadoop/2.6.0/share/hadoop/mapreduce/lib/jersey-core-1.9.jar:/opt/hadoop/2.6.0/share/hadoop/mapreduce/lib/hadoop-annotations-2.6.0.jar:/opt/hadoop/2.6.0/share/hadoop/mapreduce/lib/commons-compress-1.4.1.jar:/opt/hadoop/2.6.0/share/hadoop/mapreduce/lib/log4j-1.2.17.jar:/opt/hadoop/2.6.0/share/hadoop/mapreduce/lib/guice-3.0.jar:/opt/hadoop/2.6.0/share/hadoop/mapreduce/lib/jersey-guice-1.9.jar:/opt/hadoop/2.6.0/share/hadoop/mapreduce/lib/hamcrest-core-1.3.jar:/opt/hadoop/2.6.0/share/hadoop/mapreduce/lib/guice-servlet-3.0.jar:/opt/hadoop/2.6.0/share/hadoop/mapreduce/lib/junit-4.11.jar:/opt/hadoop/2.6.0/share/hadoop/mapreduce/lib/aopalliance-1.0.jar:/opt/hadoop/2.6.0/share/hadoop/mapreduce/lib/paranamer-2.3.jar:/opt/hadoop/2.6.0/share/hadoop/mapreduce/lib/asm-3.2.jar:/opt/hadoop/2.6.0/share/hadoop/mapreduce/lib/avro-1.7.4.jar:/opt/hadoop/2.6.0/share/hadoop/mapreduce/lib/commons-io-2.4.jar:/opt/hadoop/2.6.0/share/hadoop/mapreduce/lib/xz-1.0.jar:/opt/hadoop/2.6.0/share/hadoop/mapreduce/lib/snappy-java-1.0.4.1.jar:/opt/hadoop/2.6.0/share/hadoop/mapreduce/lib/jackson-core-asl-1.9.13.jar:/opt/hadoop/2.6.0/share/hadoop/mapreduce/lib/netty-3.6.2.Final.jar:/opt/hadoop/2.6.0/share/hadoop/mapreduce/lib/jackson-mapper-asl-1.9.13.jar:/opt/hadoop/2.6.0/share/hadoop/mapreduce/hadoop-mapreduce-client-app-2.6.0.jar:/opt/hadoop/2.6.0/share/hadoop/mapreduce/hadoop-mapreduce-client-core-2.6.0.jar:/opt/hadoop/2.6.0/share/hadoop/mapreduce/hadoop-mapreduce-client-hs-plugins-2.6.0.jar:/opt/hadoop/2.6.0/share/hadoop/mapreduce/hadoop-mapreduce-examples-2.6.0.jar:/opt/hadoop/2.6.0/share/hadoop/mapreduce/hadoop-mapreduce-client-common-2.6.0.jar:/opt/hadoop/2.6.0/share/hadoop/mapreduce/hadoop-mapreduce-client-jobclient-2.6.0.jar:/opt/hadoop/2.6.0/share/hadoop/mapreduce/hadoop-mapreduce-client-jobclient-2.6.0-tests.jar:/opt/hadoop/2.6.0/share/hadoop/mapreduce/hadoop-mapreduce-client-shuffle-2.6.0.jar:/opt/hadoop/2.6.0/share/hadoop/mapreduce/hadoop-mapreduce-client-hs-2.6.0.jar:/opt/hadoop/2.6.0/contrib/capacity-scheduler/*.jar
STARTUP_MSG:   build = https://git-wip-us.apache.org/repos/asf/hadoop.git -r e3496499ecb8d220fba99dc5ed4c99c8f9e33bb1; compiled by 'jenkins' on 2014-11-13T21:10Z
STARTUP_MSG:   java = 1.8.0_212
************************************************************/
20/02/28 19:13:45 INFO namenode.NameNode: registered UNIX signal handlers for [TERM, HUP, INT]
20/02/28 19:13:45 INFO namenode.NameNode: createNameNode [-format]
20/02/28 19:13:46 WARN common.Util: Path /scratch/sxr3297/31809101/namenode_data should be specified as a URI in configuration files. Please update hdfs configuration.
20/02/28 19:13:46 WARN common.Util: Path /scratch/sxr3297/31809101/namenode_data should be specified as a URI in configuration files. Please update hdfs configuration.
Formatting using clusterid: CID-9ef66203-efc2-4d7c-8cc3-6edaa2e38c4e
20/02/28 19:13:46 INFO namenode.FSNamesystem: No KeyProvider found.
20/02/28 19:13:46 INFO namenode.FSNamesystem: fsLock is fair:true
20/02/28 19:13:46 INFO blockmanagement.DatanodeManager: dfs.block.invalidate.limit=1000
20/02/28 19:13:46 INFO blockmanagement.DatanodeManager: dfs.namenode.datanode.registration.ip-hostname-check=true
20/02/28 19:13:46 INFO blockmanagement.BlockManager: dfs.namenode.startup.delay.block.deletion.sec is set to 000:00:00:00.000
20/02/28 19:13:46 INFO blockmanagement.BlockManager: The block deletion will start around 2020 Feb 28 19:13:46
20/02/28 19:13:46 INFO util.GSet: Computing capacity for map BlocksMap
20/02/28 19:13:46 INFO util.GSet: VM type       = 64-bit
20/02/28 19:13:46 INFO util.GSet: 2.0% max memory 958.5 MB = 19.2 MB
20/02/28 19:13:46 INFO util.GSet: capacity      = 2^21 = 2097152 entries
20/02/28 19:13:46 INFO blockmanagement.BlockManager: dfs.block.access.token.enable=false
20/02/28 19:13:46 INFO blockmanagement.BlockManager: defaultReplication         = 3
20/02/28 19:13:46 INFO blockmanagement.BlockManager: maxReplication             = 512
20/02/28 19:13:46 INFO blockmanagement.BlockManager: minReplication             = 1
20/02/28 19:13:46 INFO blockmanagement.BlockManager: maxReplicationStreams      = 2
20/02/28 19:13:46 INFO blockmanagement.BlockManager: shouldCheckForEnoughRacks  = false
20/02/28 19:13:46 INFO blockmanagement.BlockManager: replicationRecheckInterval = 3000
20/02/28 19:13:46 INFO blockmanagement.BlockManager: encryptDataTransfer        = false
20/02/28 19:13:46 INFO blockmanagement.BlockManager: maxNumBlocksToLog          = 1000
20/02/28 19:13:46 INFO namenode.FSNamesystem: fsOwner             = sxr3297 (auth:SIMPLE)
20/02/28 19:13:46 INFO namenode.FSNamesystem: supergroup          = supergroup
20/02/28 19:13:46 INFO namenode.FSNamesystem: isPermissionEnabled = true
20/02/28 19:13:46 INFO namenode.FSNamesystem: HA Enabled: false
20/02/28 19:13:46 INFO namenode.FSNamesystem: Append Enabled: true
20/02/28 19:13:46 INFO util.GSet: Computing capacity for map INodeMap
20/02/28 19:13:46 INFO util.GSet: VM type       = 64-bit
20/02/28 19:13:46 INFO util.GSet: 1.0% max memory 958.5 MB = 9.6 MB
20/02/28 19:13:46 INFO util.GSet: capacity      = 2^20 = 1048576 entries
20/02/28 19:13:46 INFO namenode.NameNode: Caching file names occuring more than 10 times
20/02/28 19:13:46 INFO util.GSet: Computing capacity for map cachedBlocks
20/02/28 19:13:46 INFO util.GSet: VM type       = 64-bit
20/02/28 19:13:46 INFO util.GSet: 0.25% max memory 958.5 MB = 2.4 MB
20/02/28 19:13:46 INFO util.GSet: capacity      = 2^18 = 262144 entries
20/02/28 19:13:46 INFO namenode.FSNamesystem: dfs.namenode.safemode.threshold-pct = 0.9990000128746033
20/02/28 19:13:46 INFO namenode.FSNamesystem: dfs.namenode.safemode.min.datanodes = 0
20/02/28 19:13:46 INFO namenode.FSNamesystem: dfs.namenode.safemode.extension     = 30000
20/02/28 19:13:46 INFO namenode.FSNamesystem: Retry cache on namenode is enabled
20/02/28 19:13:46 INFO namenode.FSNamesystem: Retry cache will use 0.03 of total heap and retry cache entry expiry time is 600000 millis
20/02/28 19:13:46 INFO util.GSet: Computing capacity for map NameNodeRetryCache
20/02/28 19:13:46 INFO util.GSet: VM type       = 64-bit
20/02/28 19:13:46 INFO util.GSet: 0.029999999329447746% max memory 958.5 MB = 294.5 KB
20/02/28 19:13:46 INFO util.GSet: capacity      = 2^15 = 32768 entries
20/02/28 19:13:46 INFO namenode.NNConf: ACLs enabled? false
20/02/28 19:13:46 INFO namenode.NNConf: XAttrs enabled? true
20/02/28 19:13:46 INFO namenode.NNConf: Maximum size of an xattr: 16384
20/02/28 19:13:46 INFO namenode.FSImage: Allocated new BlockPoolId: BP-999849662-198.202.117.155-1582946026300
20/02/28 19:13:46 INFO common.Storage: Storage directory /scratch/sxr3297/31809101/namenode_data has been successfully formatted.
20/02/28 19:13:46 INFO namenode.NNStorageRetentionManager: Going to retain 1 images with txid >= 0
20/02/28 19:13:46 INFO util.ExitUtil: Exiting with status 0
20/02/28 19:13:46 INFO namenode.NameNode: SHUTDOWN_MSG: 
/************************************************************
SHUTDOWN_MSG: Shutting down NameNode at comet-25-03.sdsc.edu/198.202.117.155
************************************************************/
Starting namenodes on [comet-25-03.ibnet]
comet-25-03.ibnet: starting namenode, logging to /scratch/sxr3297/31809101/logs/hadoop-sxr3297-namenode-comet-25-03.sdsc.edu.out
comet-25-03.ibnet: starting datanode, logging to /scratch/sxr3297/31809101/logs/hadoop-sxr3297-datanode-comet-25-03.sdsc.edu.out
comet-25-06.ibnet: starting datanode, logging to /scratch/sxr3297/31809101/logs/hadoop-sxr3297-datanode-comet-25-06.sdsc.edu.out
Starting secondary namenodes [comet-25-03.ibnet]
comet-25-03.ibnet: starting secondarynamenode, logging to /scratch/sxr3297/31809101/logs/hadoop-sxr3297-secondarynamenode-comet-25-03.sdsc.edu.out
starting yarn daemons
starting resourcemanager, logging to /scratch/sxr3297/31809101/logs/yarn-sxr3297-resourcemanager-comet-25-03.out
comet-25-03.ibnet: starting nodemanager, logging to /scratch/sxr3297/31809101/logs/yarn-sxr3297-nodemanager-comet-25-03.sdsc.edu.out
comet-25-06.ibnet: starting nodemanager, logging to /scratch/sxr3297/31809101/logs/yarn-sxr3297-nodemanager-comet-25-06.sdsc.edu.out
20/02/28 19:14:18 INFO client.RMProxy: Connecting to ResourceManager at comet-25-03.ibnet/10.22.249.204:8032
20/02/28 19:14:18 WARN mapreduce.JobSubmitter: Hadoop command-line option parsing not performed. Implement the Tool interface and execute your application with ToolRunner to remedy this.
20/02/28 19:14:19 INFO input.FileInputFormat: Total input paths to process : 1
20/02/28 19:14:19 INFO mapreduce.JobSubmitter: number of splits:3
20/02/28 19:14:19 INFO mapreduce.JobSubmitter: Submitting tokens for job: job_1582946044184_0001
20/02/28 19:14:19 INFO impl.YarnClientImpl: Submitted application application_1582946044184_0001
20/02/28 19:14:19 INFO mapreduce.Job: The url to track the job: http://comet-25-03.ibnet:8088/proxy/application_1582946044184_0001/
20/02/28 19:14:19 INFO mapreduce.Job: Running job: job_1582946044184_0001
20/02/28 19:14:24 INFO mapreduce.Job: Job job_1582946044184_0001 running in uber mode : false
20/02/28 19:14:24 INFO mapreduce.Job:  map 0% reduce 0%
20/02/28 19:14:34 INFO mapreduce.Job:  map 2% reduce 0%
20/02/28 19:14:37 INFO mapreduce.Job:  map 4% reduce 0%
20/02/28 19:14:40 INFO mapreduce.Job:  map 5% reduce 0%
20/02/28 19:14:43 INFO mapreduce.Job:  map 6% reduce 0%
20/02/28 19:14:46 INFO mapreduce.Job:  map 7% reduce 0%
20/02/28 19:14:50 INFO mapreduce.Job:  map 9% reduce 0%
20/02/28 19:14:53 INFO mapreduce.Job:  map 10% reduce 0%
20/02/28 19:14:56 INFO mapreduce.Job:  map 11% reduce 0%
20/02/28 19:15:05 INFO mapreduce.Job:  map 12% reduce 0%
20/02/28 19:15:08 INFO mapreduce.Job:  map 13% reduce 0%
20/02/28 19:15:11 INFO mapreduce.Job:  map 15% reduce 0%
20/02/28 19:15:14 INFO mapreduce.Job:  map 16% reduce 0%
20/02/28 19:15:17 INFO mapreduce.Job:  map 17% reduce 0%
20/02/28 19:15:20 INFO mapreduce.Job:  map 18% reduce 0%
20/02/28 19:15:23 INFO mapreduce.Job:  map 20% reduce 0%
20/02/28 19:15:26 INFO mapreduce.Job:  map 21% reduce 0%
20/02/28 19:15:35 INFO mapreduce.Job:  map 22% reduce 0%
20/02/28 19:15:38 INFO mapreduce.Job:  map 23% reduce 0%
20/02/28 19:15:41 INFO mapreduce.Job:  map 25% reduce 0%
20/02/28 19:15:44 INFO mapreduce.Job:  map 26% reduce 0%
20/02/28 19:15:47 INFO mapreduce.Job:  map 27% reduce 0%
20/02/28 19:15:50 INFO mapreduce.Job:  map 29% reduce 0%
20/02/28 19:15:53 INFO mapreduce.Job:  map 30% reduce 0%
20/02/28 19:16:02 INFO mapreduce.Job:  map 31% reduce 0%
20/02/28 19:16:05 INFO mapreduce.Job:  map 32% reduce 0%
20/02/28 19:16:08 INFO mapreduce.Job:  map 34% reduce 0%
20/02/28 19:16:11 INFO mapreduce.Job:  map 35% reduce 0%
20/02/28 19:16:14 INFO mapreduce.Job:  map 36% reduce 0%
20/02/28 19:16:17 INFO mapreduce.Job:  map 37% reduce 0%
20/02/28 19:16:20 INFO mapreduce.Job:  map 39% reduce 0%
20/02/28 19:16:29 INFO mapreduce.Job:  map 40% reduce 0%
20/02/28 19:16:32 INFO mapreduce.Job:  map 52% reduce 0%
20/02/28 19:16:38 INFO mapreduce.Job:  map 53% reduce 0%
20/02/28 19:16:42 INFO mapreduce.Job:  map 53% reduce 11%
20/02/28 19:16:44 INFO mapreduce.Job:  map 54% reduce 11%
20/02/28 19:16:48 INFO mapreduce.Job:  map 55% reduce 11%
20/02/28 19:17:00 INFO mapreduce.Job:  map 56% reduce 11%
20/02/28 19:17:06 INFO mapreduce.Job:  map 57% reduce 11%
20/02/28 19:17:12 INFO mapreduce.Job:  map 58% reduce 11%
20/02/28 19:17:18 INFO mapreduce.Job:  map 59% reduce 11%
20/02/28 19:17:30 INFO mapreduce.Job:  map 60% reduce 11%
20/02/28 19:17:33 INFO mapreduce.Job:  map 61% reduce 11%
20/02/28 19:17:39 INFO mapreduce.Job:  map 62% reduce 11%
20/02/28 19:17:45 INFO mapreduce.Job:  map 63% reduce 11%
20/02/28 19:17:57 INFO mapreduce.Job:  map 64% reduce 11%
20/02/28 19:18:03 INFO mapreduce.Job:  map 65% reduce 11%
20/02/28 19:18:09 INFO mapreduce.Job:  map 66% reduce 11%
20/02/28 19:18:12 INFO mapreduce.Job:  map 67% reduce 11%
20/02/28 19:18:25 INFO mapreduce.Job:  map 68% reduce 11%
20/02/28 19:18:31 INFO mapreduce.Job:  map 69% reduce 11%
20/02/28 19:18:37 INFO mapreduce.Job:  map 70% reduce 11%
20/02/28 19:18:43 INFO mapreduce.Job:  map 71% reduce 11%
20/02/28 19:18:56 INFO mapreduce.Job:  map 72% reduce 11%
20/02/28 19:18:59 INFO mapreduce.Job:  map 73% reduce 11%
20/02/28 19:19:05 INFO mapreduce.Job:  map 74% reduce 11%
20/02/28 19:19:11 INFO mapreduce.Job:  map 75% reduce 11%
20/02/28 19:19:23 INFO mapreduce.Job:  map 76% reduce 11%
20/02/28 19:19:29 INFO mapreduce.Job:  map 77% reduce 11%
20/02/28 19:19:35 INFO mapreduce.Job:  map 78% reduce 11%
20/02/28 19:19:42 INFO mapreduce.Job:  map 100% reduce 11%
20/02/28 19:19:43 INFO mapreduce.Job:  map 100% reduce 100%
20/02/28 19:19:43 INFO mapreduce.Job: Job job_1582946044184_0001 completed successfully
20/02/28 19:19:43 INFO mapreduce.Job: Counters: 50
	File System Counters
		FILE: Number of bytes read=261300
		FILE: Number of bytes written=708659
		FILE: Number of read operations=0
		FILE: Number of large read operations=0
		FILE: Number of write operations=0
		HDFS: Number of bytes read=321333367
		HDFS: Number of bytes written=9654
		HDFS: Number of read operations=12
		HDFS: Number of large read operations=0
		HDFS: Number of write operations=2
	Job Counters 
		Killed map tasks=2
		Launched map tasks=5
		Launched reduce tasks=1
		Data-local map tasks=5
		Total time spent by all maps in occupied slots (ms)=1115890
		Total time spent by all reduces in occupied slots (ms)=186928
		Total time spent by all map tasks (ms)=1115890
		Total time spent by all reduce tasks (ms)=186928
		Total vcore-seconds taken by all map tasks=1115890
		Total vcore-seconds taken by all reduce tasks=186928
		Total megabyte-seconds taken by all map tasks=1142671360
		Total megabyte-seconds taken by all reduce tasks=191414272
	Map-Reduce Framework
		Map input records=30000000
		Map output records=90000000
		Map output bytes=720000000
		Map output materialized bytes=23058
		Input split bytes=375
		Combine input records=90020736
		Combine output records=23040
		Reduce input groups=768
		Reduce shuffle bytes=23058
		Reduce input records=2304
		Reduce output records=768
		Spilled Records=28416
		Shuffled Maps =3
		Failed Shuffles=0
		Merged Map outputs=3
		GC time elapsed (ms)=30473
		CPU time spent (ms)=1126130
		Physical memory (bytes) snapshot=1077587968
		Virtual memory (bytes) snapshot=8839168000
		Total committed heap usage (bytes)=750780416
	Shuffle Errors
		BAD_ID=0
		CONNECTION=0
		IO_ERROR=0
		WRONG_LENGTH=0
		WRONG_MAP=0
		WRONG_REDUCE=0
	File Input Format Counters 
		Bytes Read=321332992
	File Output Format Counters 
		Bytes Written=9654
20/02/28 19:19:43 INFO client.RMProxy: Connecting to ResourceManager at comet-25-03.ibnet/10.22.249.204:8032
20/02/28 19:19:43 WARN mapreduce.JobSubmitter: Hadoop command-line option parsing not performed. Implement the Tool interface and execute your application with ToolRunner to remedy this.
20/02/28 19:19:43 INFO input.FileInputFormat: Total input paths to process : 1
20/02/28 19:19:43 INFO mapreduce.JobSubmitter: number of splits:3
20/02/28 19:19:43 INFO mapreduce.JobSubmitter: Submitting tokens for job: job_1582946044184_0002
20/02/28 19:19:43 INFO impl.YarnClientImpl: Submitted application application_1582946044184_0002
20/02/28 19:19:43 INFO mapreduce.Job: The url to track the job: http://comet-25-03.ibnet:8088/proxy/application_1582946044184_0002/
20/02/28 19:19:43 INFO mapreduce.Job: Running job: job_1582946044184_0002
20/02/28 19:19:48 INFO mapreduce.Job: Job job_1582946044184_0002 running in uber mode : false
20/02/28 19:19:48 INFO mapreduce.Job:  map 0% reduce 0%
20/02/28 19:19:50 INFO mapreduce.Job: Task Id : attempt_1582946044184_0002_m_000001_0, Status : FAILED
Error: null
20/02/28 19:19:50 INFO mapreduce.Job: Task Id : attempt_1582946044184_0002_m_000000_0, Status : FAILED
Error: null
20/02/28 19:19:50 INFO mapreduce.Job: Task Id : attempt_1582946044184_0002_m_000002_0, Status : FAILED
Error: null
20/02/28 19:19:53 INFO mapreduce.Job: Task Id : attempt_1582946044184_0002_m_000001_1, Status : FAILED
Error: null
20/02/28 19:19:54 INFO mapreduce.Job: Task Id : attempt_1582946044184_0002_m_000002_1, Status : FAILED
Error: null
20/02/28 19:19:54 INFO mapreduce.Job: Task Id : attempt_1582946044184_0002_m_000000_1, Status : FAILED
Error: null
20/02/28 19:19:55 INFO mapreduce.Job: Task Id : attempt_1582946044184_0002_m_000001_2, Status : FAILED
Error: null
20/02/28 19:19:56 INFO mapreduce.Job: Task Id : attempt_1582946044184_0002_m_000002_2, Status : FAILED
Error: null
20/02/28 19:19:58 INFO mapreduce.Job:  map 100% reduce 100%
20/02/28 19:19:58 INFO mapreduce.Job: Job job_1582946044184_0002 failed with state FAILED due to: Task failed task_1582946044184_0002_m_000001
Job failed as tasks failed. failedMaps:1 failedReduces:0

20/02/28 19:19:58 INFO mapreduce.Job: Counters: 13
	Job Counters 
		Failed map tasks=9
		Killed map tasks=2
		Launched map tasks=11
		Other local map tasks=8
		Data-local map tasks=3
		Total time spent by all maps in occupied slots (ms)=16995
		Total time spent by all reduces in occupied slots (ms)=0
		Total time spent by all map tasks (ms)=16995
		Total vcore-seconds taken by all map tasks=16995
		Total megabyte-seconds taken by all map tasks=17402880
	Map-Reduce Framework
		CPU time spent (ms)=0
		Physical memory (bytes) snapshot=0
		Virtual memory (bytes) snapshot=0
get: `/user/sxr3297/output2/part*': No such file or directory
stopping yarn daemons
stopping resourcemanager
comet-25-03.ibnet: stopping nodemanager
comet-25-03.ibnet: nodemanager did not stop gracefully after 5 seconds: killing with kill -9
comet-25-06.ibnet: stopping nodemanager
comet-25-06.ibnet: nodemanager did not stop gracefully after 5 seconds: killing with kill -9
no proxyserver to stop
Stopping namenodes on [comet-25-03.ibnet]
comet-25-03.ibnet: stopping namenode
comet-25-03.ibnet: stopping datanode
comet-25-06.ibnet: stopping datanode
Stopping secondary namenodes [comet-25-03.ibnet]
comet-25-03.ibnet: stopping secondarynamenode
Copying Hadoop logs back to /home/sxr3297/cometcluster/logs...
‘/scratch/sxr3297/31809101/logs’ -> ‘/home/sxr3297/cometcluster/logs’
‘/scratch/sxr3297/31809101/logs/SecurityAuth-sxr3297.audit’ -> ‘/home/sxr3297/cometcluster/logs/SecurityAuth-sxr3297.audit’
‘/scratch/sxr3297/31809101/logs/yarn-sxr3297-nodemanager-comet-25-03.sdsc.edu.log’ -> ‘/home/sxr3297/cometcluster/logs/yarn-sxr3297-nodemanager-comet-25-03.sdsc.edu.log’
‘/scratch/sxr3297/31809101/logs/yarn-sxr3297-resourcemanager-comet-25-03.log’ -> ‘/home/sxr3297/cometcluster/logs/yarn-sxr3297-resourcemanager-comet-25-03.log’
‘/scratch/sxr3297/31809101/logs/hadoop-sxr3297-datanode-comet-25-03.sdsc.edu.out’ -> ‘/home/sxr3297/cometcluster/logs/hadoop-sxr3297-datanode-comet-25-03.sdsc.edu.out’
‘/scratch/sxr3297/31809101/logs/hadoop-sxr3297-secondarynamenode-comet-25-03.sdsc.edu.out’ -> ‘/home/sxr3297/cometcluster/logs/hadoop-sxr3297-secondarynamenode-comet-25-03.sdsc.edu.out’
‘/scratch/sxr3297/31809101/logs/hadoop-sxr3297-namenode-comet-25-03.sdsc.edu.out’ -> ‘/home/sxr3297/cometcluster/logs/hadoop-sxr3297-namenode-comet-25-03.sdsc.edu.out’
‘/scratch/sxr3297/31809101/logs/hadoop-sxr3297-secondarynamenode-comet-25-03.sdsc.edu.log’ -> ‘/home/sxr3297/cometcluster/logs/hadoop-sxr3297-secondarynamenode-comet-25-03.sdsc.edu.log’
‘/scratch/sxr3297/31809101/logs/hadoop-sxr3297-namenode-comet-25-03.sdsc.edu.log’ -> ‘/home/sxr3297/cometcluster/logs/hadoop-sxr3297-namenode-comet-25-03.sdsc.edu.log’
‘/scratch/sxr3297/31809101/logs/yarn-sxr3297-resourcemanager-comet-25-03.out’ -> ‘/home/sxr3297/cometcluster/logs/yarn-sxr3297-resourcemanager-comet-25-03.out’
‘/scratch/sxr3297/31809101/logs/hadoop-sxr3297-datanode-comet-25-03.sdsc.edu.log’ -> ‘/home/sxr3297/cometcluster/logs/hadoop-sxr3297-datanode-comet-25-03.sdsc.edu.log’
‘/scratch/sxr3297/31809101/logs/userlogs’ -> ‘/home/sxr3297/cometcluster/logs/userlogs’
‘/scratch/sxr3297/31809101/logs/userlogs/application_1582946044184_0001’ -> ‘/home/sxr3297/cometcluster/logs/userlogs/application_1582946044184_0001’
‘/scratch/sxr3297/31809101/logs/userlogs/application_1582946044184_0001/container_1582946044184_0001_01_000006’ -> ‘/home/sxr3297/cometcluster/logs/userlogs/application_1582946044184_0001/container_1582946044184_0001_01_000006’
‘/scratch/sxr3297/31809101/logs/userlogs/application_1582946044184_0001/container_1582946044184_0001_01_000006/syslog’ -> ‘/home/sxr3297/cometcluster/logs/userlogs/application_1582946044184_0001/container_1582946044184_0001_01_000006/syslog’
‘/scratch/sxr3297/31809101/logs/userlogs/application_1582946044184_0001/container_1582946044184_0001_01_000006/stdout’ -> ‘/home/sxr3297/cometcluster/logs/userlogs/application_1582946044184_0001/container_1582946044184_0001_01_000006/stdout’
‘/scratch/sxr3297/31809101/logs/userlogs/application_1582946044184_0001/container_1582946044184_0001_01_000006/stderr’ -> ‘/home/sxr3297/cometcluster/logs/userlogs/application_1582946044184_0001/container_1582946044184_0001_01_000006/stderr’
‘/scratch/sxr3297/31809101/logs/userlogs/application_1582946044184_0001/container_1582946044184_0001_01_000005’ -> ‘/home/sxr3297/cometcluster/logs/userlogs/application_1582946044184_0001/container_1582946044184_0001_01_000005’
‘/scratch/sxr3297/31809101/logs/userlogs/application_1582946044184_0001/container_1582946044184_0001_01_000005/stderr’ -> ‘/home/sxr3297/cometcluster/logs/userlogs/application_1582946044184_0001/container_1582946044184_0001_01_000005/stderr’
‘/scratch/sxr3297/31809101/logs/userlogs/application_1582946044184_0001/container_1582946044184_0001_01_000005/stdout’ -> ‘/home/sxr3297/cometcluster/logs/userlogs/application_1582946044184_0001/container_1582946044184_0001_01_000005/stdout’
‘/scratch/sxr3297/31809101/logs/userlogs/application_1582946044184_0001/container_1582946044184_0001_01_000005/syslog’ -> ‘/home/sxr3297/cometcluster/logs/userlogs/application_1582946044184_0001/container_1582946044184_0001_01_000005/syslog’
‘/scratch/sxr3297/31809101/logs/userlogs/application_1582946044184_0001/container_1582946044184_0001_01_000002’ -> ‘/home/sxr3297/cometcluster/logs/userlogs/application_1582946044184_0001/container_1582946044184_0001_01_000002’
‘/scratch/sxr3297/31809101/logs/userlogs/application_1582946044184_0001/container_1582946044184_0001_01_000002/stderr’ -> ‘/home/sxr3297/cometcluster/logs/userlogs/application_1582946044184_0001/container_1582946044184_0001_01_000002/stderr’
‘/scratch/sxr3297/31809101/logs/userlogs/application_1582946044184_0001/container_1582946044184_0001_01_000002/stdout’ -> ‘/home/sxr3297/cometcluster/logs/userlogs/application_1582946044184_0001/container_1582946044184_0001_01_000002/stdout’
‘/scratch/sxr3297/31809101/logs/userlogs/application_1582946044184_0001/container_1582946044184_0001_01_000002/syslog’ -> ‘/home/sxr3297/cometcluster/logs/userlogs/application_1582946044184_0001/container_1582946044184_0001_01_000002/syslog’
‘/scratch/sxr3297/31809101/logs/userlogs/application_1582946044184_0001/container_1582946044184_0001_01_000007’ -> ‘/home/sxr3297/cometcluster/logs/userlogs/application_1582946044184_0001/container_1582946044184_0001_01_000007’
‘/scratch/sxr3297/31809101/logs/userlogs/application_1582946044184_0001/container_1582946044184_0001_01_000007/stderr’ -> ‘/home/sxr3297/cometcluster/logs/userlogs/application_1582946044184_0001/container_1582946044184_0001_01_000007/stderr’
‘/scratch/sxr3297/31809101/logs/userlogs/application_1582946044184_0001/container_1582946044184_0001_01_000007/stdout’ -> ‘/home/sxr3297/cometcluster/logs/userlogs/application_1582946044184_0001/container_1582946044184_0001_01_000007/stdout’
‘/scratch/sxr3297/31809101/logs/userlogs/application_1582946044184_0001/container_1582946044184_0001_01_000007/syslog’ -> ‘/home/sxr3297/cometcluster/logs/userlogs/application_1582946044184_0001/container_1582946044184_0001_01_000007/syslog’
‘/scratch/sxr3297/31809101/logs/userlogs/application_1582946044184_0001/container_1582946044184_0001_01_000003’ -> ‘/home/sxr3297/cometcluster/logs/userlogs/application_1582946044184_0001/container_1582946044184_0001_01_000003’
‘/scratch/sxr3297/31809101/logs/userlogs/application_1582946044184_0001/container_1582946044184_0001_01_000003/stderr’ -> ‘/home/sxr3297/cometcluster/logs/userlogs/application_1582946044184_0001/container_1582946044184_0001_01_000003/stderr’
‘/scratch/sxr3297/31809101/logs/userlogs/application_1582946044184_0001/container_1582946044184_0001_01_000003/syslog’ -> ‘/home/sxr3297/cometcluster/logs/userlogs/application_1582946044184_0001/container_1582946044184_0001_01_000003/syslog’
‘/scratch/sxr3297/31809101/logs/userlogs/application_1582946044184_0001/container_1582946044184_0001_01_000003/stdout’ -> ‘/home/sxr3297/cometcluster/logs/userlogs/application_1582946044184_0001/container_1582946044184_0001_01_000003/stdout’
‘/scratch/sxr3297/31809101/logs/userlogs/application_1582946044184_0001/container_1582946044184_0001_01_000004’ -> ‘/home/sxr3297/cometcluster/logs/userlogs/application_1582946044184_0001/container_1582946044184_0001_01_000004’
‘/scratch/sxr3297/31809101/logs/userlogs/application_1582946044184_0001/container_1582946044184_0001_01_000004/syslog’ -> ‘/home/sxr3297/cometcluster/logs/userlogs/application_1582946044184_0001/container_1582946044184_0001_01_000004/syslog’
‘/scratch/sxr3297/31809101/logs/userlogs/application_1582946044184_0001/container_1582946044184_0001_01_000004/stdout’ -> ‘/home/sxr3297/cometcluster/logs/userlogs/application_1582946044184_0001/container_1582946044184_0001_01_000004/stdout’
‘/scratch/sxr3297/31809101/logs/userlogs/application_1582946044184_0001/container_1582946044184_0001_01_000004/stderr’ -> ‘/home/sxr3297/cometcluster/logs/userlogs/application_1582946044184_0001/container_1582946044184_0001_01_000004/stderr’
‘/scratch/sxr3297/31809101/logs/userlogs/application_1582946044184_0002’ -> ‘/home/sxr3297/cometcluster/logs/userlogs/application_1582946044184_0002’
‘/scratch/sxr3297/31809101/logs/userlogs/application_1582946044184_0002/container_1582946044184_0002_01_000006’ -> ‘/home/sxr3297/cometcluster/logs/userlogs/application_1582946044184_0002/container_1582946044184_0002_01_000006’
‘/scratch/sxr3297/31809101/logs/userlogs/application_1582946044184_0002/container_1582946044184_0002_01_000006/stdout’ -> ‘/home/sxr3297/cometcluster/logs/userlogs/application_1582946044184_0002/container_1582946044184_0002_01_000006/stdout’
‘/scratch/sxr3297/31809101/logs/userlogs/application_1582946044184_0002/container_1582946044184_0002_01_000006/syslog’ -> ‘/home/sxr3297/cometcluster/logs/userlogs/application_1582946044184_0002/container_1582946044184_0002_01_000006/syslog’
‘/scratch/sxr3297/31809101/logs/userlogs/application_1582946044184_0002/container_1582946044184_0002_01_000006/stderr’ -> ‘/home/sxr3297/cometcluster/logs/userlogs/application_1582946044184_0002/container_1582946044184_0002_01_000006/stderr’
‘/scratch/sxr3297/31809101/logs/userlogs/application_1582946044184_0002/container_1582946044184_0002_01_000008’ -> ‘/home/sxr3297/cometcluster/logs/userlogs/application_1582946044184_0002/container_1582946044184_0002_01_000008’
‘/scratch/sxr3297/31809101/logs/userlogs/application_1582946044184_0002/container_1582946044184_0002_01_000008/syslog’ -> ‘/home/sxr3297/cometcluster/logs/userlogs/application_1582946044184_0002/container_1582946044184_0002_01_000008/syslog’
‘/scratch/sxr3297/31809101/logs/userlogs/application_1582946044184_0002/container_1582946044184_0002_01_000008/stdout’ -> ‘/home/sxr3297/cometcluster/logs/userlogs/application_1582946044184_0002/container_1582946044184_0002_01_000008/stdout’
‘/scratch/sxr3297/31809101/logs/userlogs/application_1582946044184_0002/container_1582946044184_0002_01_000008/stderr’ -> ‘/home/sxr3297/cometcluster/logs/userlogs/application_1582946044184_0002/container_1582946044184_0002_01_000008/stderr’
‘/scratch/sxr3297/31809101/logs/userlogs/application_1582946044184_0002/container_1582946044184_0002_01_000011’ -> ‘/home/sxr3297/cometcluster/logs/userlogs/application_1582946044184_0002/container_1582946044184_0002_01_000011’
‘/scratch/sxr3297/31809101/logs/userlogs/application_1582946044184_0002/container_1582946044184_0002_01_000011/syslog’ -> ‘/home/sxr3297/cometcluster/logs/userlogs/application_1582946044184_0002/container_1582946044184_0002_01_000011/syslog’
‘/scratch/sxr3297/31809101/logs/userlogs/application_1582946044184_0002/container_1582946044184_0002_01_000011/stdout’ -> ‘/home/sxr3297/cometcluster/logs/userlogs/application_1582946044184_0002/container_1582946044184_0002_01_000011/stdout’
‘/scratch/sxr3297/31809101/logs/userlogs/application_1582946044184_0002/container_1582946044184_0002_01_000011/stderr’ -> ‘/home/sxr3297/cometcluster/logs/userlogs/application_1582946044184_0002/container_1582946044184_0002_01_000011/stderr’
‘/scratch/sxr3297/31809101/logs/userlogs/application_1582946044184_0002/container_1582946044184_0002_01_000005’ -> ‘/home/sxr3297/cometcluster/logs/userlogs/application_1582946044184_0002/container_1582946044184_0002_01_000005’
‘/scratch/sxr3297/31809101/logs/userlogs/application_1582946044184_0002/container_1582946044184_0002_01_000005/stderr’ -> ‘/home/sxr3297/cometcluster/logs/userlogs/application_1582946044184_0002/container_1582946044184_0002_01_000005/stderr’
‘/scratch/sxr3297/31809101/logs/userlogs/application_1582946044184_0002/container_1582946044184_0002_01_000005/syslog’ -> ‘/home/sxr3297/cometcluster/logs/userlogs/application_1582946044184_0002/container_1582946044184_0002_01_000005/syslog’
‘/scratch/sxr3297/31809101/logs/userlogs/application_1582946044184_0002/container_1582946044184_0002_01_000005/stdout’ -> ‘/home/sxr3297/cometcluster/logs/userlogs/application_1582946044184_0002/container_1582946044184_0002_01_000005/stdout’
‘/scratch/sxr3297/31809101/logs/userlogs/application_1582946044184_0002/container_1582946044184_0002_01_000013’ -> ‘/home/sxr3297/cometcluster/logs/userlogs/application_1582946044184_0002/container_1582946044184_0002_01_000013’
‘/scratch/sxr3297/31809101/logs/userlogs/application_1582946044184_0002/container_1582946044184_0002_01_000013/stderr’ -> ‘/home/sxr3297/cometcluster/logs/userlogs/application_1582946044184_0002/container_1582946044184_0002_01_000013/stderr’
‘/scratch/sxr3297/31809101/logs/userlogs/application_1582946044184_0002/container_1582946044184_0002_01_000013/stdout’ -> ‘/home/sxr3297/cometcluster/logs/userlogs/application_1582946044184_0002/container_1582946044184_0002_01_000013/stdout’
‘/scratch/sxr3297/31809101/logs/userlogs/application_1582946044184_0002/container_1582946044184_0002_01_000013/syslog’ -> ‘/home/sxr3297/cometcluster/logs/userlogs/application_1582946044184_0002/container_1582946044184_0002_01_000013/syslog’
‘/scratch/sxr3297/31809101/logs/yarn-sxr3297-nodemanager-comet-25-03.sdsc.edu.out’ -> ‘/home/sxr3297/cometcluster/logs/yarn-sxr3297-nodemanager-comet-25-03.sdsc.edu.out’
removed directory: ‘/scratch/sxr3297/31809101/mapred_scratch/usercache/sxr3297/filecache’
removed directory: ‘/scratch/sxr3297/31809101/mapred_scratch/usercache/sxr3297/appcache’
removed directory: ‘/scratch/sxr3297/31809101/mapred_scratch/usercache/sxr3297’
removed directory: ‘/scratch/sxr3297/31809101/mapred_scratch/usercache’
removed directory: ‘/scratch/sxr3297/31809101/mapred_scratch/nmPrivate’
removed directory: ‘/scratch/sxr3297/31809101/mapred_scratch/filecache’
removed directory: ‘/scratch/sxr3297/31809101/mapred_scratch’
removed ‘/scratch/sxr3297/31809101/tmp/dfs/namesecondary/current/VERSION’
removed ‘/scratch/sxr3297/31809101/tmp/dfs/namesecondary/current/fsimage_0000000000000000063.md5’
removed ‘/scratch/sxr3297/31809101/tmp/dfs/namesecondary/current/fsimage_0000000000000000000.md5’
removed ‘/scratch/sxr3297/31809101/tmp/dfs/namesecondary/current/fsimage_0000000000000000000’
removed ‘/scratch/sxr3297/31809101/tmp/dfs/namesecondary/current/edits_0000000000000000001-0000000000000000063’
removed ‘/scratch/sxr3297/31809101/tmp/dfs/namesecondary/current/fsimage_0000000000000000063’
removed directory: ‘/scratch/sxr3297/31809101/tmp/dfs/namesecondary/current’
removed directory: ‘/scratch/sxr3297/31809101/tmp/dfs/namesecondary’
removed directory: ‘/scratch/sxr3297/31809101/tmp/dfs’
removed directory: ‘/scratch/sxr3297/31809101/tmp’
removed ‘/scratch/sxr3297/31809101/namenode_data/current/fsimage_0000000000000000000’
removed ‘/scratch/sxr3297/31809101/namenode_data/current/seen_txid’
removed ‘/scratch/sxr3297/31809101/namenode_data/current/fsimage_0000000000000000063’
removed ‘/scratch/sxr3297/31809101/namenode_data/current/edits_0000000000000000001-0000000000000000063’
removed ‘/scratch/sxr3297/31809101/namenode_data/current/edits_inprogress_0000000000000000064’
removed ‘/scratch/sxr3297/31809101/namenode_data/current/fsimage_0000000000000000000.md5’
removed ‘/scratch/sxr3297/31809101/namenode_data/current/VERSION’
removed ‘/scratch/sxr3297/31809101/namenode_data/current/fsimage_0000000000000000063.md5’
removed directory: ‘/scratch/sxr3297/31809101/namenode_data/current’
removed directory: ‘/scratch/sxr3297/31809101/namenode_data’
removed ‘/scratch/sxr3297/31809101/hdfs_data/current/VERSION’
removed directory: ‘/scratch/sxr3297/31809101/hdfs_data/current/BP-999849662-198.202.117.155-1582946026300/tmp’
removed ‘/scratch/sxr3297/31809101/hdfs_data/current/BP-999849662-198.202.117.155-1582946026300/dncp_block_verification.log.prev’
removed ‘/scratch/sxr3297/31809101/hdfs_data/current/BP-999849662-198.202.117.155-1582946026300/current/finalized/subdir0/subdir0/blk_1073741846’
removed ‘/scratch/sxr3297/31809101/hdfs_data/current/BP-999849662-198.202.117.155-1582946026300/current/finalized/subdir0/subdir0/blk_1073741825_1001.meta’
removed ‘/scratch/sxr3297/31809101/hdfs_data/current/BP-999849662-198.202.117.155-1582946026300/current/finalized/subdir0/subdir0/blk_1073741837_1013.meta’
removed ‘/scratch/sxr3297/31809101/hdfs_data/current/BP-999849662-198.202.117.155-1582946026300/current/finalized/subdir0/subdir0/blk_1073741846_1022.meta’
removed ‘/scratch/sxr3297/31809101/hdfs_data/current/BP-999849662-198.202.117.155-1582946026300/current/finalized/subdir0/subdir0/blk_1073741825’
removed ‘/scratch/sxr3297/31809101/hdfs_data/current/BP-999849662-198.202.117.155-1582946026300/current/finalized/subdir0/subdir0/blk_1073741836’
removed ‘/scratch/sxr3297/31809101/hdfs_data/current/BP-999849662-198.202.117.155-1582946026300/current/finalized/subdir0/subdir0/blk_1073741845’
removed ‘/scratch/sxr3297/31809101/hdfs_data/current/BP-999849662-198.202.117.155-1582946026300/current/finalized/subdir0/subdir0/blk_1073741826’
removed ‘/scratch/sxr3297/31809101/hdfs_data/current/BP-999849662-198.202.117.155-1582946026300/current/finalized/subdir0/subdir0/blk_1073741836_1012.meta’
removed ‘/scratch/sxr3297/31809101/hdfs_data/current/BP-999849662-198.202.117.155-1582946026300/current/finalized/subdir0/subdir0/blk_1073741835’
removed ‘/scratch/sxr3297/31809101/hdfs_data/current/BP-999849662-198.202.117.155-1582946026300/current/finalized/subdir0/subdir0/blk_1073741837’
removed ‘/scratch/sxr3297/31809101/hdfs_data/current/BP-999849662-198.202.117.155-1582946026300/current/finalized/subdir0/subdir0/blk_1073741845_1021.meta’
removed ‘/scratch/sxr3297/31809101/hdfs_data/current/BP-999849662-198.202.117.155-1582946026300/current/finalized/subdir0/subdir0/blk_1073741834_1010.meta’
removed ‘/scratch/sxr3297/31809101/hdfs_data/current/BP-999849662-198.202.117.155-1582946026300/current/finalized/subdir0/subdir0/blk_1073741826_1002.meta’
removed ‘/scratch/sxr3297/31809101/hdfs_data/current/BP-999849662-198.202.117.155-1582946026300/current/finalized/subdir0/subdir0/blk_1073741834’
removed ‘/scratch/sxr3297/31809101/hdfs_data/current/BP-999849662-198.202.117.155-1582946026300/current/finalized/subdir0/subdir0/blk_1073741835_1011.meta’
removed ‘/scratch/sxr3297/31809101/hdfs_data/current/BP-999849662-198.202.117.155-1582946026300/current/finalized/subdir0/subdir0/blk_1073741827_1003.meta’
removed ‘/scratch/sxr3297/31809101/hdfs_data/current/BP-999849662-198.202.117.155-1582946026300/current/finalized/subdir0/subdir0/blk_1073741827’
removed ‘/scratch/sxr3297/31809101/hdfs_data/current/BP-999849662-198.202.117.155-1582946026300/current/finalized/subdir0/subdir0/blk_1073741844’
removed ‘/scratch/sxr3297/31809101/hdfs_data/current/BP-999849662-198.202.117.155-1582946026300/current/finalized/subdir0/subdir0/blk_1073741844_1020.meta’
removed directory: ‘/scratch/sxr3297/31809101/hdfs_data/current/BP-999849662-198.202.117.155-1582946026300/current/finalized/subdir0/subdir0’
removed directory: ‘/scratch/sxr3297/31809101/hdfs_data/current/BP-999849662-198.202.117.155-1582946026300/current/finalized/subdir0’
removed directory: ‘/scratch/sxr3297/31809101/hdfs_data/current/BP-999849662-198.202.117.155-1582946026300/current/finalized’
removed ‘/scratch/sxr3297/31809101/hdfs_data/current/BP-999849662-198.202.117.155-1582946026300/current/dfsUsed’
removed directory: ‘/scratch/sxr3297/31809101/hdfs_data/current/BP-999849662-198.202.117.155-1582946026300/current/rbw’
removed ‘/scratch/sxr3297/31809101/hdfs_data/current/BP-999849662-198.202.117.155-1582946026300/current/VERSION’
removed directory: ‘/scratch/sxr3297/31809101/hdfs_data/current/BP-999849662-198.202.117.155-1582946026300/current’
removed ‘/scratch/sxr3297/31809101/hdfs_data/current/BP-999849662-198.202.117.155-1582946026300/dncp_block_verification.log.curr’
removed directory: ‘/scratch/sxr3297/31809101/hdfs_data/current/BP-999849662-198.202.117.155-1582946026300’
removed directory: ‘/scratch/sxr3297/31809101/hdfs_data/current’
removed directory: ‘/scratch/sxr3297/31809101/hdfs_data’
removed directory: ‘/scratch/sxr3297/31809101/pids’
removed ‘/scratch/sxr3297/31809101/logs/SecurityAuth-sxr3297.audit’
removed ‘/scratch/sxr3297/31809101/logs/yarn-sxr3297-nodemanager-comet-25-03.sdsc.edu.log’
removed ‘/scratch/sxr3297/31809101/logs/yarn-sxr3297-resourcemanager-comet-25-03.log’
removed ‘/scratch/sxr3297/31809101/logs/hadoop-sxr3297-datanode-comet-25-03.sdsc.edu.out’
removed ‘/scratch/sxr3297/31809101/logs/hadoop-sxr3297-secondarynamenode-comet-25-03.sdsc.edu.out’
removed ‘/scratch/sxr3297/31809101/logs/hadoop-sxr3297-namenode-comet-25-03.sdsc.edu.out’
removed ‘/scratch/sxr3297/31809101/logs/hadoop-sxr3297-secondarynamenode-comet-25-03.sdsc.edu.log’
removed ‘/scratch/sxr3297/31809101/logs/hadoop-sxr3297-namenode-comet-25-03.sdsc.edu.log’
removed ‘/scratch/sxr3297/31809101/logs/yarn-sxr3297-resourcemanager-comet-25-03.out’
removed ‘/scratch/sxr3297/31809101/logs/hadoop-sxr3297-datanode-comet-25-03.sdsc.edu.log’
removed ‘/scratch/sxr3297/31809101/logs/userlogs/application_1582946044184_0001/container_1582946044184_0001_01_000006/syslog’
removed ‘/scratch/sxr3297/31809101/logs/userlogs/application_1582946044184_0001/container_1582946044184_0001_01_000006/stdout’
removed ‘/scratch/sxr3297/31809101/logs/userlogs/application_1582946044184_0001/container_1582946044184_0001_01_000006/stderr’
removed directory: ‘/scratch/sxr3297/31809101/logs/userlogs/application_1582946044184_0001/container_1582946044184_0001_01_000006’
removed ‘/scratch/sxr3297/31809101/logs/userlogs/application_1582946044184_0001/container_1582946044184_0001_01_000005/stderr’
removed ‘/scratch/sxr3297/31809101/logs/userlogs/application_1582946044184_0001/container_1582946044184_0001_01_000005/stdout’
removed ‘/scratch/sxr3297/31809101/logs/userlogs/application_1582946044184_0001/container_1582946044184_0001_01_000005/syslog’
removed directory: ‘/scratch/sxr3297/31809101/logs/userlogs/application_1582946044184_0001/container_1582946044184_0001_01_000005’
removed ‘/scratch/sxr3297/31809101/logs/userlogs/application_1582946044184_0001/container_1582946044184_0001_01_000002/stderr’
removed ‘/scratch/sxr3297/31809101/logs/userlogs/application_1582946044184_0001/container_1582946044184_0001_01_000002/stdout’
removed ‘/scratch/sxr3297/31809101/logs/userlogs/application_1582946044184_0001/container_1582946044184_0001_01_000002/syslog’
removed directory: ‘/scratch/sxr3297/31809101/logs/userlogs/application_1582946044184_0001/container_1582946044184_0001_01_000002’
removed ‘/scratch/sxr3297/31809101/logs/userlogs/application_1582946044184_0001/container_1582946044184_0001_01_000007/stderr’
removed ‘/scratch/sxr3297/31809101/logs/userlogs/application_1582946044184_0001/container_1582946044184_0001_01_000007/stdout’
removed ‘/scratch/sxr3297/31809101/logs/userlogs/application_1582946044184_0001/container_1582946044184_0001_01_000007/syslog’
removed directory: ‘/scratch/sxr3297/31809101/logs/userlogs/application_1582946044184_0001/container_1582946044184_0001_01_000007’
removed ‘/scratch/sxr3297/31809101/logs/userlogs/application_1582946044184_0001/container_1582946044184_0001_01_000003/stderr’
removed ‘/scratch/sxr3297/31809101/logs/userlogs/application_1582946044184_0001/container_1582946044184_0001_01_000003/syslog’
removed ‘/scratch/sxr3297/31809101/logs/userlogs/application_1582946044184_0001/container_1582946044184_0001_01_000003/stdout’
removed directory: ‘/scratch/sxr3297/31809101/logs/userlogs/application_1582946044184_0001/container_1582946044184_0001_01_000003’
removed ‘/scratch/sxr3297/31809101/logs/userlogs/application_1582946044184_0001/container_1582946044184_0001_01_000004/syslog’
removed ‘/scratch/sxr3297/31809101/logs/userlogs/application_1582946044184_0001/container_1582946044184_0001_01_000004/stdout’
removed ‘/scratch/sxr3297/31809101/logs/userlogs/application_1582946044184_0001/container_1582946044184_0001_01_000004/stderr’
removed directory: ‘/scratch/sxr3297/31809101/logs/userlogs/application_1582946044184_0001/container_1582946044184_0001_01_000004’
removed directory: ‘/scratch/sxr3297/31809101/logs/userlogs/application_1582946044184_0001’
removed ‘/scratch/sxr3297/31809101/logs/userlogs/application_1582946044184_0002/container_1582946044184_0002_01_000006/stdout’
removed ‘/scratch/sxr3297/31809101/logs/userlogs/application_1582946044184_0002/container_1582946044184_0002_01_000006/syslog’
removed ‘/scratch/sxr3297/31809101/logs/userlogs/application_1582946044184_0002/container_1582946044184_0002_01_000006/stderr’
removed directory: ‘/scratch/sxr3297/31809101/logs/userlogs/application_1582946044184_0002/container_1582946044184_0002_01_000006’
removed ‘/scratch/sxr3297/31809101/logs/userlogs/application_1582946044184_0002/container_1582946044184_0002_01_000008/syslog’
removed ‘/scratch/sxr3297/31809101/logs/userlogs/application_1582946044184_0002/container_1582946044184_0002_01_000008/stdout’
removed ‘/scratch/sxr3297/31809101/logs/userlogs/application_1582946044184_0002/container_1582946044184_0002_01_000008/stderr’
removed directory: ‘/scratch/sxr3297/31809101/logs/userlogs/application_1582946044184_0002/container_1582946044184_0002_01_000008’
removed ‘/scratch/sxr3297/31809101/logs/userlogs/application_1582946044184_0002/container_1582946044184_0002_01_000011/syslog’
removed ‘/scratch/sxr3297/31809101/logs/userlogs/application_1582946044184_0002/container_1582946044184_0002_01_000011/stdout’
removed ‘/scratch/sxr3297/31809101/logs/userlogs/application_1582946044184_0002/container_1582946044184_0002_01_000011/stderr’
removed directory: ‘/scratch/sxr3297/31809101/logs/userlogs/application_1582946044184_0002/container_1582946044184_0002_01_000011’
removed ‘/scratch/sxr3297/31809101/logs/userlogs/application_1582946044184_0002/container_1582946044184_0002_01_000005/stderr’
removed ‘/scratch/sxr3297/31809101/logs/userlogs/application_1582946044184_0002/container_1582946044184_0002_01_000005/syslog’
removed ‘/scratch/sxr3297/31809101/logs/userlogs/application_1582946044184_0002/container_1582946044184_0002_01_000005/stdout’
removed directory: ‘/scratch/sxr3297/31809101/logs/userlogs/application_1582946044184_0002/container_1582946044184_0002_01_000005’
removed ‘/scratch/sxr3297/31809101/logs/userlogs/application_1582946044184_0002/container_1582946044184_0002_01_000013/stderr’
removed ‘/scratch/sxr3297/31809101/logs/userlogs/application_1582946044184_0002/container_1582946044184_0002_01_000013/stdout’
removed ‘/scratch/sxr3297/31809101/logs/userlogs/application_1582946044184_0002/container_1582946044184_0002_01_000013/syslog’
removed directory: ‘/scratch/sxr3297/31809101/logs/userlogs/application_1582946044184_0002/container_1582946044184_0002_01_000013’
removed directory: ‘/scratch/sxr3297/31809101/logs/userlogs/application_1582946044184_0002’
removed directory: ‘/scratch/sxr3297/31809101/logs/userlogs’
removed ‘/scratch/sxr3297/31809101/logs/yarn-sxr3297-nodemanager-comet-25-03.sdsc.edu.out’
removed directory: ‘/scratch/sxr3297/31809101/logs’
removed directory: ‘/scratch/sxr3297/31809101/mapred_scratch/filecache’
removed directory: ‘/scratch/sxr3297/31809101/mapred_scratch/nmPrivate’
removed directory: ‘/scratch/sxr3297/31809101/mapred_scratch/usercache/sxr3297/filecache’
removed directory: ‘/scratch/sxr3297/31809101/mapred_scratch/usercache/sxr3297/appcache’
removed directory: ‘/scratch/sxr3297/31809101/mapred_scratch/usercache/sxr3297’
removed directory: ‘/scratch/sxr3297/31809101/mapred_scratch/usercache’
removed directory: ‘/scratch/sxr3297/31809101/mapred_scratch’
removed ‘/scratch/sxr3297/31809101/hdfs_data/current/BP-999849662-198.202.117.155-1582946026300/current/dfsUsed’
removed directory: ‘/scratch/sxr3297/31809101/hdfs_data/current/BP-999849662-198.202.117.155-1582946026300/current/rbw’
removed ‘/scratch/sxr3297/31809101/hdfs_data/current/BP-999849662-198.202.117.155-1582946026300/current/VERSION’
removed ‘/scratch/sxr3297/31809101/hdfs_data/current/BP-999849662-198.202.117.155-1582946026300/current/finalized/subdir0/subdir0/blk_1073741827’
removed ‘/scratch/sxr3297/31809101/hdfs_data/current/BP-999849662-198.202.117.155-1582946026300/current/finalized/subdir0/subdir0/blk_1073741834_1010.meta’
removed ‘/scratch/sxr3297/31809101/hdfs_data/current/BP-999849662-198.202.117.155-1582946026300/current/finalized/subdir0/subdir0/blk_1073741826_1002.meta’
removed ‘/scratch/sxr3297/31809101/hdfs_data/current/BP-999849662-198.202.117.155-1582946026300/current/finalized/subdir0/subdir0/blk_1073741834’
removed ‘/scratch/sxr3297/31809101/hdfs_data/current/BP-999849662-198.202.117.155-1582946026300/current/finalized/subdir0/subdir0/blk_1073741844’
removed ‘/scratch/sxr3297/31809101/hdfs_data/current/BP-999849662-198.202.117.155-1582946026300/current/finalized/subdir0/subdir0/blk_1073741845_1021.meta’
removed ‘/scratch/sxr3297/31809101/hdfs_data/current/BP-999849662-198.202.117.155-1582946026300/current/finalized/subdir0/subdir0/blk_1073741837’
removed ‘/scratch/sxr3297/31809101/hdfs_data/current/BP-999849662-198.202.117.155-1582946026300/current/finalized/subdir0/subdir0/blk_1073741844_1020.meta’
removed ‘/scratch/sxr3297/31809101/hdfs_data/current/BP-999849662-198.202.117.155-1582946026300/current/finalized/subdir0/subdir0/blk_1073741835_1011.meta’
removed ‘/scratch/sxr3297/31809101/hdfs_data/current/BP-999849662-198.202.117.155-1582946026300/current/finalized/subdir0/subdir0/blk_1073741827_1003.meta’
removed ‘/scratch/sxr3297/31809101/hdfs_data/current/BP-999849662-198.202.117.155-1582946026300/current/finalized/subdir0/subdir0/blk_1073741846_1022.meta’
removed ‘/scratch/sxr3297/31809101/hdfs_data/current/BP-999849662-198.202.117.155-1582946026300/current/finalized/subdir0/subdir0/blk_1073741845’
removed ‘/scratch/sxr3297/31809101/hdfs_data/current/BP-999849662-198.202.117.155-1582946026300/current/finalized/subdir0/subdir0/blk_1073741825_1001.meta’
removed ‘/scratch/sxr3297/31809101/hdfs_data/current/BP-999849662-198.202.117.155-1582946026300/current/finalized/subdir0/subdir0/blk_1073741835’
removed ‘/scratch/sxr3297/31809101/hdfs_data/current/BP-999849662-198.202.117.155-1582946026300/current/finalized/subdir0/subdir0/blk_1073741837_1013.meta’
removed ‘/scratch/sxr3297/31809101/hdfs_data/current/BP-999849662-198.202.117.155-1582946026300/current/finalized/subdir0/subdir0/blk_1073741826’
removed ‘/scratch/sxr3297/31809101/hdfs_data/current/BP-999849662-198.202.117.155-1582946026300/current/finalized/subdir0/subdir0/blk_1073741846’
removed ‘/scratch/sxr3297/31809101/hdfs_data/current/BP-999849662-198.202.117.155-1582946026300/current/finalized/subdir0/subdir0/blk_1073741836_1012.meta’
removed ‘/scratch/sxr3297/31809101/hdfs_data/current/BP-999849662-198.202.117.155-1582946026300/current/finalized/subdir0/subdir0/blk_1073741836’
removed ‘/scratch/sxr3297/31809101/hdfs_data/current/BP-999849662-198.202.117.155-1582946026300/current/finalized/subdir0/subdir0/blk_1073741825’
removed directory: ‘/scratch/sxr3297/31809101/hdfs_data/current/BP-999849662-198.202.117.155-1582946026300/current/finalized/subdir0/subdir0’
removed directory: ‘/scratch/sxr3297/31809101/hdfs_data/current/BP-999849662-198.202.117.155-1582946026300/current/finalized/subdir0’
removed directory: ‘/scratch/sxr3297/31809101/hdfs_data/current/BP-999849662-198.202.117.155-1582946026300/current/finalized’
removed directory: ‘/scratch/sxr3297/31809101/hdfs_data/current/BP-999849662-198.202.117.155-1582946026300/current’
removed ‘/scratch/sxr3297/31809101/hdfs_data/current/BP-999849662-198.202.117.155-1582946026300/dncp_block_verification.log.prev’
removed directory: ‘/scratch/sxr3297/31809101/hdfs_data/current/BP-999849662-198.202.117.155-1582946026300/tmp’
removed ‘/scratch/sxr3297/31809101/hdfs_data/current/BP-999849662-198.202.117.155-1582946026300/dncp_block_verification.log.curr’
removed directory: ‘/scratch/sxr3297/31809101/hdfs_data/current/BP-999849662-198.202.117.155-1582946026300’
removed ‘/scratch/sxr3297/31809101/hdfs_data/current/VERSION’
removed directory: ‘/scratch/sxr3297/31809101/hdfs_data/current’
removed directory: ‘/scratch/sxr3297/31809101/hdfs_data’
removed directory: ‘/scratch/sxr3297/31809101/pids’
removed ‘/scratch/sxr3297/31809101/logs/yarn-sxr3297-nodemanager-comet-25-06.sdsc.edu.out’
removed ‘/scratch/sxr3297/31809101/logs/userlogs/application_1582946044184_0002/container_1582946044184_0002_01_000002/stderr’
removed ‘/scratch/sxr3297/31809101/logs/userlogs/application_1582946044184_0002/container_1582946044184_0002_01_000002/syslog’
removed ‘/scratch/sxr3297/31809101/logs/userlogs/application_1582946044184_0002/container_1582946044184_0002_01_000002/stdout’
removed directory: ‘/scratch/sxr3297/31809101/logs/userlogs/application_1582946044184_0002/container_1582946044184_0002_01_000002’
removed ‘/scratch/sxr3297/31809101/logs/userlogs/application_1582946044184_0002/container_1582946044184_0002_01_000012/stdout’
removed ‘/scratch/sxr3297/31809101/logs/userlogs/application_1582946044184_0002/container_1582946044184_0002_01_000012/syslog’
removed ‘/scratch/sxr3297/31809101/logs/userlogs/application_1582946044184_0002/container_1582946044184_0002_01_000012/stderr’
removed directory: ‘/scratch/sxr3297/31809101/logs/userlogs/application_1582946044184_0002/container_1582946044184_0002_01_000012’
removed ‘/scratch/sxr3297/31809101/logs/userlogs/application_1582946044184_0002/container_1582946044184_0002_01_000001/stdout’
removed ‘/scratch/sxr3297/31809101/logs/userlogs/application_1582946044184_0002/container_1582946044184_0002_01_000001/syslog’
removed ‘/scratch/sxr3297/31809101/logs/userlogs/application_1582946044184_0002/container_1582946044184_0002_01_000001/stderr’
removed directory: ‘/scratch/sxr3297/31809101/logs/userlogs/application_1582946044184_0002/container_1582946044184_0002_01_000001’
removed ‘/scratch/sxr3297/31809101/logs/userlogs/application_1582946044184_0002/container_1582946044184_0002_01_000003/stderr’
removed ‘/scratch/sxr3297/31809101/logs/userlogs/application_1582946044184_0002/container_1582946044184_0002_01_000003/stdout’
removed ‘/scratch/sxr3297/31809101/logs/userlogs/application_1582946044184_0002/container_1582946044184_0002_01_000003/syslog’
removed directory: ‘/scratch/sxr3297/31809101/logs/userlogs/application_1582946044184_0002/container_1582946044184_0002_01_000003’
removed ‘/scratch/sxr3297/31809101/logs/userlogs/application_1582946044184_0002/container_1582946044184_0002_01_000010/stdout’
removed ‘/scratch/sxr3297/31809101/logs/userlogs/application_1582946044184_0002/container_1582946044184_0002_01_000010/syslog’
removed ‘/scratch/sxr3297/31809101/logs/userlogs/application_1582946044184_0002/container_1582946044184_0002_01_000010/stderr’
removed directory: ‘/scratch/sxr3297/31809101/logs/userlogs/application_1582946044184_0002/container_1582946044184_0002_01_000010’
removed ‘/scratch/sxr3297/31809101/logs/userlogs/application_1582946044184_0002/container_1582946044184_0002_01_000004/stderr’
removed ‘/scratch/sxr3297/31809101/logs/userlogs/application_1582946044184_0002/container_1582946044184_0002_01_000004/syslog’
removed ‘/scratch/sxr3297/31809101/logs/userlogs/application_1582946044184_0002/container_1582946044184_0002_01_000004/stdout’
removed directory: ‘/scratch/sxr3297/31809101/logs/userlogs/application_1582946044184_0002/container_1582946044184_0002_01_000004’
removed ‘/scratch/sxr3297/31809101/logs/userlogs/application_1582946044184_0002/container_1582946044184_0002_01_000007/stderr’
removed ‘/scratch/sxr3297/31809101/logs/userlogs/application_1582946044184_0002/container_1582946044184_0002_01_000007/stdout’
removed ‘/scratch/sxr3297/31809101/logs/userlogs/application_1582946044184_0002/container_1582946044184_0002_01_000007/syslog’
removed directory: ‘/scratch/sxr3297/31809101/logs/userlogs/application_1582946044184_0002/container_1582946044184_0002_01_000007’
removed directory: ‘/scratch/sxr3297/31809101/logs/userlogs/application_1582946044184_0002’
removed ‘/scratch/sxr3297/31809101/logs/userlogs/application_1582946044184_0001/container_1582946044184_0001_01_000001/stderr’
removed ‘/scratch/sxr3297/31809101/logs/userlogs/application_1582946044184_0001/container_1582946044184_0001_01_000001/stdout’
removed ‘/scratch/sxr3297/31809101/logs/userlogs/application_1582946044184_0001/container_1582946044184_0001_01_000001/syslog’
removed directory: ‘/scratch/sxr3297/31809101/logs/userlogs/application_1582946044184_0001/container_1582946044184_0001_01_000001’
removed directory: ‘/scratch/sxr3297/31809101/logs/userlogs/application_1582946044184_0001’
removed directory: ‘/scratch/sxr3297/31809101/logs/userlogs’
removed ‘/scratch/sxr3297/31809101/logs/hadoop-sxr3297-datanode-comet-25-06.sdsc.edu.out’
removed ‘/scratch/sxr3297/31809101/logs/hadoop-sxr3297-datanode-comet-25-06.sdsc.edu.log’
removed ‘/scratch/sxr3297/31809101/logs/SecurityAuth-sxr3297.audit’
removed ‘/scratch/sxr3297/31809101/logs/yarn-sxr3297-nodemanager-comet-25-06.sdsc.edu.log’
removed directory: ‘/scratch/sxr3297/31809101/logs’
removed directory: ‘/tmp/Jetty_0_0_0_0_50075_datanode____hwtdwq/jsp’
removed directory: ‘/tmp/Jetty_0_0_0_0_50075_datanode____hwtdwq/.active’
removed directory: ‘/tmp/Jetty_0_0_0_0_50075_datanode____hwtdwq’
removed directory: ‘/tmp/Jetty_comet.25.03_ibnet_50090_secondary____.qow0n/jsp’
removed directory: ‘/tmp/Jetty_comet.25.03_ibnet_50090_secondary____.qow0n/.active’
removed directory: ‘/tmp/Jetty_comet.25.03_ibnet_50090_secondary____.qow0n’
removed directory: ‘/tmp/Jetty_0_0_0_0_50070_hdfs____w2cu08/jsp’
removed directory: ‘/tmp/Jetty_0_0_0_0_50070_hdfs____w2cu08/.active’
removed directory: ‘/tmp/Jetty_0_0_0_0_50070_hdfs____w2cu08’
